#
# There is insufficient memory for the Java Runtime Environment to continue.
# Native memory allocation (malloc) failed to allocate 32744 bytes for ChunkPool::allocate
# Possible reasons:
#   The system is out of physical RAM or swap space
#   The process is running with CompressedOops enabled, and the Java Heap may be blocking the growth of the native heap
# Possible solutions:
#   Reduce memory load on the system
#   Increase physical memory or swap space
#   Check if swap backing store is full
#   Decrease Java heap size (-Xmx/-Xms)
#   Decrease number of Java threads
#   Decrease Java thread stack sizes (-Xss)
#   Set larger code cache with -XX:ReservedCodeCacheSize=
#   JVM is running with Unscaled Compressed Oops mode in which the Java heap is
#     placed in the first 4GB address space. The Java Heap base address is the
#     maximum limit for the native heap growth. Please use -XX:HeapBaseMinAddress
#     to set the Java Heap base and to place the Java Heap above 4GB virtual address.
# This output file may be truncated or incomplete.
#
#  Out of Memory Error (src/hotspot/share/memory/arena.cpp:81), pid=12840, tid=1344
#
# JRE version: OpenJDK Runtime Environment (11.0.15) (build 11.0.15+0-b2043.56-9505619)
# Java VM: OpenJDK 64-Bit Server VM (11.0.15+0-b2043.56-9505619, mixed mode, tiered, compressed oops, g1 gc, windows-amd64)
# No core dump will be written. Minidumps are not enabled by default on client versions of Windows
#

---------------  S U M M A R Y ------------

Command Line: --add-opens=java.base/java.util=ALL-UNNAMED --add-opens=java.base/java.lang=ALL-UNNAMED --add-opens=java.base/java.lang.invoke=ALL-UNNAMED --add-opens=java.base/java.util=ALL-UNNAMED --add-opens=java.prefs/java.util.prefs=ALL-UNNAMED --add-opens=java.prefs/java.util.prefs=ALL-UNNAMED --add-opens=java.base/java.nio.charset=ALL-UNNAMED --add-opens=java.base/java.net=ALL-UNNAMED --add-opens=java.base/java.util.concurrent.atomic=ALL-UNNAMED -Xmx1536m -Dfile.encoding=x-windows-950 -Duser.country=TW -Duser.language=zh -Duser.variant org.gradle.launcher.daemon.bootstrap.GradleDaemon 7.4

Host: Intel(R) Core(TM) i5-10300H CPU @ 2.50GHz, 8 cores, 15G,  Windows 10 , 64 bit Build 19041 (10.0.19041.2788)
Time: Fri May 26 10:05:43 2023  Windows 10 , 64 bit Build 19041 (10.0.19041.2788) elapsed time: 12.052535 seconds (0d 0h 0m 12s)

---------------  T H R E A D  ---------------

Current thread (0x000001ca6a24e800):  JavaThread "C2 CompilerThread1" daemon [_thread_in_native, id=1344, stack(0x0000009438300000,0x0000009438400000)]


Current CompileTask:
C2:  12052 6955 %     4       org.gradle.internal.instantiation.generator.AbstractClassGenerator::inspectType @ 107 (560 bytes)

Stack: [0x0000009438300000,0x0000009438400000]
Native frames: (J=compiled Java code, j=interpreted, Vv=VM code, C=native code)
V  [jvm.dll+0x64135a]
V  [jvm.dll+0x7d39f9]
V  [jvm.dll+0x7d51b9]
V  [jvm.dll+0x7d58a3]
V  [jvm.dll+0x2691c5]
V  [jvm.dll+0xc1cbf]
V  [jvm.dll+0xc200c]
V  [jvm.dll+0x37c70b]
V  [jvm.dll+0x531d78]
V  [jvm.dll+0x530d60]
V  [jvm.dll+0x53199e]
V  [jvm.dll+0x3424c4]
V  [jvm.dll+0x34186a]
V  [jvm.dll+0x2214bd]
V  [jvm.dll+0x220498]
V  [jvm.dll+0x19e851]
V  [jvm.dll+0x230479]
V  [jvm.dll+0x22e5ef]
V  [jvm.dll+0x794de1]
V  [jvm.dll+0x78dc24]
V  [jvm.dll+0x6400f6]
C  [ucrtbase.dll+0x21bb2]
C  [KERNEL32.DLL+0x17604]
C  [ntdll.dll+0x526a1]


---------------  P R O C E S S  ---------------

Threads class SMR info:
_java_thread_list=0x000001ca6ec20710, length=124, elements={
0x000001ca4c894800, 0x000001ca6629b800, 0x000001ca6629e000, 0x000001ca6631a000,
0x000001ca6631b000, 0x000001ca6631c000, 0x000001ca66325000, 0x000001ca6632b800,
0x000001ca6632e800, 0x000001ca66498000, 0x000001ca67bfc000, 0x000001ca68dac000,
0x000001ca6658b800, 0x000001ca677e0000, 0x000001ca68686000, 0x000001ca682f6800,
0x000001ca682a8000, 0x000001ca67673000, 0x000001ca682a8800, 0x000001ca68c15800,
0x000001ca68af1800, 0x000001ca68aee800, 0x000001ca68af2800, 0x000001ca68af0000,
0x000001ca68af5000, 0x000001ca68af4000, 0x000001ca68af3000, 0x000001ca6a24e800,
0x000001ca68af1000, 0x000001ca68aef000, 0x000001ca674a1800, 0x000001ca674a4000,
0x000001ca674a5000, 0x000001ca67361800, 0x000001ca674a6800, 0x000001ca674aa000,
0x000001ca674ad000, 0x000001ca674ae000, 0x000001ca674af000, 0x000001ca674a9000,
0x000001ca674ab800, 0x000001ca674b0800, 0x000001ca674ac800, 0x000001ca674af800,
0x000001ca674aa800, 0x000001ca6d7bb000, 0x000001ca6d7bc800, 0x000001ca6d7b7000,
0x000001ca6d7bd800, 0x000001ca6d7b8000, 0x000001ca6d7b8800, 0x000001ca6d7bf000,
0x000001ca6d7bc000, 0x000001ca6d7be800, 0x000001ca6d7b9800, 0x000001ca6d7c0000,
0x000001ca6d7ba800, 0x000001ca6d7c5000, 0x000001ca6d7c3800, 0x000001ca6d7c2800,
0x000001ca6d7c5800, 0x000001ca6d7c4000, 0x000001ca6d7c1000, 0x000001ca6d7c1800,
0x000001ca66ae7000, 0x000001ca66ae7800, 0x000001ca66ae8800, 0x000001ca66ae6000,
0x000001ca66ae2800, 0x000001ca66ae3800, 0x000001ca66ae9000, 0x000001ca66aea000,
0x000001ca66ae5000, 0x000001ca66ae4800, 0x000001ca66aee000, 0x000001ca66aef000,
0x000001ca66af0000, 0x000001ca66aec800, 0x000001ca66aeb800, 0x000001ca66af0800,
0x000001ca66aed800, 0x000001ca66aeb000, 0x000001ca66af1800, 0x000001ca697e8800,
0x000001ca697e4800, 0x000001ca697e6000, 0x000001ca697e9800, 0x000001ca697e7000,
0x000001ca697e8000, 0x000001ca697e4000, 0x000001ca697ea800, 0x000001ca697eb000,
0x000001ca697e5800, 0x000001ca697ee800, 0x000001ca697ef000, 0x000001ca697f1800,
0x000001ca697ec800, 0x000001ca697f1000, 0x000001ca697ed800, 0x000001ca697f0000,
0x000001ca697ec000, 0x000001ca697f2800, 0x000001ca6a0dc800, 0x000001ca6a0df000,
0x000001ca6a0d9800, 0x000001ca6a0dd800, 0x000001ca6a0db000, 0x000001ca6a0db800,
0x000001ca6a0de000, 0x000001ca6a0e0000, 0x000001ca6a0da000, 0x000001ca6a0e5800,
0x000001ca6a0e0800, 0x000001ca6a0e1800, 0x000001ca6a0e2000, 0x000001ca6a0e3000,
0x000001ca6a0e8000, 0x000001ca6a0e4000, 0x000001ca6a0e6800, 0x000001ca6a0e7000,
0x000001ca6a0e4800, 0x000001ca66a85800, 0x000001ca66a87000, 0x000001ca66a88000
}

Java Threads: ( => current thread )
  0x000001ca4c894800 JavaThread "main" [_thread_blocked, id=15532, stack(0x0000009435900000,0x0000009435a00000)]
  0x000001ca6629b800 JavaThread "Reference Handler" daemon [_thread_blocked, id=25120, stack(0x0000009436000000,0x0000009436100000)]
  0x000001ca6629e000 JavaThread "Finalizer" daemon [_thread_blocked, id=24216, stack(0x0000009436100000,0x0000009436200000)]
  0x000001ca6631a000 JavaThread "Signal Dispatcher" daemon [_thread_blocked, id=21884, stack(0x0000009436200000,0x0000009436300000)]
  0x000001ca6631b000 JavaThread "Attach Listener" daemon [_thread_blocked, id=20688, stack(0x0000009436300000,0x0000009436400000)]
  0x000001ca6631c000 JavaThread "Service Thread" daemon [_thread_blocked, id=13672, stack(0x0000009436400000,0x0000009436500000)]
  0x000001ca66325000 JavaThread "C2 CompilerThread0" daemon [_thread_in_native, id=16624, stack(0x0000009436500000,0x0000009436600000)]
  0x000001ca6632b800 JavaThread "C1 CompilerThread0" daemon [_thread_in_native, id=19068, stack(0x0000009436600000,0x0000009436700000)]
  0x000001ca6632e800 JavaThread "Sweeper thread" daemon [_thread_blocked, id=10296, stack(0x0000009436700000,0x0000009436800000)]
  0x000001ca66498000 JavaThread "Common-Cleaner" daemon [_thread_blocked, id=11324, stack(0x0000009436800000,0x0000009436900000)]
  0x000001ca67bfc000 JavaThread "Daemon health stats" [_thread_blocked, id=19972, stack(0x0000009437100000,0x0000009437200000)]
  0x000001ca68dac000 JavaThread "Incoming local TCP Connector on port 6693" [_thread_in_native, id=14564, stack(0x0000009436a00000,0x0000009436b00000)]
  0x000001ca6658b800 JavaThread "Daemon periodic checks" [_thread_blocked, id=27592, stack(0x0000009437000000,0x0000009437100000)]
  0x000001ca677e0000 JavaThread "Daemon" [_thread_blocked, id=28400, stack(0x0000009437200000,0x0000009437300000)]
  0x000001ca68686000 JavaThread "Handler for socket connection from /127.0.0.1:6693 to /127.0.0.1:6694" [_thread_in_native, id=12600, stack(0x0000009437300000,0x0000009437400000)]
  0x000001ca682f6800 JavaThread "Cancel handler" [_thread_blocked, id=12428, stack(0x0000009437400000,0x0000009437500000)]
  0x000001ca682a8000 JavaThread "Daemon worker" [_thread_in_Java, id=3900, stack(0x0000009437500000,0x0000009437600000)]
  0x000001ca67673000 JavaThread "Asynchronous log dispatcher for DefaultDaemonConnection: socket connection from /127.0.0.1:6693 to /127.0.0.1:6694" [_thread_blocked, id=6376, stack(0x0000009437600000,0x0000009437700000)]
  0x000001ca682a8800 JavaThread "Stdin handler" [_thread_blocked, id=26116, stack(0x0000009437700000,0x0000009437800000)]
  0x000001ca68c15800 JavaThread "Daemon client event forwarder" [_thread_blocked, id=1004, stack(0x0000009437800000,0x0000009437900000)]
  0x000001ca68af1800 JavaThread "Cache worker for journal cache (C:\Users\User\.gradle\caches\journal-1)" [_thread_blocked, id=24196, stack(0x0000009437a00000,0x0000009437b00000)]
  0x000001ca68aee800 JavaThread "File lock request listener" [_thread_in_native, id=24560, stack(0x0000009437b00000,0x0000009437c00000)]
  0x000001ca68af2800 JavaThread "Cache worker for file hash cache (C:\Users\User\.gradle\caches\7.4\fileHashes)" [_thread_blocked, id=8500, stack(0x0000009437c00000,0x0000009437d00000)]
  0x000001ca68af0000 JavaThread "File watcher server" daemon [_thread_in_native, id=17036, stack(0x0000009437900000,0x0000009437a00000)]
  0x000001ca68af5000 JavaThread "File watcher consumer" daemon [_thread_blocked, id=4628, stack(0x0000009438000000,0x0000009438100000)]
  0x000001ca68af4000 JavaThread "Cache worker for checksums cache (C:\Users\User\Downloads\android-java-cblite-userprofile-sync-main_1\android-java-cblite-userprofile-sync-main\src\.gradle\7.4\checksums)" [_thread_blocked, id=27236, stack(0x0000009438100000,0x0000009438200000)]
  0x000001ca68af3000 JavaThread "Cache worker for cache directory md-rule (C:\Users\User\.gradle\caches\7.4\md-rule)" [_thread_blocked, id=17396, stack(0x0000009438200000,0x0000009438300000)]
=>0x000001ca6a24e800 JavaThread "C2 CompilerThread1" daemon [_thread_in_native, id=1344, stack(0x0000009438300000,0x0000009438400000)]
  0x000001ca68af1000 JavaThread "Cache worker for file hash cache (C:\Users\User\Downloads\android-java-cblite-userprofile-sync-main_1\android-java-cblite-userprofile-sync-main\src\.gradle\7.4\fileHashes)" [_thread_blocked, id=12576, stack(0x0000009438400000,0x0000009438500000)]
  0x000001ca68aef000 JavaThread "Cache worker for cache directory md-supplier (C:\Users\User\.gradle\caches\7.4\md-supplier)" [_thread_blocked, id=26752, stack(0x0000009438500000,0x0000009438600000)]
  0x000001ca674a1800 JavaThread "Cache worker for execution history cache (C:\Users\User\.gradle\caches\7.4\executionHistory)" [_thread_blocked, id=23860, stack(0x0000009438600000,0x0000009438700000)]
  0x000001ca674a4000 JavaThread "jar transforms" [_thread_blocked, id=2800, stack(0x0000009438700000,0x0000009438800000)]
  0x000001ca674a5000 JavaThread "jar transforms Thread 2" [_thread_blocked, id=8896, stack(0x0000009438800000,0x0000009438900000)]
  0x000001ca67361800 JavaThread "C2 CompilerThread2" daemon [_thread_in_native, id=17028, stack(0x0000009438900000,0x0000009438a00000)]
  0x000001ca674a6800 JavaThread "Cache worker for file content cache (C:\Users\User\.gradle\caches\7.4\fileContent)" [_thread_blocked, id=19960, stack(0x0000009438a00000,0x0000009438b00000)]
  0x000001ca674aa000 JavaThread "jar transforms Thread 3" [_thread_blocked, id=16412, stack(0x0000009438b00000,0x0000009438c00000)]
  0x000001ca674ad000 JavaThread "jar transforms Thread 4" [_thread_blocked, id=5888, stack(0x0000009438c00000,0x0000009438d00000)]
  0x000001ca674ae000 JavaThread "Cache worker for dependencies-accessors (C:\Users\User\Downloads\android-java-cblite-userprofile-sync-main_1\android-java-cblite-userprofile-sync-main\src\.gradle\7.4\dependencies-accessors)" [_thread_blocked, id=12860, stack(0x0000009438d00000,0x0000009438e00000)]
  0x000001ca674af000 JavaThread "jar transforms Thread 5" [_thread_blocked, id=23620, stack(0x0000009438e00000,0x0000009438f00000)]
  0x000001ca674a9000 JavaThread "Cache worker for Build Output Cleanup Cache (C:\Users\User\Downloads\android-java-cblite-userprofile-sync-main_1\android-java-cblite-userprofile-sync-main\src\.gradle\buildOutputCleanup)" [_thread_blocked, id=22932, stack(0x0000009438f00000,0x0000009439000000)]
  0x000001ca674ab800 JavaThread "Unconstrained build operations" [_thread_blocked, id=10272, stack(0x0000009439000000,0x0000009439100000)]
  0x000001ca674b0800 JavaThread "Unconstrained build operations Thread 2" [_thread_blocked, id=24324, stack(0x0000009439100000,0x0000009439200000)]
  0x000001ca674ac800 JavaThread "Unconstrained build operations Thread 3" [_thread_blocked, id=7484, stack(0x0000009439200000,0x0000009439300000)]
  0x000001ca674af800 JavaThread "Unconstrained build operations Thread 4" [_thread_blocked, id=14880, stack(0x0000009439300000,0x0000009439400000)]
  0x000001ca674aa800 JavaThread "Unconstrained build operations Thread 5" [_thread_blocked, id=11152, stack(0x0000009439400000,0x0000009439500000)]
  0x000001ca6d7bb000 JavaThread "Unconstrained build operations Thread 6" [_thread_blocked, id=25276, stack(0x0000009439500000,0x0000009439600000)]
  0x000001ca6d7bc800 JavaThread "Unconstrained build operations Thread 7" [_thread_blocked, id=1068, stack(0x0000009439600000,0x0000009439700000)]
  0x000001ca6d7b7000 JavaThread "Unconstrained build operations Thread 8" [_thread_blocked, id=24292, stack(0x0000009439700000,0x0000009439800000)]
  0x000001ca6d7bd800 JavaThread "Unconstrained build operations Thread 9" [_thread_blocked, id=14836, stack(0x0000009439800000,0x0000009439900000)]
  0x000001ca6d7b8000 JavaThread "Unconstrained build operations Thread 10" [_thread_blocked, id=26512, stack(0x0000009439900000,0x0000009439a00000)]
  0x000001ca6d7b8800 JavaThread "Unconstrained build operations Thread 11" [_thread_blocked, id=5916, stack(0x0000009439a00000,0x0000009439b00000)]
  0x000001ca6d7bf000 JavaThread "Unconstrained build operations Thread 12" [_thread_blocked, id=27516, stack(0x0000009439b00000,0x0000009439c00000)]
  0x000001ca6d7bc000 JavaThread "Unconstrained build operations Thread 13" [_thread_blocked, id=11292, stack(0x0000009439c00000,0x0000009439d00000)]
  0x000001ca6d7be800 JavaThread "Unconstrained build operations Thread 14" [_thread_blocked, id=24952, stack(0x0000009439d00000,0x0000009439e00000)]
  0x000001ca6d7b9800 JavaThread "Unconstrained build operations Thread 15" [_thread_blocked, id=14600, stack(0x0000009439e00000,0x0000009439f00000)]
  0x000001ca6d7c0000 JavaThread "Unconstrained build operations Thread 16" [_thread_blocked, id=10448, stack(0x0000009439f00000,0x000000943a000000)]
  0x000001ca6d7ba800 JavaThread "Unconstrained build operations Thread 17" [_thread_blocked, id=27528, stack(0x000000943a000000,0x000000943a100000)]
  0x000001ca6d7c5000 JavaThread "Unconstrained build operations Thread 18" [_thread_blocked, id=24076, stack(0x000000943a100000,0x000000943a200000)]
  0x000001ca6d7c3800 JavaThread "Unconstrained build operations Thread 19" [_thread_blocked, id=6984, stack(0x000000943a200000,0x000000943a300000)]
  0x000001ca6d7c2800 JavaThread "Unconstrained build operations Thread 20" [_thread_blocked, id=23324, stack(0x000000943a300000,0x000000943a400000)]
  0x000001ca6d7c5800 JavaThread "Unconstrained build operations Thread 21" [_thread_blocked, id=4028, stack(0x000000943a400000,0x000000943a500000)]
  0x000001ca6d7c4000 JavaThread "Unconstrained build operations Thread 22" [_thread_blocked, id=3116, stack(0x000000943a500000,0x000000943a600000)]
  0x000001ca6d7c1000 JavaThread "Unconstrained build operations Thread 23" [_thread_blocked, id=17628, stack(0x000000943a600000,0x000000943a700000)]
  0x000001ca6d7c1800 JavaThread "Unconstrained build operations Thread 24" [_thread_blocked, id=17896, stack(0x000000943a700000,0x000000943a800000)]
  0x000001ca66ae7000 JavaThread "Unconstrained build operations Thread 25" [_thread_blocked, id=17348, stack(0x000000943a800000,0x000000943a900000)]
  0x000001ca66ae7800 JavaThread "Unconstrained build operations Thread 26" [_thread_blocked, id=15872, stack(0x000000943a900000,0x000000943aa00000)]
  0x000001ca66ae8800 JavaThread "Unconstrained build operations Thread 27" [_thread_blocked, id=28060, stack(0x000000943aa00000,0x000000943ab00000)]
  0x000001ca66ae6000 JavaThread "Unconstrained build operations Thread 28" [_thread_blocked, id=9040, stack(0x000000943ab00000,0x000000943ac00000)]
  0x000001ca66ae2800 JavaThread "Unconstrained build operations Thread 29" [_thread_blocked, id=25736, stack(0x000000943ac00000,0x000000943ad00000)]
  0x000001ca66ae3800 JavaThread "Unconstrained build operations Thread 30" [_thread_blocked, id=20256, stack(0x000000943ad00000,0x000000943ae00000)]
  0x000001ca66ae9000 JavaThread "Unconstrained build operations Thread 31" [_thread_blocked, id=15600, stack(0x000000943ae00000,0x000000943af00000)]
  0x000001ca66aea000 JavaThread "Unconstrained build operations Thread 32" [_thread_blocked, id=22152, stack(0x000000943af00000,0x000000943b000000)]
  0x000001ca66ae5000 JavaThread "Unconstrained build operations Thread 33" [_thread_blocked, id=23980, stack(0x000000943b000000,0x000000943b100000)]
  0x000001ca66ae4800 JavaThread "Unconstrained build operations Thread 34" [_thread_blocked, id=17468, stack(0x000000943b100000,0x000000943b200000)]
  0x000001ca66aee000 JavaThread "Unconstrained build operations Thread 35" [_thread_blocked, id=2564, stack(0x000000943b200000,0x000000943b300000)]
  0x000001ca66aef000 JavaThread "Unconstrained build operations Thread 36" [_thread_blocked, id=28524, stack(0x000000943b300000,0x000000943b400000)]
  0x000001ca66af0000 JavaThread "Unconstrained build operations Thread 37" [_thread_blocked, id=12236, stack(0x000000943b400000,0x000000943b500000)]
  0x000001ca66aec800 JavaThread "Unconstrained build operations Thread 38" [_thread_blocked, id=24568, stack(0x000000943b500000,0x000000943b600000)]
  0x000001ca66aeb800 JavaThread "Unconstrained build operations Thread 39" [_thread_blocked, id=360, stack(0x000000943b600000,0x000000943b700000)]
  0x000001ca66af0800 JavaThread "Unconstrained build operations Thread 40" [_thread_blocked, id=25756, stack(0x000000943b700000,0x000000943b800000)]
  0x000001ca66aed800 JavaThread "Unconstrained build operations Thread 41" [_thread_blocked, id=1656, stack(0x000000943b800000,0x000000943b900000)]
  0x000001ca66aeb000 JavaThread "Unconstrained build operations Thread 42" [_thread_blocked, id=18048, stack(0x000000943b900000,0x000000943ba00000)]
  0x000001ca66af1800 JavaThread "Unconstrained build operations Thread 43" [_thread_blocked, id=21488, stack(0x000000943ba00000,0x000000943bb00000)]
  0x000001ca697e8800 JavaThread "Unconstrained build operations Thread 44" [_thread_blocked, id=18872, stack(0x000000943bb00000,0x000000943bc00000)]
  0x000001ca697e4800 JavaThread "Unconstrained build operations Thread 45" [_thread_blocked, id=21332, stack(0x000000943bc00000,0x000000943bd00000)]
  0x000001ca697e6000 JavaThread "Unconstrained build operations Thread 46" [_thread_blocked, id=18448, stack(0x000000943bd00000,0x000000943be00000)]
  0x000001ca697e9800 JavaThread "Unconstrained build operations Thread 47" [_thread_blocked, id=22964, stack(0x000000943be00000,0x000000943bf00000)]
  0x000001ca697e7000 JavaThread "Unconstrained build operations Thread 48" [_thread_blocked, id=23060, stack(0x000000943bf00000,0x000000943c000000)]
  0x000001ca697e8000 JavaThread "Unconstrained build operations Thread 49" [_thread_blocked, id=25256, stack(0x000000943c000000,0x000000943c100000)]
  0x000001ca697e4000 JavaThread "Unconstrained build operations Thread 50" [_thread_blocked, id=18240, stack(0x000000943c100000,0x000000943c200000)]
  0x000001ca697ea800 JavaThread "Unconstrained build operations Thread 51" [_thread_blocked, id=27256, stack(0x000000943c200000,0x000000943c300000)]
  0x000001ca697eb000 JavaThread "Unconstrained build operations Thread 52" [_thread_blocked, id=26500, stack(0x000000943c300000,0x000000943c400000)]
  0x000001ca697e5800 JavaThread "Unconstrained build operations Thread 53" [_thread_blocked, id=27888, stack(0x000000943c400000,0x000000943c500000)]
  0x000001ca697ee800 JavaThread "Unconstrained build operations Thread 54" [_thread_blocked, id=11920, stack(0x000000943c500000,0x000000943c600000)]
  0x000001ca697ef000 JavaThread "Unconstrained build operations Thread 55" [_thread_blocked, id=28280, stack(0x000000943c600000,0x000000943c700000)]
  0x000001ca697f1800 JavaThread "Unconstrained build operations Thread 56" [_thread_blocked, id=7404, stack(0x000000943c700000,0x000000943c800000)]
  0x000001ca697ec800 JavaThread "Unconstrained build operations Thread 57" [_thread_blocked, id=352, stack(0x000000943c800000,0x000000943c900000)]
  0x000001ca697f1000 JavaThread "Unconstrained build operations Thread 58" [_thread_blocked, id=24228, stack(0x000000943c900000,0x000000943ca00000)]
  0x000001ca697ed800 JavaThread "Unconstrained build operations Thread 59" [_thread_blocked, id=10952, stack(0x000000943ca00000,0x000000943cb00000)]
  0x000001ca697f0000 JavaThread "Unconstrained build operations Thread 60" [_thread_blocked, id=4000, stack(0x000000943cb00000,0x000000943cc00000)]
  0x000001ca697ec000 JavaThread "Unconstrained build operations Thread 61" [_thread_blocked, id=6360, stack(0x000000943cc00000,0x000000943cd00000)]
  0x000001ca697f2800 JavaThread "Unconstrained build operations Thread 62" [_thread_blocked, id=28048, stack(0x000000943cd00000,0x000000943ce00000)]
  0x000001ca6a0dc800 JavaThread "Unconstrained build operations Thread 63" [_thread_blocked, id=3340, stack(0x000000943ce00000,0x000000943cf00000)]
  0x000001ca6a0df000 JavaThread "Unconstrained build operations Thread 64" [_thread_blocked, id=28276, stack(0x000000943cf00000,0x000000943d000000)]
  0x000001ca6a0d9800 JavaThread "Unconstrained build operations Thread 65" [_thread_blocked, id=2508, stack(0x000000943d000000,0x000000943d100000)]
  0x000001ca6a0dd800 JavaThread "Unconstrained build operations Thread 66" [_thread_blocked, id=28252, stack(0x000000943d100000,0x000000943d200000)]
  0x000001ca6a0db000 JavaThread "Unconstrained build operations Thread 67" [_thread_blocked, id=28264, stack(0x000000943d200000,0x000000943d300000)]
  0x000001ca6a0db800 JavaThread "Unconstrained build operations Thread 68" [_thread_blocked, id=8260, stack(0x000000943d300000,0x000000943d400000)]
  0x000001ca6a0de000 JavaThread "Unconstrained build operations Thread 69" [_thread_blocked, id=18380, stack(0x000000943d400000,0x000000943d500000)]
  0x000001ca6a0e0000 JavaThread "Unconstrained build operations Thread 70" [_thread_blocked, id=24260, stack(0x000000943d500000,0x000000943d600000)]
  0x000001ca6a0da000 JavaThread "Unconstrained build operations Thread 71" [_thread_blocked, id=11648, stack(0x000000943d600000,0x000000943d700000)]
  0x000001ca6a0e5800 JavaThread "Unconstrained build operations Thread 72" [_thread_blocked, id=26136, stack(0x000000943d700000,0x000000943d800000)]
  0x000001ca6a0e0800 JavaThread "Unconstrained build operations Thread 73" [_thread_blocked, id=17640, stack(0x000000943d800000,0x000000943d900000)]
  0x000001ca6a0e1800 JavaThread "Unconstrained build operations Thread 74" [_thread_blocked, id=16684, stack(0x000000943d900000,0x000000943da00000)]
  0x000001ca6a0e2000 JavaThread "Unconstrained build operations Thread 75" [_thread_blocked, id=15092, stack(0x000000943da00000,0x000000943db00000)]
  0x000001ca6a0e3000 JavaThread "Unconstrained build operations Thread 76" [_thread_blocked, id=6872, stack(0x000000943db00000,0x000000943dc00000)]
  0x000001ca6a0e8000 JavaThread "Unconstrained build operations Thread 77" [_thread_blocked, id=28584, stack(0x000000943dc00000,0x000000943dd00000)]
  0x000001ca6a0e4000 JavaThread "Unconstrained build operations Thread 78" [_thread_blocked, id=25224, stack(0x000000943dd00000,0x000000943de00000)]
  0x000001ca6a0e6800 JavaThread "Unconstrained build operations Thread 79" [_thread_blocked, id=1316, stack(0x000000943de00000,0x000000943df00000)]
  0x000001ca6a0e7000 JavaThread "Unconstrained build operations Thread 80" [_thread_blocked, id=14124, stack(0x000000943df00000,0x000000943e000000)]
  0x000001ca6a0e4800 JavaThread "jar transforms Thread 6" [_thread_blocked, id=26644, stack(0x000000943e000000,0x000000943e100000)]
  0x000001ca66a85800 JavaThread "jar transforms Thread 7" [_thread_blocked, id=17456, stack(0x000000943e100000,0x000000943e200000)]
  0x000001ca66a87000 JavaThread "jar transforms Thread 8" [_thread_blocked, id=16728, stack(0x000000943e200000,0x000000943e300000)]
  0x000001ca66a88000 JavaThread "Memory manager" [_thread_blocked, id=25484, stack(0x000000943e300000,0x000000943e400000)]

Other Threads:
  0x000001ca66277800 VMThread "VM Thread" [stack: 0x0000009435f00000,0x0000009436000000] [id=2128]
  0x000001ca664af000 WatcherThread [stack: 0x0000009436900000,0x0000009436a00000] [id=11216]
  0x000001ca4c8ad000 GCTaskThread "GC Thread#0" [stack: 0x0000009435a00000,0x0000009435b00000] [id=17320]
  0x000001ca671c8800 GCTaskThread "GC Thread#1" [stack: 0x0000009436b00000,0x0000009436c00000] [id=28480]
  0x000001ca675d7000 GCTaskThread "GC Thread#2" [stack: 0x0000009436c00000,0x0000009436d00000] [id=13136]
  0x000001ca671f3800 GCTaskThread "GC Thread#3" [stack: 0x0000009436d00000,0x0000009436e00000] [id=27944]
  0x000001ca675af000 GCTaskThread "GC Thread#4" [stack: 0x0000009436e00000,0x0000009436f00000] [id=9796]
  0x000001ca675b0000 GCTaskThread "GC Thread#5" [stack: 0x0000009436f00000,0x0000009437000000] [id=6736]
  0x000001ca68158000 GCTaskThread "GC Thread#6" [stack: 0x0000009437d00000,0x0000009437e00000] [id=17340]
  0x000001ca68677000 GCTaskThread "GC Thread#7" [stack: 0x0000009437e00000,0x0000009437f00000] [id=5196]
  0x000001ca4c8d6800 ConcurrentGCThread "G1 Main Marker" [stack: 0x0000009435b00000,0x0000009435c00000] [id=24044]
  0x000001ca4c8d7800 ConcurrentGCThread "G1 Conc#0" [stack: 0x0000009435c00000,0x0000009435d00000] [id=17216]
  0x000001ca68feb800 ConcurrentGCThread "G1 Conc#1" [stack: 0x0000009437f00000,0x0000009438000000] [id=1724]
  0x000001ca4c96e800 ConcurrentGCThread "G1 Refine#0" [stack: 0x0000009435d00000,0x0000009435e00000] [id=10860]
  0x000001ca658e4800 ConcurrentGCThread "G1 Young RemSet Sampling" [stack: 0x0000009435e00000,0x0000009435f00000] [id=19092]

Threads with active compile tasks:
C2 CompilerThread0    12071 6971       4       com.sun.beans.TypeResolver::resolve (37 bytes)
C1 CompilerThread0    12071 7277       3       org.gradle.model.internal.asm.AsmClassGenerator::<init> (88 bytes)
C2 CompilerThread1    12071 6955 %     4       org.gradle.internal.instantiation.generator.AbstractClassGenerator::inspectType @ 107 (560 bytes)
C2 CompilerThread2    12071 7129       4       org.gradle.internal.reflect.ClassInspector::inspectClass (179 bytes)

VM state:not at safepoint (normal execution)

VM Mutex/Monitor currently owned by a thread: None

Heap address: 0x00000000a0000000, size: 1536 MB, Compressed Oops mode: 32-bit
Narrow klass base: 0x0000000000000000, Narrow klass shift: 3
Compressed class space size: 1073741824 Address: 0x0000000100000000

Heap:
 garbage-first heap   total 260096K, used 161184K [0x00000000a0000000, 0x0000000100000000)
  region size 1024K, 117 young (119808K), 11 survivors (11264K)
 Metaspace       used 74595K, capacity 76442K, committed 76592K, reserved 1116160K
  class space    used 9637K, capacity 10321K, committed 10368K, reserved 1048576K
Heap Regions: E=young(eden), S=young(survivor), O=old, HS=humongous(starts), HC=humongous(continues), CS=collection set, F=free, A=archive, TAMS=top-at-mark-start (previous, next)
|   0|0x00000000a0000000, 0x00000000a0100000, 0x00000000a0100000|100%| O|  |TAMS 0x00000000a0100000, 0x00000000a0000000| Untracked 
|   1|0x00000000a0100000, 0x00000000a0200000, 0x00000000a0200000|100%| O|  |TAMS 0x00000000a0200000, 0x00000000a0100000| Untracked 
|   2|0x00000000a0200000, 0x00000000a0300000, 0x00000000a0300000|100%| O|  |TAMS 0x00000000a0300000, 0x00000000a0200000| Untracked 
|   3|0x00000000a0300000, 0x00000000a0400000, 0x00000000a0400000|100%|HS|  |TAMS 0x00000000a0400000, 0x00000000a0300000| Complete 
|   4|0x00000000a0400000, 0x00000000a0500000, 0x00000000a0500000|100%|HC|  |TAMS 0x00000000a0500000, 0x00000000a0400000| Complete 
|   5|0x00000000a0500000, 0x00000000a0600000, 0x00000000a0600000|100%|HC|  |TAMS 0x00000000a0600000, 0x00000000a0500000| Complete 
|   6|0x00000000a0600000, 0x00000000a0700000, 0x00000000a0700000|100%| O|  |TAMS 0x00000000a0700000, 0x00000000a0600000| Untracked 
|   7|0x00000000a0700000, 0x00000000a0800000, 0x00000000a0800000|100%| O|  |TAMS 0x00000000a0800000, 0x00000000a0700000| Untracked 
|   8|0x00000000a0800000, 0x00000000a0900000, 0x00000000a0900000|100%| O|  |TAMS 0x00000000a0900000, 0x00000000a0800000| Untracked 
|   9|0x00000000a0900000, 0x00000000a0a00000, 0x00000000a0a00000|100%| O|  |TAMS 0x00000000a0a00000, 0x00000000a0900000| Untracked 
|  10|0x00000000a0a00000, 0x00000000a0b00000, 0x00000000a0b00000|100%| O|  |TAMS 0x00000000a0b00000, 0x00000000a0a00000| Untracked 
|  11|0x00000000a0b00000, 0x00000000a0c00000, 0x00000000a0c00000|100%| O|  |TAMS 0x00000000a0c00000, 0x00000000a0b00000| Untracked 
|  12|0x00000000a0c00000, 0x00000000a0d00000, 0x00000000a0d00000|100%| O|  |TAMS 0x00000000a0d00000, 0x00000000a0c00000| Untracked 
|  13|0x00000000a0d00000, 0x00000000a0e00000, 0x00000000a0e00000|100%| O|  |TAMS 0x00000000a0e00000, 0x00000000a0d00000| Untracked 
|  14|0x00000000a0e00000, 0x00000000a0f00000, 0x00000000a0f00000|100%| O|  |TAMS 0x00000000a0f00000, 0x00000000a0e00000| Untracked 
|  15|0x00000000a0f00000, 0x00000000a1000000, 0x00000000a1000000|100%| O|  |TAMS 0x00000000a1000000, 0x00000000a0f00000| Untracked 
|  16|0x00000000a1000000, 0x00000000a1100000, 0x00000000a1100000|100%| O|  |TAMS 0x00000000a1067600, 0x00000000a1000000| Untracked 
|  17|0x00000000a1100000, 0x00000000a1200000, 0x00000000a1200000|100%|HS|  |TAMS 0x00000000a1100000, 0x00000000a1100000| Complete 
|  18|0x00000000a1200000, 0x00000000a1300000, 0x00000000a1300000|100%|HS|  |TAMS 0x00000000a1200000, 0x00000000a1200000| Complete 
|  19|0x00000000a1300000, 0x00000000a1300000, 0x00000000a1400000|  0%| F|  |TAMS 0x00000000a1300000, 0x00000000a1300000| Untracked 
|  20|0x00000000a1400000, 0x00000000a1500000, 0x00000000a1500000|100%|HS|  |TAMS 0x00000000a1400000, 0x00000000a1400000| Complete 
|  21|0x00000000a1500000, 0x00000000a1600000, 0x00000000a1600000|100%|HC|  |TAMS 0x00000000a1500000, 0x00000000a1500000| Complete 
|  22|0x00000000a1600000, 0x00000000a1700000, 0x00000000a1700000|100%| O|  |TAMS 0x00000000a1600000, 0x00000000a1600000| Untracked 
|  23|0x00000000a1700000, 0x00000000a1800000, 0x00000000a1800000|100%| O|  |TAMS 0x00000000a1700000, 0x00000000a1700000| Untracked 
|  24|0x00000000a1800000, 0x00000000a1900000, 0x00000000a1900000|100%| O|  |TAMS 0x00000000a1800000, 0x00000000a1800000| Untracked 
|  25|0x00000000a1900000, 0x00000000a1a00000, 0x00000000a1a00000|100%| O|  |TAMS 0x00000000a1900000, 0x00000000a1900000| Untracked 
|  26|0x00000000a1a00000, 0x00000000a1b00000, 0x00000000a1b00000|100%| O|  |TAMS 0x00000000a1a00000, 0x00000000a1a00000| Untracked 
|  27|0x00000000a1b00000, 0x00000000a1b00000, 0x00000000a1c00000|  0%| F|  |TAMS 0x00000000a1b00000, 0x00000000a1b00000| Untracked 
|  28|0x00000000a1c00000, 0x00000000a1c00000, 0x00000000a1d00000|  0%| F|  |TAMS 0x00000000a1c00000, 0x00000000a1c00000| Untracked 
|  29|0x00000000a1d00000, 0x00000000a1d00000, 0x00000000a1e00000|  0%| F|  |TAMS 0x00000000a1d00000, 0x00000000a1d00000| Untracked 
|  30|0x00000000a1e00000, 0x00000000a1e00000, 0x00000000a1f00000|  0%| F|  |TAMS 0x00000000a1e00000, 0x00000000a1e00000| Untracked 
|  31|0x00000000a1f00000, 0x00000000a1f00000, 0x00000000a2000000|  0%| F|  |TAMS 0x00000000a1f00000, 0x00000000a1f00000| Untracked 
|  32|0x00000000a2000000, 0x00000000a2000000, 0x00000000a2100000|  0%| F|  |TAMS 0x00000000a2000000, 0x00000000a2000000| Untracked 
|  33|0x00000000a2100000, 0x00000000a2100000, 0x00000000a2200000|  0%| F|  |TAMS 0x00000000a2100000, 0x00000000a2100000| Untracked 
|  34|0x00000000a2200000, 0x00000000a2300000, 0x00000000a2300000|100%| O|  |TAMS 0x00000000a2200000, 0x00000000a2200000| Untracked 
|  35|0x00000000a2300000, 0x00000000a2400000, 0x00000000a2400000|100%| O|  |TAMS 0x00000000a2300000, 0x00000000a2300000| Untracked 
|  36|0x00000000a2400000, 0x00000000a2500000, 0x00000000a2500000|100%| O|  |TAMS 0x00000000a2400000, 0x00000000a2400000| Untracked 
|  37|0x00000000a2500000, 0x00000000a2600000, 0x00000000a2600000|100%| O|  |TAMS 0x00000000a2500000, 0x00000000a2500000| Untracked 
|  38|0x00000000a2600000, 0x00000000a2700000, 0x00000000a2700000|100%| O|  |TAMS 0x00000000a2600000, 0x00000000a2600000| Untracked 
|  39|0x00000000a2700000, 0x00000000a2800000, 0x00000000a2800000|100%| O|  |TAMS 0x00000000a2700000, 0x00000000a2700000| Untracked 
|  40|0x00000000a2800000, 0x00000000a2900000, 0x00000000a2900000|100%| O|  |TAMS 0x00000000a2800000, 0x00000000a2800000| Untracked 
|  41|0x00000000a2900000, 0x00000000a2a00000, 0x00000000a2a00000|100%| O|  |TAMS 0x00000000a2900000, 0x00000000a2900000| Untracked 
|  42|0x00000000a2a00000, 0x00000000a2b00000, 0x00000000a2b00000|100%| O|  |TAMS 0x00000000a2a00000, 0x00000000a2a00000| Untracked 
|  43|0x00000000a2b00000, 0x00000000a2c00000, 0x00000000a2c00000|100%| O|  |TAMS 0x00000000a2b00000, 0x00000000a2b00000| Untracked 
|  44|0x00000000a2c00000, 0x00000000a2d00000, 0x00000000a2d00000|100%| O|  |TAMS 0x00000000a2c00000, 0x00000000a2c00000| Untracked 
|  45|0x00000000a2d00000, 0x00000000a2e00000, 0x00000000a2e00000|100%| O|  |TAMS 0x00000000a2d00000, 0x00000000a2d00000| Untracked 
|  46|0x00000000a2e00000, 0x00000000a2f00000, 0x00000000a2f00000|100%| O|  |TAMS 0x00000000a2e00000, 0x00000000a2e00000| Untracked 
|  47|0x00000000a2f00000, 0x00000000a3000000, 0x00000000a3000000|100%| O|  |TAMS 0x00000000a2f00000, 0x00000000a2f00000| Untracked 
|  48|0x00000000a3000000, 0x00000000a3100000, 0x00000000a3100000|100%| O|  |TAMS 0x00000000a3000000, 0x00000000a3000000| Untracked 
|  49|0x00000000a3100000, 0x00000000a3200000, 0x00000000a3200000|100%| O|  |TAMS 0x00000000a3100000, 0x00000000a3100000| Untracked 
|  50|0x00000000a3200000, 0x00000000a3217400, 0x00000000a3300000|  9%| O|  |TAMS 0x00000000a3200000, 0x00000000a3200000| Untracked 
|  51|0x00000000a3300000, 0x00000000a3300000, 0x00000000a3400000|  0%| F|  |TAMS 0x00000000a3300000, 0x00000000a3300000| Untracked 
|  52|0x00000000a3400000, 0x00000000a3400000, 0x00000000a3500000|  0%| F|  |TAMS 0x00000000a3400000, 0x00000000a3400000| Untracked 
|  53|0x00000000a3500000, 0x00000000a3500000, 0x00000000a3600000|  0%| F|  |TAMS 0x00000000a3500000, 0x00000000a3500000| Untracked 
|  54|0x00000000a3600000, 0x00000000a3600000, 0x00000000a3700000|  0%| F|  |TAMS 0x00000000a3600000, 0x00000000a3600000| Untracked 
|  55|0x00000000a3700000, 0x00000000a3700000, 0x00000000a3800000|  0%| F|  |TAMS 0x00000000a3700000, 0x00000000a3700000| Untracked 
|  56|0x00000000a3800000, 0x00000000a3800000, 0x00000000a3900000|  0%| F|  |TAMS 0x00000000a3800000, 0x00000000a3800000| Untracked 
|  57|0x00000000a3900000, 0x00000000a3900000, 0x00000000a3a00000|  0%| F|  |TAMS 0x00000000a3900000, 0x00000000a3900000| Untracked 
|  58|0x00000000a3a00000, 0x00000000a3a00000, 0x00000000a3b00000|  0%| F|  |TAMS 0x00000000a3a00000, 0x00000000a3a00000| Untracked 
|  59|0x00000000a3b00000, 0x00000000a3b00000, 0x00000000a3c00000|  0%| F|  |TAMS 0x00000000a3b00000, 0x00000000a3b00000| Untracked 
|  60|0x00000000a3c00000, 0x00000000a3c00000, 0x00000000a3d00000|  0%| F|  |TAMS 0x00000000a3c00000, 0x00000000a3c00000| Untracked 
|  61|0x00000000a3d00000, 0x00000000a3d00000, 0x00000000a3e00000|  0%| F|  |TAMS 0x00000000a3d00000, 0x00000000a3d00000| Untracked 
|  62|0x00000000a3e00000, 0x00000000a3e00000, 0x00000000a3f00000|  0%| F|  |TAMS 0x00000000a3e00000, 0x00000000a3e00000| Untracked 
|  63|0x00000000a3f00000, 0x00000000a3f00000, 0x00000000a4000000|  0%| F|  |TAMS 0x00000000a3f00000, 0x00000000a3f00000| Untracked 
|  64|0x00000000a4000000, 0x00000000a4000000, 0x00000000a4100000|  0%| F|  |TAMS 0x00000000a4000000, 0x00000000a4000000| Untracked 
|  65|0x00000000a4100000, 0x00000000a4100000, 0x00000000a4200000|  0%| F|  |TAMS 0x00000000a4100000, 0x00000000a4100000| Untracked 
|  66|0x00000000a4200000, 0x00000000a4200000, 0x00000000a4300000|  0%| F|  |TAMS 0x00000000a4200000, 0x00000000a4200000| Untracked 
|  67|0x00000000a4300000, 0x00000000a4300000, 0x00000000a4400000|  0%| F|  |TAMS 0x00000000a4300000, 0x00000000a4300000| Untracked 
|  68|0x00000000a4400000, 0x00000000a4400000, 0x00000000a4500000|  0%| F|  |TAMS 0x00000000a4400000, 0x00000000a4400000| Untracked 
|  69|0x00000000a4500000, 0x00000000a4500000, 0x00000000a4600000|  0%| F|  |TAMS 0x00000000a4500000, 0x00000000a4500000| Untracked 
|  70|0x00000000a4600000, 0x00000000a4600000, 0x00000000a4700000|  0%| F|  |TAMS 0x00000000a4600000, 0x00000000a4600000| Untracked 
|  71|0x00000000a4700000, 0x00000000a4700000, 0x00000000a4800000|  0%| F|  |TAMS 0x00000000a4700000, 0x00000000a4700000| Untracked 
|  72|0x00000000a4800000, 0x00000000a4800000, 0x00000000a4900000|  0%| F|  |TAMS 0x00000000a4800000, 0x00000000a4800000| Untracked 
|  73|0x00000000a4900000, 0x00000000a4900000, 0x00000000a4a00000|  0%| F|  |TAMS 0x00000000a4900000, 0x00000000a4900000| Untracked 
|  74|0x00000000a4a00000, 0x00000000a4a00000, 0x00000000a4b00000|  0%| F|  |TAMS 0x00000000a4a00000, 0x00000000a4a00000| Untracked 
|  75|0x00000000a4b00000, 0x00000000a4b00000, 0x00000000a4c00000|  0%| F|  |TAMS 0x00000000a4b00000, 0x00000000a4b00000| Untracked 
|  76|0x00000000a4c00000, 0x00000000a4c00000, 0x00000000a4d00000|  0%| F|  |TAMS 0x00000000a4c00000, 0x00000000a4c00000| Untracked 
|  77|0x00000000a4d00000, 0x00000000a4d00000, 0x00000000a4e00000|  0%| F|  |TAMS 0x00000000a4d00000, 0x00000000a4d00000| Untracked 
|  78|0x00000000a4e00000, 0x00000000a4e00000, 0x00000000a4f00000|  0%| F|  |TAMS 0x00000000a4e00000, 0x00000000a4e00000| Untracked 
|  79|0x00000000a4f00000, 0x00000000a4f00000, 0x00000000a5000000|  0%| F|  |TAMS 0x00000000a4f00000, 0x00000000a4f00000| Untracked 
|  80|0x00000000a5000000, 0x00000000a5000000, 0x00000000a5100000|  0%| F|  |TAMS 0x00000000a5000000, 0x00000000a5000000| Untracked 
|  81|0x00000000a5100000, 0x00000000a5100000, 0x00000000a5200000|  0%| F|  |TAMS 0x00000000a5100000, 0x00000000a5100000| Untracked 
|  82|0x00000000a5200000, 0x00000000a5200000, 0x00000000a5300000|  0%| F|  |TAMS 0x00000000a5200000, 0x00000000a5200000| Untracked 
|  83|0x00000000a5300000, 0x00000000a5300000, 0x00000000a5400000|  0%| F|  |TAMS 0x00000000a5300000, 0x00000000a5300000| Untracked 
|  84|0x00000000a5400000, 0x00000000a5400000, 0x00000000a5500000|  0%| F|  |TAMS 0x00000000a5400000, 0x00000000a5400000| Untracked 
|  85|0x00000000a5500000, 0x00000000a5500000, 0x00000000a5600000|  0%| F|  |TAMS 0x00000000a5500000, 0x00000000a5500000| Untracked 
|  86|0x00000000a5600000, 0x00000000a5600000, 0x00000000a5700000|  0%| F|  |TAMS 0x00000000a5600000, 0x00000000a5600000| Untracked 
|  87|0x00000000a5700000, 0x00000000a5700000, 0x00000000a5800000|  0%| F|  |TAMS 0x00000000a5700000, 0x00000000a5700000| Untracked 
|  88|0x00000000a5800000, 0x00000000a5800000, 0x00000000a5900000|  0%| F|  |TAMS 0x00000000a5800000, 0x00000000a5800000| Untracked 
|  89|0x00000000a5900000, 0x00000000a5900000, 0x00000000a5a00000|  0%| F|  |TAMS 0x00000000a5900000, 0x00000000a5900000| Untracked 
|  90|0x00000000a5a00000, 0x00000000a5a00000, 0x00000000a5b00000|  0%| F|  |TAMS 0x00000000a5a00000, 0x00000000a5a00000| Untracked 
|  91|0x00000000a5b00000, 0x00000000a5b50f68, 0x00000000a5c00000| 31%| S|CS|TAMS 0x00000000a5b00000, 0x00000000a5b00000| Complete 
|  92|0x00000000a5c00000, 0x00000000a5d00000, 0x00000000a5d00000|100%| S|CS|TAMS 0x00000000a5c00000, 0x00000000a5c00000| Complete 
|  93|0x00000000a5d00000, 0x00000000a5e00000, 0x00000000a5e00000|100%| S|CS|TAMS 0x00000000a5d00000, 0x00000000a5d00000| Complete 
|  94|0x00000000a5e00000, 0x00000000a5e00000, 0x00000000a5f00000|  0%| F|  |TAMS 0x00000000a5e00000, 0x00000000a5e00000| Untracked 
|  95|0x00000000a5f00000, 0x00000000a5f00000, 0x00000000a6000000|  0%| F|  |TAMS 0x00000000a5f00000, 0x00000000a5f00000| Untracked 
|  96|0x00000000a6000000, 0x00000000a6000000, 0x00000000a6100000|  0%| F|  |TAMS 0x00000000a6000000, 0x00000000a6000000| Untracked 
|  97|0x00000000a6100000, 0x00000000a6100000, 0x00000000a6200000|  0%| F|  |TAMS 0x00000000a6100000, 0x00000000a6100000| Untracked 
|  98|0x00000000a6200000, 0x00000000a6200000, 0x00000000a6300000|  0%| F|  |TAMS 0x00000000a6200000, 0x00000000a6200000| Untracked 
|  99|0x00000000a6300000, 0x00000000a6300000, 0x00000000a6400000|  0%| F|  |TAMS 0x00000000a6300000, 0x00000000a6300000| Untracked 
| 100|0x00000000a6400000, 0x00000000a6400000, 0x00000000a6500000|  0%| F|  |TAMS 0x00000000a6400000, 0x00000000a6400000| Untracked 
| 101|0x00000000a6500000, 0x00000000a6500000, 0x00000000a6600000|  0%| F|  |TAMS 0x00000000a6500000, 0x00000000a6500000| Untracked 
| 102|0x00000000a6600000, 0x00000000a6600000, 0x00000000a6700000|  0%| F|  |TAMS 0x00000000a6600000, 0x00000000a6600000| Untracked 
| 103|0x00000000a6700000, 0x00000000a6700000, 0x00000000a6800000|  0%| F|  |TAMS 0x00000000a6700000, 0x00000000a6700000| Untracked 
| 104|0x00000000a6800000, 0x00000000a6800000, 0x00000000a6900000|  0%| F|  |TAMS 0x00000000a6800000, 0x00000000a6800000| Untracked 
| 105|0x00000000a6900000, 0x00000000a6900000, 0x00000000a6a00000|  0%| F|  |TAMS 0x00000000a6900000, 0x00000000a6900000| Untracked 
| 106|0x00000000a6a00000, 0x00000000a6a00000, 0x00000000a6b00000|  0%| F|  |TAMS 0x00000000a6a00000, 0x00000000a6a00000| Untracked 
| 107|0x00000000a6b00000, 0x00000000a6b00000, 0x00000000a6c00000|  0%| F|  |TAMS 0x00000000a6b00000, 0x00000000a6b00000| Untracked 
| 108|0x00000000a6c00000, 0x00000000a6c00000, 0x00000000a6d00000|  0%| F|  |TAMS 0x00000000a6c00000, 0x00000000a6c00000| Untracked 
| 109|0x00000000a6d00000, 0x00000000a6d00000, 0x00000000a6e00000|  0%| F|  |TAMS 0x00000000a6d00000, 0x00000000a6d00000| Untracked 
| 110|0x00000000a6e00000, 0x00000000a6e00000, 0x00000000a6f00000|  0%| F|  |TAMS 0x00000000a6e00000, 0x00000000a6e00000| Untracked 
| 111|0x00000000a6f00000, 0x00000000a6f00000, 0x00000000a7000000|  0%| F|  |TAMS 0x00000000a6f00000, 0x00000000a6f00000| Untracked 
| 112|0x00000000a7000000, 0x00000000a7100000, 0x00000000a7100000|100%| S|CS|TAMS 0x00000000a7000000, 0x00000000a7000000| Complete 
| 113|0x00000000a7100000, 0x00000000a7200000, 0x00000000a7200000|100%| S|CS|TAMS 0x00000000a7100000, 0x00000000a7100000| Complete 
| 114|0x00000000a7200000, 0x00000000a7300000, 0x00000000a7300000|100%| S|CS|TAMS 0x00000000a7200000, 0x00000000a7200000| Complete 
| 115|0x00000000a7300000, 0x00000000a7400000, 0x00000000a7400000|100%| S|CS|TAMS 0x00000000a7300000, 0x00000000a7300000| Complete 
| 116|0x00000000a7400000, 0x00000000a7500000, 0x00000000a7500000|100%| S|CS|TAMS 0x00000000a7400000, 0x00000000a7400000| Complete 
| 117|0x00000000a7500000, 0x00000000a7600000, 0x00000000a7600000|100%| S|CS|TAMS 0x00000000a7500000, 0x00000000a7500000| Complete 
| 118|0x00000000a7600000, 0x00000000a7700000, 0x00000000a7700000|100%| S|CS|TAMS 0x00000000a7600000, 0x00000000a7600000| Complete 
| 119|0x00000000a7700000, 0x00000000a7800000, 0x00000000a7800000|100%| S|CS|TAMS 0x00000000a7700000, 0x00000000a7700000| Complete 
| 120|0x00000000a7800000, 0x00000000a7800000, 0x00000000a7900000|  0%| F|  |TAMS 0x00000000a7800000, 0x00000000a7800000| Untracked 
| 121|0x00000000a7900000, 0x00000000a7900000, 0x00000000a7a00000|  0%| F|  |TAMS 0x00000000a7900000, 0x00000000a7900000| Untracked 
| 122|0x00000000a7a00000, 0x00000000a7a00000, 0x00000000a7b00000|  0%| F|  |TAMS 0x00000000a7a00000, 0x00000000a7a00000| Untracked 
| 123|0x00000000a7b00000, 0x00000000a7b00000, 0x00000000a7c00000|  0%| F|  |TAMS 0x00000000a7b00000, 0x00000000a7b00000| Untracked 
| 124|0x00000000a7c00000, 0x00000000a7c00000, 0x00000000a7d00000|  0%| F|  |TAMS 0x00000000a7c00000, 0x00000000a7c00000| Untracked 
| 125|0x00000000a7d00000, 0x00000000a7d00000, 0x00000000a7e00000|  0%| F|  |TAMS 0x00000000a7d00000, 0x00000000a7d00000| Untracked 
| 126|0x00000000a7e00000, 0x00000000a7e00000, 0x00000000a7f00000|  0%| F|  |TAMS 0x00000000a7e00000, 0x00000000a7e00000| Untracked 
| 127|0x00000000a7f00000, 0x00000000a7f00000, 0x00000000a8000000|  0%| F|  |TAMS 0x00000000a7f00000, 0x00000000a7f00000| Untracked 
| 128|0x00000000a8000000, 0x00000000a8000000, 0x00000000a8100000|  0%| F|  |TAMS 0x00000000a8000000, 0x00000000a8000000| Untracked 
| 129|0x00000000a8100000, 0x00000000a8100000, 0x00000000a8200000|  0%| F|  |TAMS 0x00000000a8100000, 0x00000000a8100000| Untracked 
| 130|0x00000000a8200000, 0x00000000a8200000, 0x00000000a8300000|  0%| F|  |TAMS 0x00000000a8200000, 0x00000000a8200000| Untracked 
| 131|0x00000000a8300000, 0x00000000a8300000, 0x00000000a8400000|  0%| F|  |TAMS 0x00000000a8300000, 0x00000000a8300000| Untracked 
| 132|0x00000000a8400000, 0x00000000a8400000, 0x00000000a8500000|  0%| F|  |TAMS 0x00000000a8400000, 0x00000000a8400000| Untracked 
| 133|0x00000000a8500000, 0x00000000a8500000, 0x00000000a8600000|  0%| F|  |TAMS 0x00000000a8500000, 0x00000000a8500000| Untracked 
| 134|0x00000000a8600000, 0x00000000a8600000, 0x00000000a8700000|  0%| F|  |TAMS 0x00000000a8600000, 0x00000000a8600000| Untracked 
| 135|0x00000000a8700000, 0x00000000a8700000, 0x00000000a8800000|  0%| F|  |TAMS 0x00000000a8700000, 0x00000000a8700000| Untracked 
| 136|0x00000000a8800000, 0x00000000a8800000, 0x00000000a8900000|  0%| F|  |TAMS 0x00000000a8800000, 0x00000000a8800000| Untracked 
| 137|0x00000000a8900000, 0x00000000a8900000, 0x00000000a8a00000|  0%| F|  |TAMS 0x00000000a8900000, 0x00000000a8900000| Untracked 
| 138|0x00000000a8a00000, 0x00000000a8a00000, 0x00000000a8b00000|  0%| F|  |TAMS 0x00000000a8a00000, 0x00000000a8a00000| Untracked 
| 139|0x00000000a8b00000, 0x00000000a8b00000, 0x00000000a8c00000|  0%| F|  |TAMS 0x00000000a8b00000, 0x00000000a8b00000| Untracked 
| 140|0x00000000a8c00000, 0x00000000a8c00000, 0x00000000a8d00000|  0%| F|  |TAMS 0x00000000a8c00000, 0x00000000a8c00000| Untracked 
| 141|0x00000000a8d00000, 0x00000000a8d00000, 0x00000000a8e00000|  0%| F|  |TAMS 0x00000000a8d00000, 0x00000000a8d00000| Untracked 
| 142|0x00000000a8e00000, 0x00000000a8e00000, 0x00000000a8f00000|  0%| F|  |TAMS 0x00000000a8e00000, 0x00000000a8e00000| Untracked 
| 143|0x00000000a8f00000, 0x00000000a8f00000, 0x00000000a9000000|  0%| F|  |TAMS 0x00000000a8f00000, 0x00000000a8f00000| Untracked 
| 144|0x00000000a9000000, 0x00000000a9000000, 0x00000000a9100000|  0%| F|  |TAMS 0x00000000a9000000, 0x00000000a9000000| Untracked 
| 145|0x00000000a9100000, 0x00000000a9100000, 0x00000000a9200000|  0%| F|  |TAMS 0x00000000a9100000, 0x00000000a9100000| Untracked 
| 146|0x00000000a9200000, 0x00000000a9200000, 0x00000000a9300000|  0%| F|  |TAMS 0x00000000a9200000, 0x00000000a9200000| Untracked 
| 147|0x00000000a9300000, 0x00000000a9300000, 0x00000000a9400000|  0%| F|  |TAMS 0x00000000a9300000, 0x00000000a9300000| Untracked 
| 148|0x00000000a9400000, 0x00000000a9500000, 0x00000000a9500000|100%| E|  |TAMS 0x00000000a9400000, 0x00000000a9400000| Complete 
| 149|0x00000000a9500000, 0x00000000a9600000, 0x00000000a9600000|100%| E|CS|TAMS 0x00000000a9500000, 0x00000000a9500000| Complete 
| 150|0x00000000a9600000, 0x00000000a9700000, 0x00000000a9700000|100%| E|CS|TAMS 0x00000000a9600000, 0x00000000a9600000| Complete 
| 151|0x00000000a9700000, 0x00000000a9800000, 0x00000000a9800000|100%| E|CS|TAMS 0x00000000a9700000, 0x00000000a9700000| Complete 
| 152|0x00000000a9800000, 0x00000000a9900000, 0x00000000a9900000|100%| E|CS|TAMS 0x00000000a9800000, 0x00000000a9800000| Complete 
| 153|0x00000000a9900000, 0x00000000a9a00000, 0x00000000a9a00000|100%| E|CS|TAMS 0x00000000a9900000, 0x00000000a9900000| Complete 
| 154|0x00000000a9a00000, 0x00000000a9b00000, 0x00000000a9b00000|100%| E|CS|TAMS 0x00000000a9a00000, 0x00000000a9a00000| Complete 
| 155|0x00000000a9b00000, 0x00000000a9c00000, 0x00000000a9c00000|100%| E|CS|TAMS 0x00000000a9b00000, 0x00000000a9b00000| Complete 
| 156|0x00000000a9c00000, 0x00000000a9d00000, 0x00000000a9d00000|100%| E|CS|TAMS 0x00000000a9c00000, 0x00000000a9c00000| Complete 
| 157|0x00000000a9d00000, 0x00000000a9e00000, 0x00000000a9e00000|100%| E|CS|TAMS 0x00000000a9d00000, 0x00000000a9d00000| Complete 
| 158|0x00000000a9e00000, 0x00000000a9f00000, 0x00000000a9f00000|100%| E|CS|TAMS 0x00000000a9e00000, 0x00000000a9e00000| Complete 
| 159|0x00000000a9f00000, 0x00000000aa000000, 0x00000000aa000000|100%| E|CS|TAMS 0x00000000a9f00000, 0x00000000a9f00000| Complete 
| 160|0x00000000aa000000, 0x00000000aa100000, 0x00000000aa100000|100%| E|CS|TAMS 0x00000000aa000000, 0x00000000aa000000| Complete 
| 161|0x00000000aa100000, 0x00000000aa200000, 0x00000000aa200000|100%| E|CS|TAMS 0x00000000aa100000, 0x00000000aa100000| Complete 
| 162|0x00000000aa200000, 0x00000000aa300000, 0x00000000aa300000|100%| E|CS|TAMS 0x00000000aa200000, 0x00000000aa200000| Complete 
| 163|0x00000000aa300000, 0x00000000aa400000, 0x00000000aa400000|100%| E|CS|TAMS 0x00000000aa300000, 0x00000000aa300000| Complete 
| 164|0x00000000aa400000, 0x00000000aa500000, 0x00000000aa500000|100%| E|CS|TAMS 0x00000000aa400000, 0x00000000aa400000| Complete 
| 165|0x00000000aa500000, 0x00000000aa600000, 0x00000000aa600000|100%| E|CS|TAMS 0x00000000aa500000, 0x00000000aa500000| Complete 
| 166|0x00000000aa600000, 0x00000000aa700000, 0x00000000aa700000|100%| E|CS|TAMS 0x00000000aa600000, 0x00000000aa600000| Complete 
| 167|0x00000000aa700000, 0x00000000aa800000, 0x00000000aa800000|100%| E|CS|TAMS 0x00000000aa700000, 0x00000000aa700000| Complete 
| 168|0x00000000aa800000, 0x00000000aa900000, 0x00000000aa900000|100%| E|CS|TAMS 0x00000000aa800000, 0x00000000aa800000| Complete 
| 169|0x00000000aa900000, 0x00000000aaa00000, 0x00000000aaa00000|100%| E|CS|TAMS 0x00000000aa900000, 0x00000000aa900000| Complete 
| 170|0x00000000aaa00000, 0x00000000aab00000, 0x00000000aab00000|100%| E|CS|TAMS 0x00000000aaa00000, 0x00000000aaa00000| Complete 
| 171|0x00000000aab00000, 0x00000000aac00000, 0x00000000aac00000|100%| E|CS|TAMS 0x00000000aab00000, 0x00000000aab00000| Complete 
| 172|0x00000000aac00000, 0x00000000aad00000, 0x00000000aad00000|100%| E|CS|TAMS 0x00000000aac00000, 0x00000000aac00000| Complete 
| 173|0x00000000aad00000, 0x00000000aae00000, 0x00000000aae00000|100%| E|CS|TAMS 0x00000000aad00000, 0x00000000aad00000| Complete 
| 174|0x00000000aae00000, 0x00000000aaf00000, 0x00000000aaf00000|100%| E|CS|TAMS 0x00000000aae00000, 0x00000000aae00000| Complete 
| 175|0x00000000aaf00000, 0x00000000ab000000, 0x00000000ab000000|100%| E|CS|TAMS 0x00000000aaf00000, 0x00000000aaf00000| Complete 
| 176|0x00000000ab000000, 0x00000000ab100000, 0x00000000ab100000|100%| E|CS|TAMS 0x00000000ab000000, 0x00000000ab000000| Complete 
| 177|0x00000000ab100000, 0x00000000ab200000, 0x00000000ab200000|100%| E|CS|TAMS 0x00000000ab100000, 0x00000000ab100000| Complete 
| 178|0x00000000ab200000, 0x00000000ab300000, 0x00000000ab300000|100%| E|CS|TAMS 0x00000000ab200000, 0x00000000ab200000| Complete 
| 179|0x00000000ab300000, 0x00000000ab400000, 0x00000000ab400000|100%| E|CS|TAMS 0x00000000ab300000, 0x00000000ab300000| Complete 
| 180|0x00000000ab400000, 0x00000000ab500000, 0x00000000ab500000|100%| E|CS|TAMS 0x00000000ab400000, 0x00000000ab400000| Complete 
| 181|0x00000000ab500000, 0x00000000ab600000, 0x00000000ab600000|100%| E|CS|TAMS 0x00000000ab500000, 0x00000000ab500000| Complete 
| 182|0x00000000ab600000, 0x00000000ab700000, 0x00000000ab700000|100%| E|CS|TAMS 0x00000000ab600000, 0x00000000ab600000| Complete 
| 183|0x00000000ab700000, 0x00000000ab800000, 0x00000000ab800000|100%| E|CS|TAMS 0x00000000ab700000, 0x00000000ab700000| Complete 
| 184|0x00000000ab800000, 0x00000000ab900000, 0x00000000ab900000|100%| E|CS|TAMS 0x00000000ab800000, 0x00000000ab800000| Complete 
| 185|0x00000000ab900000, 0x00000000aba00000, 0x00000000aba00000|100%| E|CS|TAMS 0x00000000ab900000, 0x00000000ab900000| Complete 
| 186|0x00000000aba00000, 0x00000000abb00000, 0x00000000abb00000|100%| E|CS|TAMS 0x00000000aba00000, 0x00000000aba00000| Complete 
| 187|0x00000000abb00000, 0x00000000abc00000, 0x00000000abc00000|100%| E|CS|TAMS 0x00000000abb00000, 0x00000000abb00000| Complete 
| 188|0x00000000abc00000, 0x00000000abd00000, 0x00000000abd00000|100%| E|CS|TAMS 0x00000000abc00000, 0x00000000abc00000| Complete 
| 189|0x00000000abd00000, 0x00000000abe00000, 0x00000000abe00000|100%| E|CS|TAMS 0x00000000abd00000, 0x00000000abd00000| Complete 
| 190|0x00000000abe00000, 0x00000000abf00000, 0x00000000abf00000|100%| E|CS|TAMS 0x00000000abe00000, 0x00000000abe00000| Complete 
| 191|0x00000000abf00000, 0x00000000ac000000, 0x00000000ac000000|100%| E|CS|TAMS 0x00000000abf00000, 0x00000000abf00000| Complete 
| 192|0x00000000ac000000, 0x00000000ac100000, 0x00000000ac100000|100%| E|CS|TAMS 0x00000000ac000000, 0x00000000ac000000| Complete 
| 193|0x00000000ac100000, 0x00000000ac200000, 0x00000000ac200000|100%| E|CS|TAMS 0x00000000ac100000, 0x00000000ac100000| Complete 
| 194|0x00000000ac200000, 0x00000000ac300000, 0x00000000ac300000|100%| E|CS|TAMS 0x00000000ac200000, 0x00000000ac200000| Complete 
| 195|0x00000000ac300000, 0x00000000ac400000, 0x00000000ac400000|100%| E|CS|TAMS 0x00000000ac300000, 0x00000000ac300000| Complete 
| 196|0x00000000ac400000, 0x00000000ac500000, 0x00000000ac500000|100%| E|CS|TAMS 0x00000000ac400000, 0x00000000ac400000| Complete 
| 197|0x00000000ac500000, 0x00000000ac600000, 0x00000000ac600000|100%| E|CS|TAMS 0x00000000ac500000, 0x00000000ac500000| Complete 
| 198|0x00000000ac600000, 0x00000000ac700000, 0x00000000ac700000|100%| E|CS|TAMS 0x00000000ac600000, 0x00000000ac600000| Complete 
| 199|0x00000000ac700000, 0x00000000ac800000, 0x00000000ac800000|100%| E|CS|TAMS 0x00000000ac700000, 0x00000000ac700000| Complete 
| 200|0x00000000ac800000, 0x00000000ac900000, 0x00000000ac900000|100%| E|CS|TAMS 0x00000000ac800000, 0x00000000ac800000| Complete 
| 201|0x00000000ac900000, 0x00000000aca00000, 0x00000000aca00000|100%| E|CS|TAMS 0x00000000ac900000, 0x00000000ac900000| Complete 
| 202|0x00000000aca00000, 0x00000000acb00000, 0x00000000acb00000|100%| E|CS|TAMS 0x00000000aca00000, 0x00000000aca00000| Complete 
| 203|0x00000000acb00000, 0x00000000acc00000, 0x00000000acc00000|100%| E|CS|TAMS 0x00000000acb00000, 0x00000000acb00000| Complete 
| 204|0x00000000acc00000, 0x00000000acd00000, 0x00000000acd00000|100%| E|CS|TAMS 0x00000000acc00000, 0x00000000acc00000| Complete 
| 205|0x00000000acd00000, 0x00000000ace00000, 0x00000000ace00000|100%| E|CS|TAMS 0x00000000acd00000, 0x00000000acd00000| Complete 
| 206|0x00000000ace00000, 0x00000000acf00000, 0x00000000acf00000|100%| E|CS|TAMS 0x00000000ace00000, 0x00000000ace00000| Complete 
| 207|0x00000000acf00000, 0x00000000ad000000, 0x00000000ad000000|100%| E|CS|TAMS 0x00000000acf00000, 0x00000000acf00000| Complete 
| 208|0x00000000ad000000, 0x00000000ad100000, 0x00000000ad100000|100%| E|CS|TAMS 0x00000000ad000000, 0x00000000ad000000| Complete 
| 209|0x00000000ad100000, 0x00000000ad200000, 0x00000000ad200000|100%| E|CS|TAMS 0x00000000ad100000, 0x00000000ad100000| Complete 
| 210|0x00000000ad200000, 0x00000000ad300000, 0x00000000ad300000|100%| E|CS|TAMS 0x00000000ad200000, 0x00000000ad200000| Complete 
| 211|0x00000000ad300000, 0x00000000ad400000, 0x00000000ad400000|100%| E|CS|TAMS 0x00000000ad300000, 0x00000000ad300000| Complete 
| 212|0x00000000ad400000, 0x00000000ad500000, 0x00000000ad500000|100%| E|CS|TAMS 0x00000000ad400000, 0x00000000ad400000| Complete 
| 213|0x00000000ad500000, 0x00000000ad600000, 0x00000000ad600000|100%| E|CS|TAMS 0x00000000ad500000, 0x00000000ad500000| Complete 
| 214|0x00000000ad600000, 0x00000000ad700000, 0x00000000ad700000|100%| E|CS|TAMS 0x00000000ad600000, 0x00000000ad600000| Complete 
| 215|0x00000000ad700000, 0x00000000ad800000, 0x00000000ad800000|100%| E|CS|TAMS 0x00000000ad700000, 0x00000000ad700000| Complete 
| 216|0x00000000ad800000, 0x00000000ad900000, 0x00000000ad900000|100%| E|CS|TAMS 0x00000000ad800000, 0x00000000ad800000| Complete 
| 217|0x00000000ad900000, 0x00000000ada00000, 0x00000000ada00000|100%| E|CS|TAMS 0x00000000ad900000, 0x00000000ad900000| Complete 
| 218|0x00000000ada00000, 0x00000000adb00000, 0x00000000adb00000|100%| E|CS|TAMS 0x00000000ada00000, 0x00000000ada00000| Complete 
| 219|0x00000000adb00000, 0x00000000adc00000, 0x00000000adc00000|100%| E|CS|TAMS 0x00000000adb00000, 0x00000000adb00000| Complete 
| 220|0x00000000adc00000, 0x00000000add00000, 0x00000000add00000|100%| E|CS|TAMS 0x00000000adc00000, 0x00000000adc00000| Complete 
| 221|0x00000000add00000, 0x00000000ade00000, 0x00000000ade00000|100%| E|CS|TAMS 0x00000000add00000, 0x00000000add00000| Complete 
| 222|0x00000000ade00000, 0x00000000adf00000, 0x00000000adf00000|100%| E|CS|TAMS 0x00000000ade00000, 0x00000000ade00000| Complete 
| 223|0x00000000adf00000, 0x00000000ae000000, 0x00000000ae000000|100%| E|CS|TAMS 0x00000000adf00000, 0x00000000adf00000| Complete 
| 224|0x00000000ae000000, 0x00000000ae100000, 0x00000000ae100000|100%| E|CS|TAMS 0x00000000ae000000, 0x00000000ae000000| Complete 
| 225|0x00000000ae100000, 0x00000000ae200000, 0x00000000ae200000|100%| E|CS|TAMS 0x00000000ae100000, 0x00000000ae100000| Complete 
| 226|0x00000000ae200000, 0x00000000ae300000, 0x00000000ae300000|100%| E|CS|TAMS 0x00000000ae200000, 0x00000000ae200000| Complete 
| 227|0x00000000ae300000, 0x00000000ae400000, 0x00000000ae400000|100%| E|CS|TAMS 0x00000000ae300000, 0x00000000ae300000| Complete 
| 228|0x00000000ae400000, 0x00000000ae500000, 0x00000000ae500000|100%| E|CS|TAMS 0x00000000ae400000, 0x00000000ae400000| Complete 
| 229|0x00000000ae500000, 0x00000000ae600000, 0x00000000ae600000|100%| E|CS|TAMS 0x00000000ae500000, 0x00000000ae500000| Complete 
| 230|0x00000000ae600000, 0x00000000ae700000, 0x00000000ae700000|100%| E|CS|TAMS 0x00000000ae600000, 0x00000000ae600000| Complete 
| 231|0x00000000ae700000, 0x00000000ae800000, 0x00000000ae800000|100%| E|CS|TAMS 0x00000000ae700000, 0x00000000ae700000| Complete 
| 232|0x00000000ae800000, 0x00000000ae900000, 0x00000000ae900000|100%| E|CS|TAMS 0x00000000ae800000, 0x00000000ae800000| Complete 
| 233|0x00000000ae900000, 0x00000000aea00000, 0x00000000aea00000|100%| E|CS|TAMS 0x00000000ae900000, 0x00000000ae900000| Complete 
| 234|0x00000000aea00000, 0x00000000aeb00000, 0x00000000aeb00000|100%| E|CS|TAMS 0x00000000aea00000, 0x00000000aea00000| Complete 
| 235|0x00000000aeb00000, 0x00000000aec00000, 0x00000000aec00000|100%| E|CS|TAMS 0x00000000aeb00000, 0x00000000aeb00000| Complete 
| 236|0x00000000aec00000, 0x00000000aed00000, 0x00000000aed00000|100%| E|CS|TAMS 0x00000000aec00000, 0x00000000aec00000| Complete 
| 237|0x00000000aed00000, 0x00000000aee00000, 0x00000000aee00000|100%| E|CS|TAMS 0x00000000aed00000, 0x00000000aed00000| Complete 
| 238|0x00000000aee00000, 0x00000000aef00000, 0x00000000aef00000|100%| E|CS|TAMS 0x00000000aee00000, 0x00000000aee00000| Complete 
| 239|0x00000000aef00000, 0x00000000af000000, 0x00000000af000000|100%| E|CS|TAMS 0x00000000aef00000, 0x00000000aef00000| Complete 
| 240|0x00000000af000000, 0x00000000af100000, 0x00000000af100000|100%| E|CS|TAMS 0x00000000af000000, 0x00000000af000000| Complete 
| 241|0x00000000af100000, 0x00000000af200000, 0x00000000af200000|100%| E|CS|TAMS 0x00000000af100000, 0x00000000af100000| Complete 
| 242|0x00000000af200000, 0x00000000af300000, 0x00000000af300000|100%| E|CS|TAMS 0x00000000af200000, 0x00000000af200000| Complete 
| 243|0x00000000af300000, 0x00000000af400000, 0x00000000af400000|100%| E|CS|TAMS 0x00000000af300000, 0x00000000af300000| Complete 
| 244|0x00000000af400000, 0x00000000af500000, 0x00000000af500000|100%| E|CS|TAMS 0x00000000af400000, 0x00000000af400000| Complete 
| 245|0x00000000af500000, 0x00000000af600000, 0x00000000af600000|100%| E|CS|TAMS 0x00000000af500000, 0x00000000af500000| Complete 
| 246|0x00000000af600000, 0x00000000af700000, 0x00000000af700000|100%| E|CS|TAMS 0x00000000af600000, 0x00000000af600000| Complete 
| 247|0x00000000af700000, 0x00000000af800000, 0x00000000af800000|100%| E|CS|TAMS 0x00000000af700000, 0x00000000af700000| Complete 
| 248|0x00000000af800000, 0x00000000af900000, 0x00000000af900000|100%| E|CS|TAMS 0x00000000af800000, 0x00000000af800000| Complete 
| 249|0x00000000af900000, 0x00000000afa00000, 0x00000000afa00000|100%| E|CS|TAMS 0x00000000af900000, 0x00000000af900000| Complete 
| 250|0x00000000afa00000, 0x00000000afb00000, 0x00000000afb00000|100%| E|CS|TAMS 0x00000000afa00000, 0x00000000afa00000| Complete 
| 251|0x00000000afb00000, 0x00000000afc00000, 0x00000000afc00000|100%| E|CS|TAMS 0x00000000afb00000, 0x00000000afb00000| Complete 
| 252|0x00000000afc00000, 0x00000000afd00000, 0x00000000afd00000|100%| E|CS|TAMS 0x00000000afc00000, 0x00000000afc00000| Complete 
| 253|0x00000000afd00000, 0x00000000afe00000, 0x00000000afe00000|100%| E|CS|TAMS 0x00000000afd00000, 0x00000000afd00000| Complete 

Card table byte_map: [0x000001ca5f9f0000,0x000001ca5fcf0000] _byte_map_base: 0x000001ca5f4f0000

Marking Bits (Prev, Next): (CMBitMap*) 0x000001ca4c8ce840, (CMBitMap*) 0x000001ca4c8ce808
 Prev Bits: [0x000001ca617f0000, 0x000001ca62ff0000)
 Next Bits: [0x000001ca5fff0000, 0x000001ca617f0000)

Polling page: 0x000001ca4a830000

Metaspace:

Usage:
  Non-class:     64.63 MB capacity,    63.48 MB ( 98%) used,   989.84 KB (  1%) free+waste,   188.44 KB ( <1%) overhead. 
      Class:     10.08 MB capacity,     9.42 MB ( 93%) used,   588.20 KB (  6%) free+waste,    87.31 KB ( <1%) overhead. 
       Both:     74.71 MB capacity,    72.90 MB ( 98%) used,     1.54 MB (  2%) free+waste,   275.75 KB ( <1%) overhead. 

Virtual space:
  Non-class space:       66.00 MB reserved,      64.67 MB ( 98%) committed 
      Class space:        1.00 GB reserved,      10.12 MB ( <1%) committed 
             Both:        1.06 GB reserved,      74.80 MB (  7%) committed 

Chunk freelists:
   Non-Class:  38.00 KB
       Class:  15.00 KB
        Both:  53.00 KB

MaxMetaspaceSize: 17179869184.00 GB
CompressedClassSpaceSize: 1.00 GB
Initial GC threshold: 20.80 MB
Current GC threshold: 75.70 MB
CDS: off

CodeHeap 'non-profiled nmethods': size=120000Kb used=4504Kb max_used=4504Kb free=115495Kb
 bounds [0x000001ca57e90000, 0x000001ca58300000, 0x000001ca5f3c0000]
CodeHeap 'profiled nmethods': size=120000Kb used=15759Kb max_used=15759Kb free=104241Kb
 bounds [0x000001ca50960000, 0x000001ca518d0000, 0x000001ca57e90000]
CodeHeap 'non-nmethods': size=5760Kb used=2354Kb max_used=2386Kb free=3405Kb
 bounds [0x000001ca503c0000, 0x000001ca50630000, 0x000001ca50960000]
 total_blobs=8135 nmethods=7267 adapters=780
 compilation: enabled
              stopped_count=0, restarted_count=0
 full_count=0

Compilation events (20 events):
Event: 12.030 Thread 0x000001ca6632b800 nmethod 7243 0x000001ca5189eb90 code [0x000001ca5189ed60, 0x000001ca5189f018]
Event: 12.030 Thread 0x000001ca6632b800 7244       3       org.gradle.api.internal.artifacts.configurations.DefaultConfiguration_Decorated::isCanBeConsumed (45 bytes)
Event: 12.030 Thread 0x000001ca6632b800 nmethod 7244 0x000001ca5189f110 code [0x000001ca5189f300, 0x000001ca5189f738]
Event: 12.032 Thread 0x000001ca6632b800 7245   !   3       com.sun.proxy.$Proxy34::annotationType (29 bytes)
Event: 12.032 Thread 0x000001ca6632b800 nmethod 7245 0x000001ca5189f890 code [0x000001ca5189fa80, 0x000001ca5189fe58]
Event: 12.045 Thread 0x000001ca6632b800 7247       3       org.objectweb.asm.ClassWriter::<init> (7 bytes)
Event: 12.045 Thread 0x000001ca6632b800 nmethod 7247 0x000001ca518a0010 code [0x000001ca518a01c0, 0x000001ca518a0308]
Event: 12.045 Thread 0x000001ca6632b800 7249       3       org.objectweb.asm.ClassWriter::visit (160 bytes)
Event: 12.046 Thread 0x000001ca6632b800 nmethod 7249 0x000001ca518a0390 code [0x000001ca518a05e0, 0x000001ca518a0e18]
Event: 12.046 Thread 0x000001ca6632b800 7250       3       org.gradle.internal.instantiation.generator.AsmBackedClassGenerator::access$500 (6 bytes)
Event: 12.046 Thread 0x000001ca6632b800 nmethod 7250 0x000001ca518a1290 code [0x000001ca518a1440, 0x000001ca518a1548]
Event: 12.046 Thread 0x000001ca6632b800 7248       3       org.objectweb.asm.ClassWriter::<init> (68 bytes)
Event: 12.047 Thread 0x000001ca6632b800 nmethod 7248 0x000001ca518a1610 code [0x000001ca518a1800, 0x000001ca518a1c88]
Event: 12.048 Thread 0x000001ca6632b800 7251       3       org.gradle.internal.instantiation.generator.AbstractClassGenerator$ManagedPropertiesHandler::<init> (55 bytes)
Event: 12.048 Thread 0x000001ca6632b800 nmethod 7251 0x000001ca518a1e10 code [0x000001ca518a20a0, 0x000001ca518a2d78]
Event: 12.048 Thread 0x000001ca6632b800 7252       3       org.gradle.internal.instantiation.generator.AbstractClassGenerator$DslMixInPropertyType::<init> (40 bytes)
Event: 12.049 Thread 0x000001ca6632b800 nmethod 7252 0x000001ca518a3110 code [0x000001ca518a3360, 0x000001ca518a3e08]
Event: 12.049 Thread 0x000001ca6632b800 7253       3       org.gradle.internal.instantiation.generator.AsmBackedClassGenerator$ClassInspectionVisitorImpl::builder (237 bytes)
Event: 12.051 Thread 0x000001ca6632b800 nmethod 7253 0x000001ca518a4190 code [0x000001ca518a44a0, 0x000001ca518a5638]
Event: 12.051 Thread 0x000001ca6632b800 7255       3       org.gradle.internal.instantiation.generator.AbstractClassGenerator$GeneratedClassImpl::<init> (128 bytes)

GC Heap History (14 events):
Event: 0.815 GC heap before
{Heap before GC invocations=0 (full 0):
 garbage-first heap   total 260096K, used 29696K [0x00000000a0000000, 0x0000000100000000)
  region size 1024K, 24 young (24576K), 0 survivors (0K)
 Metaspace       used 10137K, capacity 10399K, committed 10624K, reserved 1058816K
  class space    used 1035K, capacity 1106K, committed 1152K, reserved 1048576K
}
Event: 0.818 GC heap after
{Heap after GC invocations=1 (full 0):
 garbage-first heap   total 260096K, used 9291K [0x00000000a0000000, 0x0000000100000000)
  region size 1024K, 3 young (3072K), 3 survivors (3072K)
 Metaspace       used 10137K, capacity 10399K, committed 10624K, reserved 1058816K
  class space    used 1035K, capacity 1106K, committed 1152K, reserved 1048576K
}
Event: 2.658 GC heap before
{Heap before GC invocations=1 (full 0):
 garbage-first heap   total 260096K, used 105547K [0x00000000a0000000, 0x0000000100000000)
  region size 1024K, 98 young (100352K), 3 survivors (3072K)
 Metaspace       used 20741K, capacity 21182K, committed 21296K, reserved 1069056K
  class space    used 2518K, capacity 2682K, committed 2688K, reserved 1048576K
}
Event: 2.666 GC heap after
{Heap after GC invocations=2 (full 0):
 garbage-first heap   total 260096K, used 16932K [0x00000000a0000000, 0x0000000100000000)
  region size 1024K, 11 young (11264K), 11 survivors (11264K)
 Metaspace       used 20741K, capacity 21182K, committed 21296K, reserved 1069056K
  class space    used 2518K, capacity 2682K, committed 2688K, reserved 1048576K
}
Event: 7.222 GC heap before
{Heap before GC invocations=3 (full 0):
 garbage-first heap   total 260096K, used 86564K [0x00000000a0000000, 0x0000000100000000)
  region size 1024K, 79 young (80896K), 11 survivors (11264K)
 Metaspace       used 27673K, capacity 28414K, committed 28720K, reserved 1075200K
  class space    used 3590K, capacity 3848K, committed 3968K, reserved 1048576K
}
Event: 7.227 GC heap after
{Heap after GC invocations=4 (full 0):
 garbage-first heap   total 260096K, used 19729K [0x00000000a0000000, 0x0000000100000000)
  region size 1024K, 3 young (3072K), 3 survivors (3072K)
 Metaspace       used 27673K, capacity 28414K, committed 28720K, reserved 1075200K
  class space    used 3590K, capacity 3848K, committed 3968K, reserved 1048576K
}
Event: 7.696 GC heap before
{Heap before GC invocations=4 (full 0):
 garbage-first heap   total 260096K, used 69905K [0x00000000a0000000, 0x0000000100000000)
  region size 1024K, 53 young (54272K), 3 survivors (3072K)
 Metaspace       used 35068K, capacity 35861K, committed 35920K, reserved 1081344K
  class space    used 4510K, capacity 4842K, committed 4864K, reserved 1048576K
}
Event: 7.703 GC heap after
{Heap after GC invocations=5 (full 0):
 garbage-first heap   total 260096K, used 22412K [0x00000000a0000000, 0x0000000100000000)
  region size 1024K, 6 young (6144K), 6 survivors (6144K)
 Metaspace       used 35068K, capacity 35861K, committed 35920K, reserved 1081344K
  class space    used 4510K, capacity 4842K, committed 4864K, reserved 1048576K
}
Event: 8.676 GC heap before
{Heap before GC invocations=6 (full 0):
 garbage-first heap   total 260096K, used 133004K [0x00000000a0000000, 0x0000000100000000)
  region size 1024K, 111 young (113664K), 6 survivors (6144K)
 Metaspace       used 45096K, capacity 46092K, committed 46256K, reserved 1089536K
  class space    used 5676K, capacity 6020K, committed 6144K, reserved 1048576K
}
Event: 8.691 GC heap after
{Heap after GC invocations=7 (full 0):
 garbage-first heap   total 260096K, used 29556K [0x00000000a0000000, 0x0000000100000000)
  region size 1024K, 13 young (13312K), 13 survivors (13312K)
 Metaspace       used 45096K, capacity 46092K, committed 46256K, reserved 1089536K
  class space    used 5676K, capacity 6020K, committed 6144K, reserved 1048576K
}
Event: 9.795 GC heap before
{Heap before GC invocations=8 (full 0):
 garbage-first heap   total 260096K, used 165748K [0x00000000a0000000, 0x0000000100000000)
  region size 1024K, 142 young (145408K), 13 survivors (13312K)
 Metaspace       used 53021K, capacity 54438K, committed 54576K, reserved 1097728K
  class space    used 6684K, capacity 7212K, committed 7296K, reserved 1048576K
}
Event: 9.811 GC heap after
{Heap after GC invocations=9 (full 0):
 garbage-first heap   total 260096K, used 43676K [0x00000000a0000000, 0x0000000100000000)
  region size 1024K, 18 young (18432K), 18 survivors (18432K)
 Metaspace       used 53021K, capacity 54438K, committed 54576K, reserved 1097728K
  class space    used 6684K, capacity 7212K, committed 7296K, reserved 1048576K
}
Event: 11.129 GC heap before
{Heap before GC invocations=9 (full 0):
 garbage-first heap   total 260096K, used 188060K [0x00000000a0000000, 0x0000000100000000)
  region size 1024K, 152 young (155648K), 18 survivors (18432K)
 Metaspace       used 65906K, capacity 67590K, committed 67760K, reserved 1107968K
  class space    used 8319K, capacity 8932K, committed 8960K, reserved 1048576K
}
Event: 11.145 GC heap after
{Heap after GC invocations=10 (full 0):
 garbage-first heap   total 260096K, used 53664K [0x00000000a0000000, 0x0000000100000000)
  region size 1024K, 11 young (11264K), 11 survivors (11264K)
 Metaspace       used 65906K, capacity 67590K, committed 67760K, reserved 1107968K
  class space    used 8319K, capacity 8932K, committed 8960K, reserved 1048576K
}

Deoptimization events (20 events):
Event: 11.870 Thread 0x000001ca682a8000 DEOPT PACKING pc=0x000001ca581692ec sp=0x00000094375f8a40
Event: 11.870 Thread 0x000001ca682a8000 DEOPT UNPACKING pc=0x000001ca5040a1af sp=0x00000094375f8928 mode 2
Event: 11.870 Thread 0x000001ca682a8000 Uncommon trap: trap_request=0xffffff4d fr.pc=0x000001ca5826f5c8 relative=0x0000000000000288
Event: 11.870 Thread 0x000001ca682a8000 Uncommon trap: reason=unstable_if action=reinterpret pc=0x000001ca5826f5c8 method=java.util.HashMap.getNode(ILjava/lang/Object;)Ljava/util/HashMap$Node; @ 84 c2
Event: 11.870 Thread 0x000001ca682a8000 DEOPT PACKING pc=0x000001ca5826f5c8 sp=0x00000094375f89f0
Event: 11.870 Thread 0x000001ca682a8000 DEOPT UNPACKING pc=0x000001ca5040a1af sp=0x00000094375f8910 mode 2
Event: 11.870 Thread 0x000001ca682a8000 Uncommon trap: trap_request=0xffffff4d fr.pc=0x000001ca580c6a64 relative=0x00000000000001a4
Event: 11.870 Thread 0x000001ca682a8000 Uncommon trap: reason=unstable_if action=reinterpret pc=0x000001ca580c6a64 method=java.util.HashMap.getNode(ILjava/lang/Object;)Ljava/util/HashMap$Node; @ 84 c2
Event: 11.870 Thread 0x000001ca682a8000 DEOPT PACKING pc=0x000001ca580c6a64 sp=0x00000094375f8990
Event: 11.870 Thread 0x000001ca682a8000 DEOPT UNPACKING pc=0x000001ca5040a1af sp=0x00000094375f8918 mode 2
Event: 11.968 Thread 0x000001ca682a8000 DEOPT PACKING pc=0x000001ca5153514d sp=0x00000094375f8a90
Event: 11.968 Thread 0x000001ca682a8000 DEOPT UNPACKING pc=0x000001ca5040a95e sp=0x00000094375f8030 mode 0
Event: 12.006 Thread 0x000001ca682a8000 Uncommon trap: trap_request=0xffffff4d fr.pc=0x000001ca58113b50 relative=0x00000000000006d0
Event: 12.006 Thread 0x000001ca682a8000 Uncommon trap: reason=unstable_if action=reinterpret pc=0x000001ca58113b50 method=java.util.HashMap.putVal(ILjava/lang/Object;Ljava/lang/Object;ZZ)Ljava/lang/Object; @ 109 c2
Event: 12.006 Thread 0x000001ca682a8000 DEOPT PACKING pc=0x000001ca58113b50 sp=0x00000094375f7190
Event: 12.006 Thread 0x000001ca682a8000 DEOPT UNPACKING pc=0x000001ca5040a1af sp=0x00000094375f70a8 mode 2
Event: 12.006 Thread 0x000001ca682a8000 Uncommon trap: trap_request=0xffffff4d fr.pc=0x000001ca580c14e8 relative=0x0000000000000668
Event: 12.006 Thread 0x000001ca682a8000 Uncommon trap: reason=unstable_if action=reinterpret pc=0x000001ca580c14e8 method=java.util.HashMap.putVal(ILjava/lang/Object;Ljava/lang/Object;ZZ)Ljava/lang/Object; @ 109 c2
Event: 12.006 Thread 0x000001ca682a8000 DEOPT PACKING pc=0x000001ca580c14e8 sp=0x00000094375f70e0
Event: 12.006 Thread 0x000001ca682a8000 DEOPT UNPACKING pc=0x000001ca5040a1af sp=0x00000094375f7098 mode 2

Classes redefined (0 events):
No events

Internal exceptions (20 events):
Event: 11.220 Thread 0x000001ca682a8000 Exception <a 'java/lang/ClassNotFoundException'{0x00000000aeb5c030}: com/android/build/gradle/internal/CompileOptions$AgpDecorated_DecoratedCustomizer> (0x00000000aeb5c030) thrown at [src/hotspot/share/classfile/systemDictionary.cpp, line 230]
Event: 11.229 Thread 0x000001ca682a8000 Exception <a 'java/lang/ClassNotFoundException'{0x00000000ae936b70}: org/gradle/api/internal/file/collections/DefaultConfigurableFileTreeBeanInfo> (0x00000000ae936b70) thrown at [src/hotspot/share/classfile/systemDictionary.cpp, line 230]
Event: 11.230 Thread 0x000001ca682a8000 Exception <a 'java/lang/ClassNotFoundException'{0x00000000ae96bc20}: org/gradle/api/internal/file/CompositeFileTreeBeanInfo> (0x00000000ae96bc20) thrown at [src/hotspot/share/classfile/systemDictionary.cpp, line 230]
Event: 11.230 Thread 0x000001ca682a8000 Exception <a 'java/lang/ClassNotFoundException'{0x00000000ae9a3450}: org/gradle/api/internal/file/CompositeFileCollectionBeanInfo> (0x00000000ae9a3450) thrown at [src/hotspot/share/classfile/systemDictionary.cpp, line 230]
Event: 11.231 Thread 0x000001ca682a8000 Exception <a 'java/lang/ClassNotFoundException'{0x00000000ae9daa00}: org/gradle/api/internal/file/AbstractFileCollectionBeanInfo> (0x00000000ae9daa00) thrown at [src/hotspot/share/classfile/systemDictionary.cpp, line 230]
Event: 11.231 Thread 0x000001ca682a8000 Exception <a 'java/lang/ClassNotFoundException'{0x00000000ae8125b8}: org/gradle/api/internal/file/AbstractFileCollectionCustomizer> (0x00000000ae8125b8) thrown at [src/hotspot/share/classfile/systemDictionary.cpp, line 230]
Event: 11.232 Thread 0x000001ca682a8000 Exception <a 'java/lang/ClassNotFoundException'{0x00000000ae85bee8}: org/gradle/api/internal/file/CompositeFileCollectionCustomizer> (0x00000000ae85bee8) thrown at [src/hotspot/share/classfile/systemDictionary.cpp, line 230]
Event: 11.233 Thread 0x000001ca682a8000 Exception <a 'java/lang/ClassNotFoundException'{0x00000000ae899898}: org/gradle/api/internal/file/CompositeFileTreeCustomizer> (0x00000000ae899898) thrown at [src/hotspot/share/classfile/systemDictionary.cpp, line 230]
Event: 11.233 Thread 0x000001ca682a8000 Exception <a 'java/lang/ClassNotFoundException'{0x00000000ae8e2e18}: org/gradle/api/internal/file/collections/DefaultConfigurableFileTreeCustomizer> (0x00000000ae8e2e18) thrown at [src/hotspot/share/classfile/systemDictionary.cpp, line 230]
Event: 11.730 Thread 0x000001ca682a8000 Exception <a 'java/lang/ClassNotFoundException'{0x00000000ab884200}: com/android/build/gradle/internal/api/ApkVariantOutputImpl_DecoratedBeanInfo> (0x00000000ab884200) thrown at [src/hotspot/share/classfile/systemDictionary.cpp, line 230]
Event: 11.731 Thread 0x000001ca682a8000 Exception <a 'java/lang/ClassNotFoundException'{0x00000000ab8a0968}: com/android/build/gradle/internal/api/ApkVariantOutputImplBeanInfo> (0x00000000ab8a0968) thrown at [src/hotspot/share/classfile/systemDictionary.cpp, line 230]
Event: 11.731 Thread 0x000001ca682a8000 Exception <a 'java/lang/ClassNotFoundException'{0x00000000ab8bd8c8}: com/android/build/gradle/internal/api/BaseVariantOutputImplBeanInfo> (0x00000000ab8bd8c8) thrown at [src/hotspot/share/classfile/systemDictionary.cpp, line 230]
Event: 11.731 Thread 0x000001ca682a8000 Exception <a 'java/lang/ClassNotFoundException'{0x00000000ab8da8b0}: com/android/build/gradle/internal/api/BaseVariantOutputImplCustomizer> (0x00000000ab8da8b0) thrown at [src/hotspot/share/classfile/systemDictionary.cpp, line 230]
Event: 11.732 Thread 0x000001ca682a8000 Exception <a 'java/lang/ClassNotFoundException'{0x00000000ab70a3b8}: com/android/build/gradle/internal/api/ApkVariantOutputImplCustomizer> (0x00000000ab70a3b8) thrown at [src/hotspot/share/classfile/systemDictionary.cpp, line 230]
Event: 11.733 Thread 0x000001ca682a8000 Exception <a 'java/lang/ClassNotFoundException'{0x00000000ab736168}: com/android/build/gradle/internal/api/ApkVariantOutputImpl_DecoratedCustomizer> (0x00000000ab736168) thrown at [src/hotspot/share/classfile/systemDictionary.cpp, line 230]
Event: 11.742 Thread 0x000001ca682a8000 Exception <a 'java/lang/NoClassDefFoundError'{0x00000000ab68edb0}: org/jetbrains/kotlin/gradle/plugin/KotlinBasePluginWrapper> (0x00000000ab68edb0) thrown at [src/hotspot/share/classfile/systemDictionary.cpp, line 219]
Event: 11.778 Thread 0x000001ca682a8000 Implicit null exception at 0x000001ca58127e31 to 0x000001ca581284cc
Event: 11.778 Thread 0x000001ca682a8000 Implicit null exception at 0x000001ca58129616 to 0x000001ca58129ce0
Event: 11.782 Thread 0x000001ca682a8000 Exception <a 'java/lang/NoSuchMethodError'{0x00000000ab3fb1f0}: 'void java.lang.invoke.DirectMethodHandle$Holder.invokeInterface(java.lang.Object, java.lang.Object)'> (0x00000000ab3fb1f0) thrown at [src/hotspot/share/interpreter/linkResolver.cpp, line 773]
Event: 12.019 Thread 0x000001ca682a8000 Exception <a 'java/lang/NoSuchMethodError'{0x00000000a9a13538}: 'java.lang.Object java.lang.invoke.Invokers$Holder.linkToTargetMethod(java.lang.Object, int, java.lang.Object)'> (0x00000000a9a13538) thrown at [src/hotspot/share/interpreter/linkResolver.cpp, line 773]

Events (20 events):
Event: 12.048 loading class com/android/build/gradle/internal/lint/DependencyCaches
Event: 12.048 loading class com/android/build/gradle/internal/lint/DependencyCaches done
Event: 12.048 loading class com/android/tools/lint/model/LintModelAndroidArtifact
Event: 12.048 loading class com/android/tools/lint/model/LintModelAndroidArtifact done
Event: 12.048 loading class com/android/tools/lint/model/LintModelArtifact
Event: 12.048 loading class com/android/tools/lint/model/LintModelArtifact done
Event: 12.049 loading class com/android/tools/lint/model/LintModelDependencies
Event: 12.049 loading class com/android/tools/lint/model/LintModelDependencies done
Event: 12.051 loading class com/android/build/api/variant/impl/DirectoryEntry
Event: 12.051 loading class com/android/build/api/variant/impl/DirectoryEntry done
Event: 12.051 loading class com/android/build/api/variant/impl/DirectoryEntry
Event: 12.051 loading class com/android/build/api/variant/impl/DirectoryEntry done
Event: 12.051 loading class kotlin/jvm/functions/Function1
Event: 12.051 loading class kotlin/jvm/functions/Function1 done
Event: 12.051 loading class com/android/build/api/artifact/impl/ArtifactsImpl
Event: 12.051 loading class com/android/build/api/artifact/impl/ArtifactsImpl done
Event: 12.051 loading class org/gradle/api/file/Directory
Event: 12.051 loading class org/gradle/api/file/Directory done
Event: 12.051 loading class com/android/build/api/artifact/impl/ArtifactsImpl
Event: 12.051 loading class com/android/build/api/artifact/impl/ArtifactsImpl done


Dynamic libraries:
0x00007ff776310000 - 0x00007ff77631a000 	C:\Program Files\Android\Android Studio\jbr\bin\java.exe
0x00007ffafb9f0000 - 0x00007ffafbbe8000 	C:\WINDOWS\SYSTEM32\ntdll.dll
0x00007ffaf9c30000 - 0x00007ffaf9cef000 	C:\WINDOWS\System32\KERNEL32.DLL
0x00007ffaf92b0000 - 0x00007ffaf958a000 	C:\WINDOWS\System32\KERNELBASE.dll
0x00007ffaf9590000 - 0x00007ffaf9690000 	C:\WINDOWS\System32\ucrtbase.dll
0x00007ffabb3f0000 - 0x00007ffabb407000 	C:\Program Files\Android\Android Studio\jbr\bin\jli.dll
0x00007ffabb3d0000 - 0x00007ffabb3eb000 	C:\Program Files\Android\Android Studio\jbr\bin\VCRUNTIME140.dll
0x00007ffafa270000 - 0x00007ffafa40d000 	C:\WINDOWS\System32\USER32.dll
0x00007ffaf9830000 - 0x00007ffaf9852000 	C:\WINDOWS\System32\win32u.dll
0x00007ffae6e00000 - 0x00007ffae709a000 	C:\WINDOWS\WinSxS\amd64_microsoft.windows.common-controls_6595b64144ccf1df_6.0.19041.1110_none_60b5254171f9507e\COMCTL32.dll
0x00007ffafa4e0000 - 0x00007ffafa50b000 	C:\WINDOWS\System32\GDI32.dll
0x00007ffaf9a50000 - 0x00007ffaf9aee000 	C:\WINDOWS\System32\msvcrt.dll
0x00007ffaf9860000 - 0x00007ffaf9970000 	C:\WINDOWS\System32\gdi32full.dll
0x00007ffaf9700000 - 0x00007ffaf979d000 	C:\WINDOWS\System32\msvcp_win.dll
0x00007ffafacb0000 - 0x00007ffaface0000 	C:\WINDOWS\System32\IMM32.DLL
0x00007ffaf4fe0000 - 0x00007ffaf4fec000 	C:\Program Files\Android\Android Studio\jbr\bin\vcruntime140_1.dll
0x00007ffab3430000 - 0x00007ffab34bd000 	C:\Program Files\Android\Android Studio\jbr\bin\msvcp140.dll
0x00007ffa65f80000 - 0x00007ffa66b3c000 	C:\Program Files\Android\Android Studio\jbr\bin\server\jvm.dll
0x00007ffafa510000 - 0x00007ffafa5be000 	C:\WINDOWS\System32\ADVAPI32.dll
0x00007ffaf9cf0000 - 0x00007ffaf9d8c000 	C:\WINDOWS\System32\sechost.dll
0x00007ffafab80000 - 0x00007ffafaca6000 	C:\WINDOWS\System32\RPCRT4.dll
0x00007ffaf9ba0000 - 0x00007ffaf9ba8000 	C:\WINDOWS\System32\PSAPI.DLL
0x00007ffadaba0000 - 0x00007ffadaba9000 	C:\WINDOWS\SYSTEM32\WSOCK32.dll
0x00007ffaeeb40000 - 0x00007ffaeeb67000 	C:\WINDOWS\SYSTEM32\WINMM.dll
0x00007ffafa410000 - 0x00007ffafa47b000 	C:\WINDOWS\System32\WS2_32.dll
0x00007ffaf0d70000 - 0x00007ffaf0d7a000 	C:\WINDOWS\SYSTEM32\VERSION.dll
0x00007ffaf6fc0000 - 0x00007ffaf6fd2000 	C:\WINDOWS\SYSTEM32\kernel.appcore.dll
0x00007ffad4b80000 - 0x00007ffad4b90000 	C:\Program Files\Android\Android Studio\jbr\bin\verify.dll
0x00007ffaec560000 - 0x00007ffaec744000 	C:\WINDOWS\SYSTEM32\DBGHELP.DLL
0x00007ffae33a0000 - 0x00007ffae33d4000 	C:\WINDOWS\SYSTEM32\dbgcore.DLL
0x00007ffaf97a0000 - 0x00007ffaf9822000 	C:\WINDOWS\System32\bcryptPrimitives.dll
0x00007ffaad940000 - 0x00007ffaad968000 	C:\Program Files\Android\Android Studio\jbr\bin\java.dll
0x00007ffac66f0000 - 0x00007ffac66fa000 	C:\Program Files\Android\Android Studio\jbr\bin\jimage.dll
0x00007ffaad920000 - 0x00007ffaad938000 	C:\Program Files\Android\Android Studio\jbr\bin\zip.dll
0x00007ffaface0000 - 0x00007ffafb424000 	C:\WINDOWS\System32\SHELL32.dll
0x00007ffaf71c0000 - 0x00007ffaf7953000 	C:\WINDOWS\SYSTEM32\windows.storage.dll
0x00007ffaf9f10000 - 0x00007ffafa264000 	C:\WINDOWS\System32\combase.dll
0x00007ffaf8b60000 - 0x00007ffaf8b8e000 	C:\WINDOWS\SYSTEM32\Wldp.dll
0x00007ffaf9af0000 - 0x00007ffaf9b9d000 	C:\WINDOWS\System32\SHCORE.dll
0x00007ffafa480000 - 0x00007ffafa4d5000 	C:\WINDOWS\System32\shlwapi.dll
0x00007ffaf9040000 - 0x00007ffaf905f000 	C:\WINDOWS\SYSTEM32\profapi.dll
0x00007ffaad900000 - 0x00007ffaad919000 	C:\Program Files\Android\Android Studio\jbr\bin\net.dll
0x00007ffaf1fd0000 - 0x00007ffaf20da000 	C:\WINDOWS\SYSTEM32\WINHTTP.dll
0x00007ffaf88c0000 - 0x00007ffaf892a000 	C:\WINDOWS\system32\mswsock.dll
0x00007ffaad8e0000 - 0x00007ffaad8f3000 	C:\Program Files\Android\Android Studio\jbr\bin\nio.dll
0x00007ffade170000 - 0x00007ffade197000 	C:\Users\User\.gradle\native\e1d6ef7f7dcc3fd88c89a11ec53ec762bb8ba0a96d01ffa2cd45eb1d1d8dd5c5\windows-amd64\native-platform.dll
0x00007ffab32e0000 - 0x00007ffab3424000 	C:\Users\User\.gradle\native\0d407fdbe67a94daf76414ababcb853783967236a71b16ec16e742cd7a986fd3\windows-amd64\native-platform-file-events.dll
0x00007ffab7f30000 - 0x00007ffab7f3a000 	C:\Program Files\Android\Android Studio\jbr\bin\management.dll
0x00007ffaafe80000 - 0x00007ffaafe8b000 	C:\Program Files\Android\Android Studio\jbr\bin\management_ext.dll
0x00007ffaf8ab0000 - 0x00007ffaf8ac8000 	C:\WINDOWS\SYSTEM32\CRYPTSP.dll
0x00007ffaf8170000 - 0x00007ffaf81a4000 	C:\WINDOWS\system32\rsaenh.dll
0x00007ffaf9a20000 - 0x00007ffaf9a47000 	C:\WINDOWS\System32\bcrypt.dll
0x00007ffaf9000000 - 0x00007ffaf902e000 	C:\WINDOWS\SYSTEM32\USERENV.dll
0x00007ffaf8ad0000 - 0x00007ffaf8adc000 	C:\WINDOWS\SYSTEM32\CRYPTBASE.dll
0x00007ffaf8560000 - 0x00007ffaf859c000 	C:\WINDOWS\SYSTEM32\IPHLPAPI.DLL
0x00007ffaf9c20000 - 0x00007ffaf9c28000 	C:\WINDOWS\System32\NSI.dll
0x00007ffaf0d50000 - 0x00007ffaf0d67000 	C:\WINDOWS\SYSTEM32\dhcpcsvc6.DLL
0x00007ffaf0de0000 - 0x00007ffaf0dfd000 	C:\WINDOWS\SYSTEM32\dhcpcsvc.DLL
0x00007ffaf85b0000 - 0x00007ffaf867b000 	C:\WINDOWS\SYSTEM32\DNSAPI.dll

dbghelp: loaded successfully - version: 4.0.5 - missing functions: none
symbol engine: initialized successfully - sym options: 0x614 - pdb path: .;C:\Program Files\Android\Android Studio\jbr\bin;C:\WINDOWS\SYSTEM32;C:\WINDOWS\WinSxS\amd64_microsoft.windows.common-controls_6595b64144ccf1df_6.0.19041.1110_none_60b5254171f9507e;C:\Program Files\Android\Android Studio\jbr\bin\server;C:\Users\User\.gradle\native\e1d6ef7f7dcc3fd88c89a11ec53ec762bb8ba0a96d01ffa2cd45eb1d1d8dd5c5\windows-amd64;C:\Users\User\.gradle\native\0d407fdbe67a94daf76414ababcb853783967236a71b16ec16e742cd7a986fd3\windows-amd64

VM Arguments:
jvm_args: --add-opens=java.base/java.util=ALL-UNNAMED --add-opens=java.base/java.lang=ALL-UNNAMED --add-opens=java.base/java.lang.invoke=ALL-UNNAMED --add-opens=java.base/java.util=ALL-UNNAMED --add-opens=java.prefs/java.util.prefs=ALL-UNNAMED --add-opens=java.prefs/java.util.prefs=ALL-UNNAMED --add-opens=java.base/java.nio.charset=ALL-UNNAMED --add-opens=java.base/java.net=ALL-UNNAMED --add-opens=java.base/java.util.concurrent.atomic=ALL-UNNAMED -Xmx1536m -Dfile.encoding=x-windows-950 -Duser.country=TW -Duser.language=zh -Duser.variant 
java_command: org.gradle.launcher.daemon.bootstrap.GradleDaemon 7.4
java_class_path (initial): C:\Users\User\.gradle\wrapper\dists\gradle-7.4-bin\c0gwcg53nkjbqw7r0h0umtfvt\gradle-7.4\lib\gradle-launcher-7.4.jar
Launcher Type: SUN_STANDARD

[Global flags]
     intx CICompilerCount                          = 4                                         {product} {ergonomic}
     uint ConcGCThreads                            = 2                                         {product} {ergonomic}
     uint G1ConcRefinementThreads                  = 8                                         {product} {ergonomic}
   size_t G1HeapRegionSize                         = 1048576                                   {product} {ergonomic}
    uintx GCDrainStackTargetSize                   = 64                                        {product} {ergonomic}
   size_t InitialHeapSize                          = 266338304                                 {product} {ergonomic}
   size_t MarkStackSize                            = 4194304                                   {product} {ergonomic}
   size_t MaxHeapSize                              = 1610612736                                {product} {command line}
   size_t MaxNewSize                               = 965738496                                 {product} {ergonomic}
   size_t MinHeapDeltaBytes                        = 1048576                                   {product} {ergonomic}
    uintx NonNMethodCodeHeapSize                   = 5836300                                {pd product} {ergonomic}
    uintx NonProfiledCodeHeapSize                  = 122910970                              {pd product} {ergonomic}
    uintx ProfiledCodeHeapSize                     = 122910970                              {pd product} {ergonomic}
    uintx ReservedCodeCacheSize                    = 251658240                              {pd product} {ergonomic}
     bool SegmentedCodeCache                       = true                                      {product} {ergonomic}
     bool UseCompressedClassPointers               = true                                 {lp64_product} {ergonomic}
     bool UseCompressedOops                        = true                                 {lp64_product} {ergonomic}
     bool UseG1GC                                  = true                                      {product} {ergonomic}
     bool UseLargePagesIndividualAllocation        = false                                  {pd product} {ergonomic}

Logging:
Log output configuration:
 #0: stdout all=warning uptime,level,tags
 #1: stderr all=off uptime,level,tags

Environment Variables:
JAVA_HOME=C:\Program Files\Java\jdk1.8.0_291
CLASSPATH=C:\Program Files\Java\jdk1.8.0_291\lib\dt.jar;C:\Program Files\Java\jdk1.8.0_291\lib\tools.jar
PATH=C:\Program Files (x86)\Common Files\Oracle\Java\javapath;C:\oraclexe\app\oracle\product\11.2.0\server\bin;C:\Windows\system32;C:\Windows;C:\Windows\System32\Wbem;C:\Windows\System32\WindowsPowerShell\v1.0\;C:\Windows\System32\OpenSSH\;C:\Program Files (x86)\NVIDIA Corporation\PhysX\Common;C:\Program Files\NVIDIA Corporation\NVIDIA NvDLISR;C:\Program Files\PuTTY\;C:\WINDOWS\system32;C:\WINDOWS;C:\WINDOWS\System32\Wbem;C:\WINDOWS\System32\WindowsPowerShell\v1.0\;C:\WINDOWS\System32\OpenSSH\;C:\Program Files (x86)\Microsoft SQL Server\150\DTS\Binn\;C:\Program Files\Azure Data Studio\bin;C:\Program Files (x86)\Windows Kits\10\Windows Performance Toolkit\;C:\Program Files\maven\apache-maven-3.8.1\bin;C:\Program Files\Java\jdk1.8.0_291\bin\;C:\Program Files\Java\jdk1.8.0_291\jre\bin\;C:\Program Files\dotnet\;C:\Program Files\Git\cmd;C:\Users\User\AppData\Local\Microsoft\WindowsApps;C:\Users\User\AppData\Local\Programs\Microsoft VS Code\bin;C:\Program Files\OpenSSL-Win64\bin
USERNAME=User
OS=Windows_NT
PROCESSOR_IDENTIFIER=Intel64 Family 6 Model 165 Stepping 2, GenuineIntel



---------------  S Y S T E M  ---------------

OS: Windows 10 , 64 bit Build 19041 (10.0.19041.2788)
OS uptime: 4 days 19:53 hours

CPU:total 8 (initial active 8) (4 cores per cpu, 2 threads per core) family 6 model 165 stepping 2 microcode 0xe2, cmov, cx8, fxsr, mmx, sse, sse2, sse3, ssse3, sse4.1, sse4.2, popcnt, avx, avx2, aes, clmul, erms, 3dnowpref, lzcnt, ht, tsc, tscinvbit, bmi1, bmi2, adx, fma

Memory: 4k page, system-wide physical 16204M (1200M free)
TotalPageFile size 65356M (AvailPageFile size 6M)
current process WorkingSet (physical memory assigned to process): 456M, peak: 460M
current process commit charge ("private bytes"): 543M, peak: 545M

vm_info: OpenJDK 64-Bit Server VM (11.0.15+0-b2043.56-9505619) for windows-amd64 JRE (11.0.15+0-b2043.56-9505619), built on Jan 19 2023 02:48:00 by "builduser" with unknown MS VC++:1929

END.
