#
# There is insufficient memory for the Java Runtime Environment to continue.
# Native memory allocation (malloc) failed to allocate 1361456 bytes for Chunk::new
# Possible reasons:
#   The system is out of physical RAM or swap space
#   The process is running with CompressedOops enabled, and the Java Heap may be blocking the growth of the native heap
# Possible solutions:
#   Reduce memory load on the system
#   Increase physical memory or swap space
#   Check if swap backing store is full
#   Decrease Java heap size (-Xmx/-Xms)
#   Decrease number of Java threads
#   Decrease Java thread stack sizes (-Xss)
#   Set larger code cache with -XX:ReservedCodeCacheSize=
#   JVM is running with Unscaled Compressed Oops mode in which the Java heap is
#     placed in the first 4GB address space. The Java Heap base address is the
#     maximum limit for the native heap growth. Please use -XX:HeapBaseMinAddress
#     to set the Java Heap base and to place the Java Heap above 4GB virtual address.
# This output file may be truncated or incomplete.
#
#  Out of Memory Error (src/hotspot/share/memory/arena.cpp:197), pid=11864, tid=15088
#
# JRE version: OpenJDK Runtime Environment (11.0.15) (build 11.0.15+0-b2043.56-9505619)
# Java VM: OpenJDK 64-Bit Server VM (11.0.15+0-b2043.56-9505619, mixed mode, tiered, compressed oops, g1 gc, windows-amd64)
# No core dump will be written. Minidumps are not enabled by default on client versions of Windows
#

---------------  S U M M A R Y ------------

Command Line: --add-opens=java.base/java.util=ALL-UNNAMED --add-opens=java.base/java.lang=ALL-UNNAMED --add-opens=java.base/java.lang.invoke=ALL-UNNAMED --add-opens=java.base/java.util=ALL-UNNAMED --add-opens=java.prefs/java.util.prefs=ALL-UNNAMED --add-opens=java.prefs/java.util.prefs=ALL-UNNAMED --add-opens=java.base/java.nio.charset=ALL-UNNAMED --add-opens=java.base/java.net=ALL-UNNAMED --add-opens=java.base/java.util.concurrent.atomic=ALL-UNNAMED -Xmx1536m -Dfile.encoding=x-windows-950 -Duser.country=TW -Duser.language=zh -Duser.variant org.gradle.launcher.daemon.bootstrap.GradleDaemon 7.4

Host: Intel(R) Core(TM) i5-10300H CPU @ 2.50GHz, 8 cores, 15G,  Windows 10 , 64 bit Build 19041 (10.0.19041.2788)
Time: Fri May 26 10:04:45 2023  Windows 10 , 64 bit Build 19041 (10.0.19041.2788) elapsed time: 11.732717 seconds (0d 0h 0m 11s)

---------------  T H R E A D  ---------------

Current thread (0x000001b9d83cb800):  JavaThread "C2 CompilerThread0" daemon [_thread_in_native, id=15088, stack(0x0000003709c00000,0x0000003709d00000)]


Current CompileTask:
C2:  11732 7102 %     4       org.gradle.internal.instantiation.generator.AbstractClassGenerator::inspectType @ 250 (560 bytes)

Stack: [0x0000003709c00000,0x0000003709d00000]
Native frames: (J=compiled Java code, j=interpreted, Vv=VM code, C=native code)
V  [jvm.dll+0x64135a]
V  [jvm.dll+0x7d39f9]
V  [jvm.dll+0x7d51b9]
V  [jvm.dll+0x7d58a3]
V  [jvm.dll+0x2691c5]
V  [jvm.dll+0xc1a5c]
V  [jvm.dll+0xc200c]
V  [jvm.dll+0x2da2c2]
V  [jvm.dll+0x54cad9]
V  [jvm.dll+0x22a011]
V  [jvm.dll+0x223809]
V  [jvm.dll+0x220384]
V  [jvm.dll+0x19e851]
V  [jvm.dll+0x230479]
V  [jvm.dll+0x22e5ef]
V  [jvm.dll+0x794de1]
V  [jvm.dll+0x78dc24]
V  [jvm.dll+0x6400f6]
C  [ucrtbase.dll+0x21bb2]
C  [KERNEL32.DLL+0x17604]
C  [ntdll.dll+0x526a1]


---------------  P R O C E S S  ---------------

Threads class SMR info:
_java_thread_list=0x000001b9e0516af0, length=124, elements={
0x000001b9be933800, 0x000001b9d832e800, 0x000001b9d832f000, 0x000001b9d83c6000,
0x000001b9d83c7000, 0x000001b9d83c8000, 0x000001b9d83cb800, 0x000001b9d83d8800,
0x000001b9d83dd800, 0x000001b9d8550000, 0x000001b9da1cc800, 0x000001b9daf1f000,
0x000001b9da5d9000, 0x000001b9d9cff800, 0x000001b9da523800, 0x000001b9da8ed000,
0x000001b9db33a800, 0x000001b9dae88800, 0x000001b9da83a800, 0x000001b9da841000,
0x000001b9da83e800, 0x000001b9da83c000, 0x000001b9da83b800, 0x000001b9da83d000,
0x000001b9da83f800, 0x000001b9da83e000, 0x000001b9da840000, 0x000001b9d8829000,
0x000001b9d9494000, 0x000001b9d9495000, 0x000001b9d9496000, 0x000001b9d9497800,
0x000001b9d9498000, 0x000001b9dd910800, 0x000001b9d9492800, 0x000001b9d9b2c800,
0x000001b9d9b29000, 0x000001b9d9b2f000, 0x000001b9d9b2a000, 0x000001b9d9b30800,
0x000001b9d9b2e000, 0x000001b9d9b2f800, 0x000001b9d9b2a800, 0x000001b9d9b31800,
0x000001b9d9b2b800, 0x000001b9d9b32000, 0x000001b9d9b33800, 0x000001b9d9b33000,
0x000001b9d9b34800, 0x000001b9d9b35800, 0x000001b9d9b36000, 0x000001b9d9b37000,
0x000001b9db55e000, 0x000001b9db55c800, 0x000001b9db559000, 0x000001b9db55b000,
0x000001b9db55f000, 0x000001b9db55f800, 0x000001b9db55d000, 0x000001b9db55a000,
0x000001b9db560800, 0x000001b9db561800, 0x000001b9db55b800, 0x000001b9db564800,
0x000001b9db566000, 0x000001b9db567000, 0x000001b9db568000, 0x000001b9db562000,
0x000001b9db563000, 0x000001b9db564000, 0x000001b9db565800, 0x000001b9dc01e800,
0x000001b9dc023800, 0x000001b9dc022800, 0x000001b9dc01f800, 0x000001b9dc020800,
0x000001b9dc021000, 0x000001b9dc022000, 0x000001b9dc01e000, 0x000001b9dc026000,
0x000001b9dc029000, 0x000001b9dc028800, 0x000001b9dc027000, 0x000001b9dc02a000,
0x000001b9dc025000, 0x000001b9dc027800, 0x000001b9dc024800, 0x000001b9dc02b000,
0x000001b9dc02b800, 0x000001b9dc02c800, 0x000001b9dbdf4800, 0x000001b9dbdf8800,
0x000001b9dbdf7000, 0x000001b9dbdf7800, 0x000001b9dbdfa000, 0x000001b9dbdf5800,
0x000001b9dbdf6000, 0x000001b9dbdfc800, 0x000001b9dbdf9800, 0x000001b9dbdff000,
0x000001b9dbdfd800, 0x000001b9dbe00000, 0x000001b9dbdfe000, 0x000001b9dbe00800,
0x000001b9dbdfb000, 0x000001b9dbe01800, 0x000001b9dbdfc000, 0x000001b9dbe02800,
0x000001b9dbe03000, 0x000001b9dffe2800, 0x000001b9dffe1000, 0x000001b9dffdd000,
0x000001b9dffde800, 0x000001b9dffdf800, 0x000001b9dffde000, 0x000001b9dffe3800,
0x000001b9dffe5000, 0x000001b9dffe4800, 0x000001b9dffe2000, 0x000001b9dffe0000,
0x000001b9dffe9000, 0x000001b9dffe7800, 0x000001b9dffeb800, 0x000001b9dffeb000
}

Java Threads: ( => current thread )
  0x000001b9be933800 JavaThread "main" [_thread_blocked, id=23648, stack(0x0000003709000000,0x0000003709100000)]
  0x000001b9d832e800 JavaThread "Reference Handler" daemon [_thread_blocked, id=21712, stack(0x0000003709700000,0x0000003709800000)]
  0x000001b9d832f000 JavaThread "Finalizer" daemon [_thread_blocked, id=12296, stack(0x0000003709800000,0x0000003709900000)]
  0x000001b9d83c6000 JavaThread "Signal Dispatcher" daemon [_thread_blocked, id=8300, stack(0x0000003709900000,0x0000003709a00000)]
  0x000001b9d83c7000 JavaThread "Attach Listener" daemon [_thread_blocked, id=5360, stack(0x0000003709a00000,0x0000003709b00000)]
  0x000001b9d83c8000 JavaThread "Service Thread" daemon [_thread_blocked, id=288, stack(0x0000003709b00000,0x0000003709c00000)]
=>0x000001b9d83cb800 JavaThread "C2 CompilerThread0" daemon [_thread_in_native, id=15088, stack(0x0000003709c00000,0x0000003709d00000)]
  0x000001b9d83d8800 JavaThread "C1 CompilerThread0" daemon [_thread_blocked, id=24716, stack(0x0000003709d00000,0x0000003709e00000)]
  0x000001b9d83dd800 JavaThread "Sweeper thread" daemon [_thread_blocked, id=12108, stack(0x0000003709e00000,0x0000003709f00000)]
  0x000001b9d8550000 JavaThread "Common-Cleaner" daemon [_thread_blocked, id=23588, stack(0x0000003709f00000,0x000000370a000000)]
  0x000001b9da1cc800 JavaThread "Daemon health stats" [_thread_blocked, id=10044, stack(0x000000370a800000,0x000000370a900000)]
  0x000001b9daf1f000 JavaThread "Incoming local TCP Connector on port 6666" [_thread_in_native, id=1164, stack(0x000000370a200000,0x000000370a300000)]
  0x000001b9da5d9000 JavaThread "Daemon periodic checks" [_thread_blocked, id=24400, stack(0x000000370a900000,0x000000370aa00000)]
  0x000001b9d9cff800 JavaThread "Daemon" [_thread_blocked, id=18796, stack(0x000000370aa00000,0x000000370ab00000)]
  0x000001b9da523800 JavaThread "Handler for socket connection from /127.0.0.1:6666 to /127.0.0.1:6667" [_thread_in_native, id=5956, stack(0x000000370ab00000,0x000000370ac00000)]
  0x000001b9da8ed000 JavaThread "Cancel handler" [_thread_blocked, id=17044, stack(0x000000370ac00000,0x000000370ad00000)]
  0x000001b9db33a800 JavaThread "Daemon worker" [_thread_blocked, id=19104, stack(0x000000370ad00000,0x000000370ae00000)]
  0x000001b9dae88800 JavaThread "Asynchronous log dispatcher for DefaultDaemonConnection: socket connection from /127.0.0.1:6666 to /127.0.0.1:6667" [_thread_blocked, id=18536, stack(0x000000370ae00000,0x000000370af00000)]
  0x000001b9da83a800 JavaThread "Stdin handler" [_thread_blocked, id=9316, stack(0x000000370af00000,0x000000370b000000)]
  0x000001b9da841000 JavaThread "Daemon client event forwarder" [_thread_blocked, id=8464, stack(0x000000370b000000,0x000000370b100000)]
  0x000001b9da83e800 JavaThread "Cache worker for journal cache (C:\Users\User\.gradle\caches\journal-1)" [_thread_blocked, id=25188, stack(0x000000370b100000,0x000000370b200000)]
  0x000001b9da83c000 JavaThread "File lock request listener" [_thread_in_native, id=25448, stack(0x000000370b200000,0x000000370b300000)]
  0x000001b9da83b800 JavaThread "Cache worker for file hash cache (C:\Users\User\.gradle\caches\7.4\fileHashes)" [_thread_blocked, id=26656, stack(0x000000370b300000,0x000000370b400000)]
  0x000001b9da83d000 JavaThread "File watcher server" daemon [_thread_in_native, id=26844, stack(0x000000370a100000,0x000000370a200000)]
  0x000001b9da83f800 JavaThread "File watcher consumer" daemon [_thread_blocked, id=23312, stack(0x000000370b700000,0x000000370b800000)]
  0x000001b9da83e000 JavaThread "Cache worker for checksums cache (C:\Users\User\Downloads\android-java-cblite-userprofile-sync-main_1\android-java-cblite-userprofile-sync-main\src\.gradle\7.4\checksums)" [_thread_blocked, id=12256, stack(0x000000370b800000,0x000000370b900000)]
  0x000001b9da840000 JavaThread "Cache worker for cache directory md-rule (C:\Users\User\.gradle\caches\7.4\md-rule)" [_thread_blocked, id=2640, stack(0x000000370b900000,0x000000370ba00000)]
  0x000001b9d8829000 JavaThread "C2 CompilerThread1" daemon [_thread_in_native, id=4568, stack(0x000000370ba00000,0x000000370bb00000)]
  0x000001b9d9494000 JavaThread "Cache worker for file hash cache (C:\Users\User\Downloads\android-java-cblite-userprofile-sync-main_1\android-java-cblite-userprofile-sync-main\src\.gradle\7.4\fileHashes)" [_thread_blocked, id=4556, stack(0x000000370bb00000,0x000000370bc00000)]
  0x000001b9d9495000 JavaThread "Cache worker for cache directory md-supplier (C:\Users\User\.gradle\caches\7.4\md-supplier)" [_thread_blocked, id=18744, stack(0x000000370bc00000,0x000000370bd00000)]
  0x000001b9d9496000 JavaThread "Cache worker for execution history cache (C:\Users\User\.gradle\caches\7.4\executionHistory)" [_thread_blocked, id=9400, stack(0x000000370bd00000,0x000000370be00000)]
  0x000001b9d9497800 JavaThread "jar transforms" [_thread_blocked, id=26820, stack(0x000000370be00000,0x000000370bf00000)]
  0x000001b9d9498000 JavaThread "jar transforms Thread 2" [_thread_blocked, id=14568, stack(0x000000370bf00000,0x000000370c000000)]
  0x000001b9dd910800 JavaThread "C2 CompilerThread2" daemon [_thread_blocked, id=27376, stack(0x000000370c000000,0x000000370c100000)]
  0x000001b9d9492800 JavaThread "Cache worker for file content cache (C:\Users\User\.gradle\caches\7.4\fileContent)" [_thread_blocked, id=12708, stack(0x000000370c100000,0x000000370c200000)]
  0x000001b9d9b2c800 JavaThread "jar transforms Thread 3" [_thread_blocked, id=27192, stack(0x000000370c200000,0x000000370c300000)]
  0x000001b9d9b29000 JavaThread "jar transforms Thread 4" [_thread_blocked, id=28224, stack(0x000000370c300000,0x000000370c400000)]
  0x000001b9d9b2f000 JavaThread "Cache worker for dependencies-accessors (C:\Users\User\Downloads\android-java-cblite-userprofile-sync-main_1\android-java-cblite-userprofile-sync-main\src\.gradle\7.4\dependencies-accessors)" [_thread_blocked, id=28356, stack(0x000000370c400000,0x000000370c500000)]
  0x000001b9d9b2a000 JavaThread "jar transforms Thread 5" [_thread_blocked, id=22884, stack(0x000000370c500000,0x000000370c600000)]
  0x000001b9d9b30800 JavaThread "Cache worker for Build Output Cleanup Cache (C:\Users\User\Downloads\android-java-cblite-userprofile-sync-main_1\android-java-cblite-userprofile-sync-main\src\.gradle\buildOutputCleanup)" [_thread_blocked, id=8388, stack(0x000000370c600000,0x000000370c700000)]
  0x000001b9d9b2e000 JavaThread "Unconstrained build operations" [_thread_blocked, id=7776, stack(0x000000370c700000,0x000000370c800000)]
  0x000001b9d9b2f800 JavaThread "Unconstrained build operations Thread 2" [_thread_blocked, id=5604, stack(0x000000370c800000,0x000000370c900000)]
  0x000001b9d9b2a800 JavaThread "Unconstrained build operations Thread 3" [_thread_blocked, id=23580, stack(0x000000370c900000,0x000000370ca00000)]
  0x000001b9d9b31800 JavaThread "Unconstrained build operations Thread 4" [_thread_blocked, id=16928, stack(0x000000370ca00000,0x000000370cb00000)]
  0x000001b9d9b2b800 JavaThread "Unconstrained build operations Thread 5" [_thread_blocked, id=25100, stack(0x000000370cb00000,0x000000370cc00000)]
  0x000001b9d9b32000 JavaThread "Unconstrained build operations Thread 6" [_thread_blocked, id=18176, stack(0x000000370cc00000,0x000000370cd00000)]
  0x000001b9d9b33800 JavaThread "Unconstrained build operations Thread 7" [_thread_blocked, id=14956, stack(0x000000370cd00000,0x000000370ce00000)]
  0x000001b9d9b33000 JavaThread "Unconstrained build operations Thread 8" [_thread_blocked, id=5800, stack(0x000000370ce00000,0x000000370cf00000)]
  0x000001b9d9b34800 JavaThread "Unconstrained build operations Thread 9" [_thread_blocked, id=18044, stack(0x000000370cf00000,0x000000370d000000)]
  0x000001b9d9b35800 JavaThread "Unconstrained build operations Thread 10" [_thread_blocked, id=15724, stack(0x000000370d000000,0x000000370d100000)]
  0x000001b9d9b36000 JavaThread "Unconstrained build operations Thread 11" [_thread_blocked, id=19192, stack(0x000000370d100000,0x000000370d200000)]
  0x000001b9d9b37000 JavaThread "Unconstrained build operations Thread 12" [_thread_blocked, id=18896, stack(0x000000370d200000,0x000000370d300000)]
  0x000001b9db55e000 JavaThread "Unconstrained build operations Thread 13" [_thread_blocked, id=15776, stack(0x000000370d300000,0x000000370d400000)]
  0x000001b9db55c800 JavaThread "Unconstrained build operations Thread 14" [_thread_blocked, id=15160, stack(0x000000370d400000,0x000000370d500000)]
  0x000001b9db559000 JavaThread "Unconstrained build operations Thread 15" [_thread_blocked, id=22648, stack(0x000000370d500000,0x000000370d600000)]
  0x000001b9db55b000 JavaThread "Unconstrained build operations Thread 16" [_thread_blocked, id=15812, stack(0x000000370d600000,0x000000370d700000)]
  0x000001b9db55f000 JavaThread "Unconstrained build operations Thread 17" [_thread_blocked, id=11464, stack(0x000000370d700000,0x000000370d800000)]
  0x000001b9db55f800 JavaThread "Unconstrained build operations Thread 18" [_thread_blocked, id=25340, stack(0x000000370d800000,0x000000370d900000)]
  0x000001b9db55d000 JavaThread "Unconstrained build operations Thread 19" [_thread_blocked, id=25552, stack(0x000000370d900000,0x000000370da00000)]
  0x000001b9db55a000 JavaThread "Unconstrained build operations Thread 20" [_thread_blocked, id=16404, stack(0x000000370da00000,0x000000370db00000)]
  0x000001b9db560800 JavaThread "Unconstrained build operations Thread 21" [_thread_blocked, id=4428, stack(0x000000370db00000,0x000000370dc00000)]
  0x000001b9db561800 JavaThread "Unconstrained build operations Thread 22" [_thread_blocked, id=20560, stack(0x000000370dc00000,0x000000370dd00000)]
  0x000001b9db55b800 JavaThread "Unconstrained build operations Thread 23" [_thread_blocked, id=24240, stack(0x000000370dd00000,0x000000370de00000)]
  0x000001b9db564800 JavaThread "Unconstrained build operations Thread 24" [_thread_blocked, id=21468, stack(0x000000370de00000,0x000000370df00000)]
  0x000001b9db566000 JavaThread "Unconstrained build operations Thread 25" [_thread_blocked, id=12252, stack(0x000000370df00000,0x000000370e000000)]
  0x000001b9db567000 JavaThread "Unconstrained build operations Thread 26" [_thread_blocked, id=12672, stack(0x000000370e000000,0x000000370e100000)]
  0x000001b9db568000 JavaThread "Unconstrained build operations Thread 27" [_thread_blocked, id=26916, stack(0x000000370e100000,0x000000370e200000)]
  0x000001b9db562000 JavaThread "Unconstrained build operations Thread 28" [_thread_blocked, id=13528, stack(0x000000370e200000,0x000000370e300000)]
  0x000001b9db563000 JavaThread "Unconstrained build operations Thread 29" [_thread_blocked, id=17060, stack(0x000000370e300000,0x000000370e400000)]
  0x000001b9db564000 JavaThread "Unconstrained build operations Thread 30" [_thread_blocked, id=17188, stack(0x000000370e400000,0x000000370e500000)]
  0x000001b9db565800 JavaThread "Unconstrained build operations Thread 31" [_thread_blocked, id=18084, stack(0x000000370e500000,0x000000370e600000)]
  0x000001b9dc01e800 JavaThread "Unconstrained build operations Thread 32" [_thread_blocked, id=4760, stack(0x000000370e600000,0x000000370e700000)]
  0x000001b9dc023800 JavaThread "Unconstrained build operations Thread 33" [_thread_blocked, id=7464, stack(0x000000370e700000,0x000000370e800000)]
  0x000001b9dc022800 JavaThread "Unconstrained build operations Thread 34" [_thread_blocked, id=4968, stack(0x000000370e800000,0x000000370e900000)]
  0x000001b9dc01f800 JavaThread "Unconstrained build operations Thread 35" [_thread_blocked, id=15332, stack(0x000000370e900000,0x000000370ea00000)]
  0x000001b9dc020800 JavaThread "Unconstrained build operations Thread 36" [_thread_blocked, id=27532, stack(0x000000370ea00000,0x000000370eb00000)]
  0x000001b9dc021000 JavaThread "Unconstrained build operations Thread 37" [_thread_blocked, id=20608, stack(0x000000370eb00000,0x000000370ec00000)]
  0x000001b9dc022000 JavaThread "Unconstrained build operations Thread 38" [_thread_blocked, id=1184, stack(0x000000370ec00000,0x000000370ed00000)]
  0x000001b9dc01e000 JavaThread "Unconstrained build operations Thread 39" [_thread_blocked, id=24948, stack(0x000000370ed00000,0x000000370ee00000)]
  0x000001b9dc026000 JavaThread "Unconstrained build operations Thread 40" [_thread_blocked, id=6248, stack(0x000000370ee00000,0x000000370ef00000)]
  0x000001b9dc029000 JavaThread "Unconstrained build operations Thread 41" [_thread_blocked, id=2700, stack(0x000000370ef00000,0x000000370f000000)]
  0x000001b9dc028800 JavaThread "Unconstrained build operations Thread 42" [_thread_blocked, id=18172, stack(0x000000370f000000,0x000000370f100000)]
  0x000001b9dc027000 JavaThread "Unconstrained build operations Thread 43" [_thread_blocked, id=20216, stack(0x000000370f100000,0x000000370f200000)]
  0x000001b9dc02a000 JavaThread "Unconstrained build operations Thread 44" [_thread_blocked, id=16736, stack(0x000000370f200000,0x000000370f300000)]
  0x000001b9dc025000 JavaThread "Unconstrained build operations Thread 45" [_thread_blocked, id=25328, stack(0x000000370f300000,0x000000370f400000)]
  0x000001b9dc027800 JavaThread "Unconstrained build operations Thread 46" [_thread_blocked, id=18304, stack(0x000000370f400000,0x000000370f500000)]
  0x000001b9dc024800 JavaThread "Unconstrained build operations Thread 47" [_thread_blocked, id=26348, stack(0x000000370f500000,0x000000370f600000)]
  0x000001b9dc02b000 JavaThread "Unconstrained build operations Thread 48" [_thread_blocked, id=16628, stack(0x000000370f600000,0x000000370f700000)]
  0x000001b9dc02b800 JavaThread "Unconstrained build operations Thread 49" [_thread_blocked, id=728, stack(0x000000370f700000,0x000000370f800000)]
  0x000001b9dc02c800 JavaThread "Unconstrained build operations Thread 50" [_thread_blocked, id=18028, stack(0x000000370f800000,0x000000370f900000)]
  0x000001b9dbdf4800 JavaThread "Unconstrained build operations Thread 51" [_thread_blocked, id=16776, stack(0x000000370f900000,0x000000370fa00000)]
  0x000001b9dbdf8800 JavaThread "Unconstrained build operations Thread 52" [_thread_blocked, id=28420, stack(0x000000370fa00000,0x000000370fb00000)]
  0x000001b9dbdf7000 JavaThread "Unconstrained build operations Thread 53" [_thread_blocked, id=27824, stack(0x000000370fb00000,0x000000370fc00000)]
  0x000001b9dbdf7800 JavaThread "Unconstrained build operations Thread 54" [_thread_blocked, id=25268, stack(0x000000370fc00000,0x000000370fd00000)]
  0x000001b9dbdfa000 JavaThread "Unconstrained build operations Thread 55" [_thread_blocked, id=12184, stack(0x000000370fd00000,0x000000370fe00000)]
  0x000001b9dbdf5800 JavaThread "Unconstrained build operations Thread 56" [_thread_blocked, id=9184, stack(0x000000370fe00000,0x000000370ff00000)]
  0x000001b9dbdf6000 JavaThread "Unconstrained build operations Thread 57" [_thread_blocked, id=6740, stack(0x000000370ff00000,0x0000003710000000)]
  0x000001b9dbdfc800 JavaThread "Unconstrained build operations Thread 58" [_thread_blocked, id=16316, stack(0x0000003710000000,0x0000003710100000)]
  0x000001b9dbdf9800 JavaThread "Unconstrained build operations Thread 59" [_thread_blocked, id=12884, stack(0x0000003710100000,0x0000003710200000)]
  0x000001b9dbdff000 JavaThread "Unconstrained build operations Thread 60" [_thread_blocked, id=26956, stack(0x0000003710200000,0x0000003710300000)]
  0x000001b9dbdfd800 JavaThread "Unconstrained build operations Thread 61" [_thread_blocked, id=13336, stack(0x0000003710300000,0x0000003710400000)]
  0x000001b9dbe00000 JavaThread "Unconstrained build operations Thread 62" [_thread_blocked, id=26492, stack(0x0000003710400000,0x0000003710500000)]
  0x000001b9dbdfe000 JavaThread "Unconstrained build operations Thread 63" [_thread_blocked, id=7764, stack(0x0000003710500000,0x0000003710600000)]
  0x000001b9dbe00800 JavaThread "Unconstrained build operations Thread 64" [_thread_blocked, id=27280, stack(0x0000003710600000,0x0000003710700000)]
  0x000001b9dbdfb000 JavaThread "Unconstrained build operations Thread 65" [_thread_blocked, id=10524, stack(0x0000003710700000,0x0000003710800000)]
  0x000001b9dbe01800 JavaThread "Unconstrained build operations Thread 66" [_thread_blocked, id=22644, stack(0x0000003710800000,0x0000003710900000)]
  0x000001b9dbdfc000 JavaThread "Unconstrained build operations Thread 67" [_thread_blocked, id=28556, stack(0x0000003710900000,0x0000003710a00000)]
  0x000001b9dbe02800 JavaThread "Unconstrained build operations Thread 68" [_thread_blocked, id=368, stack(0x0000003710a00000,0x0000003710b00000)]
  0x000001b9dbe03000 JavaThread "Unconstrained build operations Thread 69" [_thread_blocked, id=27704, stack(0x0000003710b00000,0x0000003710c00000)]
  0x000001b9dffe2800 JavaThread "Unconstrained build operations Thread 70" [_thread_blocked, id=27820, stack(0x0000003710c00000,0x0000003710d00000)]
  0x000001b9dffe1000 JavaThread "Unconstrained build operations Thread 71" [_thread_blocked, id=27508, stack(0x0000003710d00000,0x0000003710e00000)]
  0x000001b9dffdd000 JavaThread "Unconstrained build operations Thread 72" [_thread_blocked, id=26696, stack(0x0000003710e00000,0x0000003710f00000)]
  0x000001b9dffde800 JavaThread "Unconstrained build operations Thread 73" [_thread_blocked, id=10828, stack(0x0000003710f00000,0x0000003711000000)]
  0x000001b9dffdf800 JavaThread "Unconstrained build operations Thread 74" [_thread_blocked, id=25636, stack(0x0000003711000000,0x0000003711100000)]
  0x000001b9dffde000 JavaThread "Unconstrained build operations Thread 75" [_thread_blocked, id=28624, stack(0x0000003711100000,0x0000003711200000)]
  0x000001b9dffe3800 JavaThread "Unconstrained build operations Thread 76" [_thread_blocked, id=18140, stack(0x0000003711200000,0x0000003711300000)]
  0x000001b9dffe5000 JavaThread "Unconstrained build operations Thread 77" [_thread_blocked, id=3452, stack(0x0000003711300000,0x0000003711400000)]
  0x000001b9dffe4800 JavaThread "Unconstrained build operations Thread 78" [_thread_blocked, id=1912, stack(0x0000003711400000,0x0000003711500000)]
  0x000001b9dffe2000 JavaThread "Unconstrained build operations Thread 79" [_thread_blocked, id=28452, stack(0x0000003711500000,0x0000003711600000)]
  0x000001b9dffe0000 JavaThread "Unconstrained build operations Thread 80" [_thread_blocked, id=28028, stack(0x0000003711600000,0x0000003711700000)]
  0x000001b9dffe9000 JavaThread "jar transforms Thread 6" [_thread_blocked, id=10772, stack(0x0000003711700000,0x0000003711800000)]
  0x000001b9dffe7800 JavaThread "jar transforms Thread 7" [_thread_blocked, id=19672, stack(0x0000003711800000,0x0000003711900000)]
  0x000001b9dffeb800 JavaThread "jar transforms Thread 8" [_thread_blocked, id=28160, stack(0x0000003711900000,0x0000003711a00000)]
  0x000001b9dffeb000 JavaThread "Memory manager" [_thread_blocked, id=27760, stack(0x0000003711a00000,0x0000003711b00000)]

Other Threads:
  0x000001b9d7b1c000 VMThread "VM Thread" [stack: 0x0000003709600000,0x0000003709700000] [id=17868]
  0x000001b9d8568000 WatcherThread [stack: 0x000000370a000000,0x000000370a100000] [id=6996]
  0x000001b9be94e800 GCTaskThread "GC Thread#0" [stack: 0x0000003709100000,0x0000003709200000] [id=20708]
  0x000001b9d91c7000 GCTaskThread "GC Thread#1" [stack: 0x000000370a300000,0x000000370a400000] [id=28432]
  0x000001b9d93fc800 GCTaskThread "GC Thread#2" [stack: 0x000000370a400000,0x000000370a500000] [id=25992]
  0x000001b9d9c6e000 GCTaskThread "GC Thread#3" [stack: 0x000000370a500000,0x000000370a600000] [id=6364]
  0x000001b9d96f8800 GCTaskThread "GC Thread#4" [stack: 0x000000370a600000,0x000000370a700000] [id=17644]
  0x000001b9d995e000 GCTaskThread "GC Thread#5" [stack: 0x000000370a700000,0x000000370a800000] [id=25036]
  0x000001b9da99d800 GCTaskThread "GC Thread#6" [stack: 0x000000370b400000,0x000000370b500000] [id=10112]
  0x000001b9da99e000 GCTaskThread "GC Thread#7" [stack: 0x000000370b500000,0x000000370b600000] [id=17600]
  0x000001b9be975000 ConcurrentGCThread "G1 Main Marker" [stack: 0x0000003709200000,0x0000003709300000] [id=24848]
  0x000001b9be976000 ConcurrentGCThread "G1 Conc#0" [stack: 0x0000003709300000,0x0000003709400000] [id=27436]
  0x000001b9da310800 ConcurrentGCThread "G1 Conc#1" [stack: 0x000000370b600000,0x000000370b700000] [id=4856]
  0x000001b9d7993000 ConcurrentGCThread "G1 Refine#0" [stack: 0x0000003709400000,0x0000003709500000] [id=1104]
  0x000001b9d7994000 ConcurrentGCThread "G1 Young RemSet Sampling" [stack: 0x0000003709500000,0x0000003709600000] [id=22540]

Threads with active compile tasks:
C2 CompilerThread0    11752 7102 %     4       org.gradle.internal.instantiation.generator.AbstractClassGenerator::inspectType @ 250 (560 bytes)
C2 CompilerThread1    11752 7377       4       java.lang.Class::annotationData (44 bytes)
C2 CompilerThread2    11752 7513       4       java.lang.reflect.Constructor::newInstance (76 bytes)

VM state:not at safepoint (normal execution)

VM Mutex/Monitor currently owned by a thread: None

Heap address: 0x00000000a0000000, size: 1536 MB, Compressed Oops mode: 32-bit
Narrow klass base: 0x0000000000000000, Narrow klass shift: 3
Compressed class space size: 1073741824 Address: 0x0000000100000000

Heap:
 garbage-first heap   total 260096K, used 61697K [0x00000000a0000000, 0x0000000100000000)
  region size 1024K, 19 young (19456K), 18 survivors (18432K)
 Metaspace       used 77574K, capacity 79479K, committed 79752K, reserved 1118208K
  class space    used 10084K, capacity 10789K, committed 10828K, reserved 1048576K
Heap Regions: E=young(eden), S=young(survivor), O=old, HS=humongous(starts), HC=humongous(continues), CS=collection set, F=free, A=archive, TAMS=top-at-mark-start (previous, next)
|   0|0x00000000a0000000, 0x00000000a0100000, 0x00000000a0100000|100%| O|  |TAMS 0x00000000a0100000, 0x00000000a0100000| Untracked 
|   1|0x00000000a0100000, 0x00000000a0200000, 0x00000000a0200000|100%| O|  |TAMS 0x00000000a0200000, 0x00000000a0200000| Untracked 
|   2|0x00000000a0200000, 0x00000000a0300000, 0x00000000a0300000|100%| O|  |TAMS 0x00000000a0300000, 0x00000000a0300000| Untracked 
|   3|0x00000000a0300000, 0x00000000a0400000, 0x00000000a0400000|100%|HS|  |TAMS 0x00000000a0400000, 0x00000000a0400000| Complete 
|   4|0x00000000a0400000, 0x00000000a0500000, 0x00000000a0500000|100%|HC|  |TAMS 0x00000000a0500000, 0x00000000a0500000| Complete 
|   5|0x00000000a0500000, 0x00000000a0600000, 0x00000000a0600000|100%|HC|  |TAMS 0x00000000a0600000, 0x00000000a0600000| Complete 
|   6|0x00000000a0600000, 0x00000000a0700000, 0x00000000a0700000|100%| O|  |TAMS 0x00000000a0700000, 0x00000000a0700000| Untracked 
|   7|0x00000000a0700000, 0x00000000a0800000, 0x00000000a0800000|100%| O|  |TAMS 0x00000000a0800000, 0x00000000a0800000| Untracked 
|   8|0x00000000a0800000, 0x00000000a0900000, 0x00000000a0900000|100%| O|  |TAMS 0x00000000a0900000, 0x00000000a0900000| Untracked 
|   9|0x00000000a0900000, 0x00000000a0a00000, 0x00000000a0a00000|100%| O|  |TAMS 0x00000000a0a00000, 0x00000000a0a00000| Untracked 
|  10|0x00000000a0a00000, 0x00000000a0b00000, 0x00000000a0b00000|100%| O|  |TAMS 0x00000000a0b00000, 0x00000000a0b00000| Untracked 
|  11|0x00000000a0b00000, 0x00000000a0c00000, 0x00000000a0c00000|100%| O|  |TAMS 0x00000000a0c00000, 0x00000000a0c00000| Untracked 
|  12|0x00000000a0c00000, 0x00000000a0d00000, 0x00000000a0d00000|100%| O|  |TAMS 0x00000000a0d00000, 0x00000000a0d00000| Untracked 
|  13|0x00000000a0d00000, 0x00000000a0e00000, 0x00000000a0e00000|100%| O|  |TAMS 0x00000000a0e00000, 0x00000000a0e00000| Untracked 
|  14|0x00000000a0e00000, 0x00000000a0f00000, 0x00000000a0f00000|100%| O|  |TAMS 0x00000000a0f00000, 0x00000000a0f00000| Untracked 
|  15|0x00000000a0f00000, 0x00000000a1000000, 0x00000000a1000000|100%| O|  |TAMS 0x00000000a1000000, 0x00000000a1000000| Untracked 
|  16|0x00000000a1000000, 0x00000000a1100000, 0x00000000a1100000|100%| O|  |TAMS 0x00000000a10bd200, 0x00000000a1100000| Untracked 
|  17|0x00000000a1100000, 0x00000000a1200000, 0x00000000a1200000|100%|HS|  |TAMS 0x00000000a1100000, 0x00000000a1200000| Complete 
|  18|0x00000000a1200000, 0x00000000a1300000, 0x00000000a1300000|100%|HS|  |TAMS 0x00000000a1200000, 0x00000000a1300000| Complete 
|  19|0x00000000a1300000, 0x00000000a1300000, 0x00000000a1400000|  0%| F|  |TAMS 0x00000000a1300000, 0x00000000a1300000| Untracked 
|  20|0x00000000a1400000, 0x00000000a1500000, 0x00000000a1500000|100%|HS|  |TAMS 0x00000000a1400000, 0x00000000a1500000| Complete 
|  21|0x00000000a1500000, 0x00000000a1600000, 0x00000000a1600000|100%|HC|  |TAMS 0x00000000a1500000, 0x00000000a1600000| Complete 
|  22|0x00000000a1600000, 0x00000000a1700000, 0x00000000a1700000|100%| O|  |TAMS 0x00000000a1600000, 0x00000000a1700000| Untracked 
|  23|0x00000000a1700000, 0x00000000a1800000, 0x00000000a1800000|100%| O|  |TAMS 0x00000000a1700000, 0x00000000a1800000| Untracked 
|  24|0x00000000a1800000, 0x00000000a1900000, 0x00000000a1900000|100%| O|  |TAMS 0x00000000a1800000, 0x00000000a1900000| Untracked 
|  25|0x00000000a1900000, 0x00000000a1a00000, 0x00000000a1a00000|100%| O|  |TAMS 0x00000000a1900000, 0x00000000a1a00000| Untracked 
|  26|0x00000000a1a00000, 0x00000000a1b00000, 0x00000000a1b00000|100%| O|  |TAMS 0x00000000a1a00000, 0x00000000a1b00000| Untracked 
|  27|0x00000000a1b00000, 0x00000000a1b00000, 0x00000000a1c00000|  0%| F|  |TAMS 0x00000000a1b00000, 0x00000000a1b00000| Untracked 
|  28|0x00000000a1c00000, 0x00000000a1c00000, 0x00000000a1d00000|  0%| F|  |TAMS 0x00000000a1c00000, 0x00000000a1c00000| Untracked 
|  29|0x00000000a1d00000, 0x00000000a1d00000, 0x00000000a1e00000|  0%| F|  |TAMS 0x00000000a1d00000, 0x00000000a1d00000| Untracked 
|  30|0x00000000a1e00000, 0x00000000a1e00000, 0x00000000a1f00000|  0%| F|  |TAMS 0x00000000a1e00000, 0x00000000a1e00000| Untracked 
|  31|0x00000000a1f00000, 0x00000000a1f00000, 0x00000000a2000000|  0%| F|  |TAMS 0x00000000a1f00000, 0x00000000a1f00000| Untracked 
|  32|0x00000000a2000000, 0x00000000a2000000, 0x00000000a2100000|  0%| F|  |TAMS 0x00000000a2000000, 0x00000000a2000000| Untracked 
|  33|0x00000000a2100000, 0x00000000a2100000, 0x00000000a2200000|  0%| F|  |TAMS 0x00000000a2100000, 0x00000000a2100000| Untracked 
|  34|0x00000000a2200000, 0x00000000a2300000, 0x00000000a2300000|100%| O|  |TAMS 0x00000000a2200000, 0x00000000a2300000| Untracked 
|  35|0x00000000a2300000, 0x00000000a2400000, 0x00000000a2400000|100%| O|  |TAMS 0x00000000a2300000, 0x00000000a2400000| Untracked 
|  36|0x00000000a2400000, 0x00000000a2500000, 0x00000000a2500000|100%| O|  |TAMS 0x00000000a2400000, 0x00000000a2500000| Untracked 
|  37|0x00000000a2500000, 0x00000000a2600000, 0x00000000a2600000|100%| O|  |TAMS 0x00000000a2500000, 0x00000000a2600000| Untracked 
|  38|0x00000000a2600000, 0x00000000a2700000, 0x00000000a2700000|100%| O|  |TAMS 0x00000000a2600000, 0x00000000a2700000| Untracked 
|  39|0x00000000a2700000, 0x00000000a2800000, 0x00000000a2800000|100%| O|  |TAMS 0x00000000a2700000, 0x00000000a2800000| Untracked 
|  40|0x00000000a2800000, 0x00000000a2900000, 0x00000000a2900000|100%| O|  |TAMS 0x00000000a2800000, 0x00000000a2900000| Untracked 
|  41|0x00000000a2900000, 0x00000000a2a00000, 0x00000000a2a00000|100%| O|  |TAMS 0x00000000a2900000, 0x00000000a2a00000| Untracked 
|  42|0x00000000a2a00000, 0x00000000a2b00000, 0x00000000a2b00000|100%| O|  |TAMS 0x00000000a2a00000, 0x00000000a2b00000| Untracked 
|  43|0x00000000a2b00000, 0x00000000a2c00000, 0x00000000a2c00000|100%| O|  |TAMS 0x00000000a2b00000, 0x00000000a2c00000| Untracked 
|  44|0x00000000a2c00000, 0x00000000a2d00000, 0x00000000a2d00000|100%| O|  |TAMS 0x00000000a2c00000, 0x00000000a2d00000| Untracked 
|  45|0x00000000a2d00000, 0x00000000a2e00000, 0x00000000a2e00000|100%| O|  |TAMS 0x00000000a2d00000, 0x00000000a2e00000| Untracked 
|  46|0x00000000a2e00000, 0x00000000a2f00000, 0x00000000a2f00000|100%| O|  |TAMS 0x00000000a2e00000, 0x00000000a2f00000| Untracked 
|  47|0x00000000a2f00000, 0x00000000a3000000, 0x00000000a3000000|100%| O|  |TAMS 0x00000000a2f00000, 0x00000000a3000000| Untracked 
|  48|0x00000000a3000000, 0x00000000a3100000, 0x00000000a3100000|100%| O|  |TAMS 0x00000000a3000000, 0x00000000a3100000| Untracked 
|  49|0x00000000a3100000, 0x00000000a3200000, 0x00000000a3200000|100%| O|  |TAMS 0x00000000a3100000, 0x00000000a3200000| Untracked 
|  50|0x00000000a3200000, 0x00000000a32fdc00, 0x00000000a3300000| 99%| O|  |TAMS 0x00000000a3200000, 0x00000000a32fdc00| Untracked 
|  51|0x00000000a3300000, 0x00000000a3300000, 0x00000000a3400000|  0%| F|  |TAMS 0x00000000a3300000, 0x00000000a3300000| Untracked 
|  52|0x00000000a3400000, 0x00000000a3400000, 0x00000000a3500000|  0%| F|  |TAMS 0x00000000a3400000, 0x00000000a3400000| Untracked 
|  53|0x00000000a3500000, 0x00000000a3500000, 0x00000000a3600000|  0%| F|  |TAMS 0x00000000a3500000, 0x00000000a3500000| Untracked 
|  54|0x00000000a3600000, 0x00000000a3600000, 0x00000000a3700000|  0%| F|  |TAMS 0x00000000a3600000, 0x00000000a3600000| Untracked 
|  55|0x00000000a3700000, 0x00000000a3700000, 0x00000000a3800000|  0%| F|  |TAMS 0x00000000a3700000, 0x00000000a3700000| Untracked 
|  56|0x00000000a3800000, 0x00000000a3800000, 0x00000000a3900000|  0%| F|  |TAMS 0x00000000a3800000, 0x00000000a3800000| Untracked 
|  57|0x00000000a3900000, 0x00000000a3900000, 0x00000000a3a00000|  0%| F|  |TAMS 0x00000000a3900000, 0x00000000a3900000| Untracked 
|  58|0x00000000a3a00000, 0x00000000a3a00000, 0x00000000a3b00000|  0%| F|  |TAMS 0x00000000a3a00000, 0x00000000a3a00000| Untracked 
|  59|0x00000000a3b00000, 0x00000000a3b00000, 0x00000000a3c00000|  0%| F|  |TAMS 0x00000000a3b00000, 0x00000000a3b00000| Untracked 
|  60|0x00000000a3c00000, 0x00000000a3c00000, 0x00000000a3d00000|  0%| F|  |TAMS 0x00000000a3c00000, 0x00000000a3c00000| Untracked 
|  61|0x00000000a3d00000, 0x00000000a3d00000, 0x00000000a3e00000|  0%| F|  |TAMS 0x00000000a3d00000, 0x00000000a3d00000| Untracked 
|  62|0x00000000a3e00000, 0x00000000a3e00000, 0x00000000a3f00000|  0%| F|  |TAMS 0x00000000a3e00000, 0x00000000a3e00000| Untracked 
|  63|0x00000000a3f00000, 0x00000000a3f00000, 0x00000000a4000000|  0%| F|  |TAMS 0x00000000a3f00000, 0x00000000a3f00000| Untracked 
|  64|0x00000000a4000000, 0x00000000a4000000, 0x00000000a4100000|  0%| F|  |TAMS 0x00000000a4000000, 0x00000000a4000000| Untracked 
|  65|0x00000000a4100000, 0x00000000a4100000, 0x00000000a4200000|  0%| F|  |TAMS 0x00000000a4100000, 0x00000000a4100000| Untracked 
|  66|0x00000000a4200000, 0x00000000a4200000, 0x00000000a4300000|  0%| F|  |TAMS 0x00000000a4200000, 0x00000000a4200000| Untracked 
|  67|0x00000000a4300000, 0x00000000a4300000, 0x00000000a4400000|  0%| F|  |TAMS 0x00000000a4300000, 0x00000000a4300000| Untracked 
|  68|0x00000000a4400000, 0x00000000a4400000, 0x00000000a4500000|  0%| F|  |TAMS 0x00000000a4400000, 0x00000000a4400000| Untracked 
|  69|0x00000000a4500000, 0x00000000a4500000, 0x00000000a4600000|  0%| F|  |TAMS 0x00000000a4500000, 0x00000000a4500000| Untracked 
|  70|0x00000000a4600000, 0x00000000a4600000, 0x00000000a4700000|  0%| F|  |TAMS 0x00000000a4600000, 0x00000000a4600000| Untracked 
|  71|0x00000000a4700000, 0x00000000a4700000, 0x00000000a4800000|  0%| F|  |TAMS 0x00000000a4700000, 0x00000000a4700000| Untracked 
|  72|0x00000000a4800000, 0x00000000a4800000, 0x00000000a4900000|  0%| F|  |TAMS 0x00000000a4800000, 0x00000000a4800000| Untracked 
|  73|0x00000000a4900000, 0x00000000a4900000, 0x00000000a4a00000|  0%| F|  |TAMS 0x00000000a4900000, 0x00000000a4900000| Untracked 
|  74|0x00000000a4a00000, 0x00000000a4a00000, 0x00000000a4b00000|  0%| F|  |TAMS 0x00000000a4a00000, 0x00000000a4a00000| Untracked 
|  75|0x00000000a4b00000, 0x00000000a4b00000, 0x00000000a4c00000|  0%| F|  |TAMS 0x00000000a4b00000, 0x00000000a4b00000| Untracked 
|  76|0x00000000a4c00000, 0x00000000a4c00000, 0x00000000a4d00000|  0%| F|  |TAMS 0x00000000a4c00000, 0x00000000a4c00000| Untracked 
|  77|0x00000000a4d00000, 0x00000000a4d00000, 0x00000000a4e00000|  0%| F|  |TAMS 0x00000000a4d00000, 0x00000000a4d00000| Untracked 
|  78|0x00000000a4e00000, 0x00000000a4e00000, 0x00000000a4f00000|  0%| F|  |TAMS 0x00000000a4e00000, 0x00000000a4e00000| Untracked 
|  79|0x00000000a4f00000, 0x00000000a4f00000, 0x00000000a5000000|  0%| F|  |TAMS 0x00000000a4f00000, 0x00000000a4f00000| Untracked 
|  80|0x00000000a5000000, 0x00000000a5000000, 0x00000000a5100000|  0%| F|  |TAMS 0x00000000a5000000, 0x00000000a5000000| Untracked 
|  81|0x00000000a5100000, 0x00000000a5100000, 0x00000000a5200000|  0%| F|  |TAMS 0x00000000a5100000, 0x00000000a5100000| Untracked 
|  82|0x00000000a5200000, 0x00000000a5200000, 0x00000000a5300000|  0%| F|  |TAMS 0x00000000a5200000, 0x00000000a5200000| Untracked 
|  83|0x00000000a5300000, 0x00000000a5300000, 0x00000000a5400000|  0%| F|  |TAMS 0x00000000a5300000, 0x00000000a5300000| Untracked 
|  84|0x00000000a5400000, 0x00000000a5400000, 0x00000000a5500000|  0%| F|  |TAMS 0x00000000a5400000, 0x00000000a5400000| Untracked 
|  85|0x00000000a5500000, 0x00000000a5500000, 0x00000000a5600000|  0%| F|  |TAMS 0x00000000a5500000, 0x00000000a5500000| Untracked 
|  86|0x00000000a5600000, 0x00000000a5600000, 0x00000000a5700000|  0%| F|  |TAMS 0x00000000a5600000, 0x00000000a5600000| Untracked 
|  87|0x00000000a5700000, 0x00000000a5700000, 0x00000000a5800000|  0%| F|  |TAMS 0x00000000a5700000, 0x00000000a5700000| Untracked 
|  88|0x00000000a5800000, 0x00000000a5800000, 0x00000000a5900000|  0%| F|  |TAMS 0x00000000a5800000, 0x00000000a5800000| Untracked 
|  89|0x00000000a5900000, 0x00000000a5900000, 0x00000000a5a00000|  0%| F|  |TAMS 0x00000000a5900000, 0x00000000a5900000| Untracked 
|  90|0x00000000a5a00000, 0x00000000a5a00000, 0x00000000a5b00000|  0%| F|  |TAMS 0x00000000a5a00000, 0x00000000a5a00000| Untracked 
|  91|0x00000000a5b00000, 0x00000000a5b00000, 0x00000000a5c00000|  0%| F|  |TAMS 0x00000000a5b00000, 0x00000000a5b00000| Untracked 
|  92|0x00000000a5c00000, 0x00000000a5c00000, 0x00000000a5d00000|  0%| F|  |TAMS 0x00000000a5c00000, 0x00000000a5c00000| Untracked 
|  93|0x00000000a5d00000, 0x00000000a5d00000, 0x00000000a5e00000|  0%| F|  |TAMS 0x00000000a5d00000, 0x00000000a5d00000| Untracked 
|  94|0x00000000a5e00000, 0x00000000a5e00000, 0x00000000a5f00000|  0%| F|  |TAMS 0x00000000a5e00000, 0x00000000a5e00000| Untracked 
|  95|0x00000000a5f00000, 0x00000000a5f00000, 0x00000000a6000000|  0%| F|  |TAMS 0x00000000a5f00000, 0x00000000a5f00000| Untracked 
|  96|0x00000000a6000000, 0x00000000a6000000, 0x00000000a6100000|  0%| F|  |TAMS 0x00000000a6000000, 0x00000000a6000000| Untracked 
|  97|0x00000000a6100000, 0x00000000a6100000, 0x00000000a6200000|  0%| F|  |TAMS 0x00000000a6100000, 0x00000000a6100000| Untracked 
|  98|0x00000000a6200000, 0x00000000a6200000, 0x00000000a6300000|  0%| F|  |TAMS 0x00000000a6200000, 0x00000000a6200000| Untracked 
|  99|0x00000000a6300000, 0x00000000a6300000, 0x00000000a6400000|  0%| F|  |TAMS 0x00000000a6300000, 0x00000000a6300000| Untracked 
| 100|0x00000000a6400000, 0x00000000a6400000, 0x00000000a6500000|  0%| F|  |TAMS 0x00000000a6400000, 0x00000000a6400000| Untracked 
| 101|0x00000000a6500000, 0x00000000a6500000, 0x00000000a6600000|  0%| F|  |TAMS 0x00000000a6500000, 0x00000000a6500000| Untracked 
| 102|0x00000000a6600000, 0x00000000a6600000, 0x00000000a6700000|  0%| F|  |TAMS 0x00000000a6600000, 0x00000000a6600000| Untracked 
| 103|0x00000000a6700000, 0x00000000a6700000, 0x00000000a6800000|  0%| F|  |TAMS 0x00000000a6700000, 0x00000000a6700000| Untracked 
| 104|0x00000000a6800000, 0x00000000a6800000, 0x00000000a6900000|  0%| F|  |TAMS 0x00000000a6800000, 0x00000000a6800000| Untracked 
| 105|0x00000000a6900000, 0x00000000a6900000, 0x00000000a6a00000|  0%| F|  |TAMS 0x00000000a6900000, 0x00000000a6900000| Untracked 
| 106|0x00000000a6a00000, 0x00000000a6a00000, 0x00000000a6b00000|  0%| F|  |TAMS 0x00000000a6a00000, 0x00000000a6a00000| Untracked 
| 107|0x00000000a6b00000, 0x00000000a6b00000, 0x00000000a6c00000|  0%| F|  |TAMS 0x00000000a6b00000, 0x00000000a6b00000| Untracked 
| 108|0x00000000a6c00000, 0x00000000a6c42928, 0x00000000a6d00000| 26%| S|CS|TAMS 0x00000000a6c00000, 0x00000000a6c00000| Complete 
| 109|0x00000000a6d00000, 0x00000000a6e00000, 0x00000000a6e00000|100%| S|CS|TAMS 0x00000000a6d00000, 0x00000000a6d00000| Complete 
| 110|0x00000000a6e00000, 0x00000000a6e00000, 0x00000000a6f00000|  0%| F|  |TAMS 0x00000000a6e00000, 0x00000000a6e00000| Untracked 
| 111|0x00000000a6f00000, 0x00000000a6f00000, 0x00000000a7000000|  0%| F|  |TAMS 0x00000000a6f00000, 0x00000000a6f00000| Untracked 
| 112|0x00000000a7000000, 0x00000000a7000000, 0x00000000a7100000|  0%| F|  |TAMS 0x00000000a7000000, 0x00000000a7000000| Untracked 
| 113|0x00000000a7100000, 0x00000000a7100000, 0x00000000a7200000|  0%| F|  |TAMS 0x00000000a7100000, 0x00000000a7100000| Untracked 
| 114|0x00000000a7200000, 0x00000000a7200000, 0x00000000a7300000|  0%| F|  |TAMS 0x00000000a7200000, 0x00000000a7200000| Untracked 
| 115|0x00000000a7300000, 0x00000000a7300000, 0x00000000a7400000|  0%| F|  |TAMS 0x00000000a7300000, 0x00000000a7300000| Untracked 
| 116|0x00000000a7400000, 0x00000000a7400000, 0x00000000a7500000|  0%| F|  |TAMS 0x00000000a7400000, 0x00000000a7400000| Untracked 
| 117|0x00000000a7500000, 0x00000000a7500000, 0x00000000a7600000|  0%| F|  |TAMS 0x00000000a7500000, 0x00000000a7500000| Untracked 
| 118|0x00000000a7600000, 0x00000000a7600000, 0x00000000a7700000|  0%| F|  |TAMS 0x00000000a7600000, 0x00000000a7600000| Untracked 
| 119|0x00000000a7700000, 0x00000000a7700000, 0x00000000a7800000|  0%| F|  |TAMS 0x00000000a7700000, 0x00000000a7700000| Untracked 
| 120|0x00000000a7800000, 0x00000000a7800000, 0x00000000a7900000|  0%| F|  |TAMS 0x00000000a7800000, 0x00000000a7800000| Untracked 
| 121|0x00000000a7900000, 0x00000000a7a00000, 0x00000000a7a00000|100%| S|CS|TAMS 0x00000000a7900000, 0x00000000a7900000| Complete 
| 122|0x00000000a7a00000, 0x00000000a7b00000, 0x00000000a7b00000|100%| S|CS|TAMS 0x00000000a7a00000, 0x00000000a7a00000| Complete 
| 123|0x00000000a7b00000, 0x00000000a7c00000, 0x00000000a7c00000|100%| S|CS|TAMS 0x00000000a7b00000, 0x00000000a7b00000| Complete 
| 124|0x00000000a7c00000, 0x00000000a7d00000, 0x00000000a7d00000|100%| S|CS|TAMS 0x00000000a7c00000, 0x00000000a7c00000| Complete 
| 125|0x00000000a7d00000, 0x00000000a7e00000, 0x00000000a7e00000|100%| S|CS|TAMS 0x00000000a7d00000, 0x00000000a7d00000| Complete 
| 126|0x00000000a7e00000, 0x00000000a7f00000, 0x00000000a7f00000|100%| S|CS|TAMS 0x00000000a7e00000, 0x00000000a7e00000| Complete 
| 127|0x00000000a7f00000, 0x00000000a8000000, 0x00000000a8000000|100%| S|CS|TAMS 0x00000000a7f00000, 0x00000000a7f00000| Complete 
| 128|0x00000000a8000000, 0x00000000a8100000, 0x00000000a8100000|100%| S|CS|TAMS 0x00000000a8000000, 0x00000000a8000000| Complete 
| 129|0x00000000a8100000, 0x00000000a8200000, 0x00000000a8200000|100%| S|CS|TAMS 0x00000000a8100000, 0x00000000a8100000| Complete 
| 130|0x00000000a8200000, 0x00000000a8300000, 0x00000000a8300000|100%| S|CS|TAMS 0x00000000a8200000, 0x00000000a8200000| Complete 
| 131|0x00000000a8300000, 0x00000000a8400000, 0x00000000a8400000|100%| S|CS|TAMS 0x00000000a8300000, 0x00000000a8300000| Complete 
| 132|0x00000000a8400000, 0x00000000a8500000, 0x00000000a8500000|100%| S|CS|TAMS 0x00000000a8400000, 0x00000000a8400000| Complete 
| 133|0x00000000a8500000, 0x00000000a8600000, 0x00000000a8600000|100%| S|CS|TAMS 0x00000000a8500000, 0x00000000a8500000| Complete 
| 134|0x00000000a8600000, 0x00000000a8700000, 0x00000000a8700000|100%| S|CS|TAMS 0x00000000a8600000, 0x00000000a8600000| Complete 
| 135|0x00000000a8700000, 0x00000000a8800000, 0x00000000a8800000|100%| S|CS|TAMS 0x00000000a8700000, 0x00000000a8700000| Complete 
| 136|0x00000000a8800000, 0x00000000a8900000, 0x00000000a8900000|100%| S|CS|TAMS 0x00000000a8800000, 0x00000000a8800000| Complete 
| 137|0x00000000a8900000, 0x00000000a8900000, 0x00000000a8a00000|  0%| F|  |TAMS 0x00000000a8900000, 0x00000000a8900000| Untracked 
| 138|0x00000000a8a00000, 0x00000000a8a00000, 0x00000000a8b00000|  0%| F|  |TAMS 0x00000000a8a00000, 0x00000000a8a00000| Untracked 
| 139|0x00000000a8b00000, 0x00000000a8b00000, 0x00000000a8c00000|  0%| F|  |TAMS 0x00000000a8b00000, 0x00000000a8b00000| Untracked 
| 140|0x00000000a8c00000, 0x00000000a8c00000, 0x00000000a8d00000|  0%| F|  |TAMS 0x00000000a8c00000, 0x00000000a8c00000| Untracked 
| 141|0x00000000a8d00000, 0x00000000a8d00000, 0x00000000a8e00000|  0%| F|  |TAMS 0x00000000a8d00000, 0x00000000a8d00000| Untracked 
| 142|0x00000000a8e00000, 0x00000000a8e00000, 0x00000000a8f00000|  0%| F|  |TAMS 0x00000000a8e00000, 0x00000000a8e00000| Untracked 
| 143|0x00000000a8f00000, 0x00000000a8f00000, 0x00000000a9000000|  0%| F|  |TAMS 0x00000000a8f00000, 0x00000000a8f00000| Untracked 
| 144|0x00000000a9000000, 0x00000000a9000000, 0x00000000a9100000|  0%| F|  |TAMS 0x00000000a9000000, 0x00000000a9000000| Untracked 
| 145|0x00000000a9100000, 0x00000000a9100000, 0x00000000a9200000|  0%| F|  |TAMS 0x00000000a9100000, 0x00000000a9100000| Untracked 
| 146|0x00000000a9200000, 0x00000000a9200000, 0x00000000a9300000|  0%| F|  |TAMS 0x00000000a9200000, 0x00000000a9200000| Untracked 
| 147|0x00000000a9300000, 0x00000000a9300000, 0x00000000a9400000|  0%| F|  |TAMS 0x00000000a9300000, 0x00000000a9300000| Untracked 
| 148|0x00000000a9400000, 0x00000000a9400000, 0x00000000a9500000|  0%| F|  |TAMS 0x00000000a9400000, 0x00000000a9400000| Untracked 
| 149|0x00000000a9500000, 0x00000000a9500000, 0x00000000a9600000|  0%| F|  |TAMS 0x00000000a9500000, 0x00000000a9500000| Untracked 
| 150|0x00000000a9600000, 0x00000000a9600000, 0x00000000a9700000|  0%| F|  |TAMS 0x00000000a9600000, 0x00000000a9600000| Untracked 
| 151|0x00000000a9700000, 0x00000000a9700000, 0x00000000a9800000|  0%| F|  |TAMS 0x00000000a9700000, 0x00000000a9700000| Untracked 
| 152|0x00000000a9800000, 0x00000000a9800000, 0x00000000a9900000|  0%| F|  |TAMS 0x00000000a9800000, 0x00000000a9800000| Untracked 
| 153|0x00000000a9900000, 0x00000000a9900000, 0x00000000a9a00000|  0%| F|  |TAMS 0x00000000a9900000, 0x00000000a9900000| Untracked 
| 154|0x00000000a9a00000, 0x00000000a9a00000, 0x00000000a9b00000|  0%| F|  |TAMS 0x00000000a9a00000, 0x00000000a9a00000| Untracked 
| 155|0x00000000a9b00000, 0x00000000a9b00000, 0x00000000a9c00000|  0%| F|  |TAMS 0x00000000a9b00000, 0x00000000a9b00000| Untracked 
| 156|0x00000000a9c00000, 0x00000000a9c00000, 0x00000000a9d00000|  0%| F|  |TAMS 0x00000000a9c00000, 0x00000000a9c00000| Untracked 
| 157|0x00000000a9d00000, 0x00000000a9d00000, 0x00000000a9e00000|  0%| F|  |TAMS 0x00000000a9d00000, 0x00000000a9d00000| Untracked 
| 158|0x00000000a9e00000, 0x00000000a9e00000, 0x00000000a9f00000|  0%| F|  |TAMS 0x00000000a9e00000, 0x00000000a9e00000| Untracked 
| 159|0x00000000a9f00000, 0x00000000a9f00000, 0x00000000aa000000|  0%| F|  |TAMS 0x00000000a9f00000, 0x00000000a9f00000| Untracked 
| 160|0x00000000aa000000, 0x00000000aa000000, 0x00000000aa100000|  0%| F|  |TAMS 0x00000000aa000000, 0x00000000aa000000| Untracked 
| 161|0x00000000aa100000, 0x00000000aa100000, 0x00000000aa200000|  0%| F|  |TAMS 0x00000000aa100000, 0x00000000aa100000| Untracked 
| 162|0x00000000aa200000, 0x00000000aa200000, 0x00000000aa300000|  0%| F|  |TAMS 0x00000000aa200000, 0x00000000aa200000| Untracked 
| 163|0x00000000aa300000, 0x00000000aa300000, 0x00000000aa400000|  0%| F|  |TAMS 0x00000000aa300000, 0x00000000aa300000| Untracked 
| 164|0x00000000aa400000, 0x00000000aa400000, 0x00000000aa500000|  0%| F|  |TAMS 0x00000000aa400000, 0x00000000aa400000| Untracked 
| 165|0x00000000aa500000, 0x00000000aa500000, 0x00000000aa600000|  0%| F|  |TAMS 0x00000000aa500000, 0x00000000aa500000| Untracked 
| 166|0x00000000aa600000, 0x00000000aa600000, 0x00000000aa700000|  0%| F|  |TAMS 0x00000000aa600000, 0x00000000aa600000| Untracked 
| 167|0x00000000aa700000, 0x00000000aa700000, 0x00000000aa800000|  0%| F|  |TAMS 0x00000000aa700000, 0x00000000aa700000| Untracked 
| 168|0x00000000aa800000, 0x00000000aa800000, 0x00000000aa900000|  0%| F|  |TAMS 0x00000000aa800000, 0x00000000aa800000| Untracked 
| 169|0x00000000aa900000, 0x00000000aa900000, 0x00000000aaa00000|  0%| F|  |TAMS 0x00000000aa900000, 0x00000000aa900000| Untracked 
| 170|0x00000000aaa00000, 0x00000000aaa00000, 0x00000000aab00000|  0%| F|  |TAMS 0x00000000aaa00000, 0x00000000aaa00000| Untracked 
| 171|0x00000000aab00000, 0x00000000aab00000, 0x00000000aac00000|  0%| F|  |TAMS 0x00000000aab00000, 0x00000000aab00000| Untracked 
| 172|0x00000000aac00000, 0x00000000aac00000, 0x00000000aad00000|  0%| F|  |TAMS 0x00000000aac00000, 0x00000000aac00000| Untracked 
| 173|0x00000000aad00000, 0x00000000aad00000, 0x00000000aae00000|  0%| F|  |TAMS 0x00000000aad00000, 0x00000000aad00000| Untracked 
| 174|0x00000000aae00000, 0x00000000aae00000, 0x00000000aaf00000|  0%| F|  |TAMS 0x00000000aae00000, 0x00000000aae00000| Untracked 
| 175|0x00000000aaf00000, 0x00000000aaf00000, 0x00000000ab000000|  0%| F|  |TAMS 0x00000000aaf00000, 0x00000000aaf00000| Untracked 
| 176|0x00000000ab000000, 0x00000000ab000000, 0x00000000ab100000|  0%| F|  |TAMS 0x00000000ab000000, 0x00000000ab000000| Untracked 
| 177|0x00000000ab100000, 0x00000000ab100000, 0x00000000ab200000|  0%| F|  |TAMS 0x00000000ab100000, 0x00000000ab100000| Untracked 
| 178|0x00000000ab200000, 0x00000000ab200000, 0x00000000ab300000|  0%| F|  |TAMS 0x00000000ab200000, 0x00000000ab200000| Untracked 
| 179|0x00000000ab300000, 0x00000000ab300000, 0x00000000ab400000|  0%| F|  |TAMS 0x00000000ab300000, 0x00000000ab300000| Untracked 
| 180|0x00000000ab400000, 0x00000000ab400000, 0x00000000ab500000|  0%| F|  |TAMS 0x00000000ab400000, 0x00000000ab400000| Untracked 
| 181|0x00000000ab500000, 0x00000000ab500000, 0x00000000ab600000|  0%| F|  |TAMS 0x00000000ab500000, 0x00000000ab500000| Untracked 
| 182|0x00000000ab600000, 0x00000000ab600000, 0x00000000ab700000|  0%| F|  |TAMS 0x00000000ab600000, 0x00000000ab600000| Untracked 
| 183|0x00000000ab700000, 0x00000000ab700000, 0x00000000ab800000|  0%| F|  |TAMS 0x00000000ab700000, 0x00000000ab700000| Untracked 
| 184|0x00000000ab800000, 0x00000000ab800000, 0x00000000ab900000|  0%| F|  |TAMS 0x00000000ab800000, 0x00000000ab800000| Untracked 
| 185|0x00000000ab900000, 0x00000000ab900000, 0x00000000aba00000|  0%| F|  |TAMS 0x00000000ab900000, 0x00000000ab900000| Untracked 
| 186|0x00000000aba00000, 0x00000000aba00000, 0x00000000abb00000|  0%| F|  |TAMS 0x00000000aba00000, 0x00000000aba00000| Untracked 
| 187|0x00000000abb00000, 0x00000000abb00000, 0x00000000abc00000|  0%| F|  |TAMS 0x00000000abb00000, 0x00000000abb00000| Untracked 
| 188|0x00000000abc00000, 0x00000000abc00000, 0x00000000abd00000|  0%| F|  |TAMS 0x00000000abc00000, 0x00000000abc00000| Untracked 
| 189|0x00000000abd00000, 0x00000000abd00000, 0x00000000abe00000|  0%| F|  |TAMS 0x00000000abd00000, 0x00000000abd00000| Untracked 
| 190|0x00000000abe00000, 0x00000000abe00000, 0x00000000abf00000|  0%| F|  |TAMS 0x00000000abe00000, 0x00000000abe00000| Untracked 
| 191|0x00000000abf00000, 0x00000000abf00000, 0x00000000ac000000|  0%| F|  |TAMS 0x00000000abf00000, 0x00000000abf00000| Untracked 
| 192|0x00000000ac000000, 0x00000000ac000000, 0x00000000ac100000|  0%| F|  |TAMS 0x00000000ac000000, 0x00000000ac000000| Untracked 
| 193|0x00000000ac100000, 0x00000000ac100000, 0x00000000ac200000|  0%| F|  |TAMS 0x00000000ac100000, 0x00000000ac100000| Untracked 
| 194|0x00000000ac200000, 0x00000000ac200000, 0x00000000ac300000|  0%| F|  |TAMS 0x00000000ac200000, 0x00000000ac200000| Untracked 
| 195|0x00000000ac300000, 0x00000000ac300000, 0x00000000ac400000|  0%| F|  |TAMS 0x00000000ac300000, 0x00000000ac300000| Untracked 
| 196|0x00000000ac400000, 0x00000000ac400000, 0x00000000ac500000|  0%| F|  |TAMS 0x00000000ac400000, 0x00000000ac400000| Untracked 
| 197|0x00000000ac500000, 0x00000000ac500000, 0x00000000ac600000|  0%| F|  |TAMS 0x00000000ac500000, 0x00000000ac500000| Untracked 
| 198|0x00000000ac600000, 0x00000000ac600000, 0x00000000ac700000|  0%| F|  |TAMS 0x00000000ac600000, 0x00000000ac600000| Untracked 
| 199|0x00000000ac700000, 0x00000000ac700000, 0x00000000ac800000|  0%| F|  |TAMS 0x00000000ac700000, 0x00000000ac700000| Untracked 
| 200|0x00000000ac800000, 0x00000000ac800000, 0x00000000ac900000|  0%| F|  |TAMS 0x00000000ac800000, 0x00000000ac800000| Untracked 
| 201|0x00000000ac900000, 0x00000000ac900000, 0x00000000aca00000|  0%| F|  |TAMS 0x00000000ac900000, 0x00000000ac900000| Untracked 
| 202|0x00000000aca00000, 0x00000000aca00000, 0x00000000acb00000|  0%| F|  |TAMS 0x00000000aca00000, 0x00000000aca00000| Untracked 
| 203|0x00000000acb00000, 0x00000000acb00000, 0x00000000acc00000|  0%| F|  |TAMS 0x00000000acb00000, 0x00000000acb00000| Untracked 
| 204|0x00000000acc00000, 0x00000000acc00000, 0x00000000acd00000|  0%| F|  |TAMS 0x00000000acc00000, 0x00000000acc00000| Untracked 
| 205|0x00000000acd00000, 0x00000000acd00000, 0x00000000ace00000|  0%| F|  |TAMS 0x00000000acd00000, 0x00000000acd00000| Untracked 
| 206|0x00000000ace00000, 0x00000000ace00000, 0x00000000acf00000|  0%| F|  |TAMS 0x00000000ace00000, 0x00000000ace00000| Untracked 
| 207|0x00000000acf00000, 0x00000000acf00000, 0x00000000ad000000|  0%| F|  |TAMS 0x00000000acf00000, 0x00000000acf00000| Untracked 
| 208|0x00000000ad000000, 0x00000000ad000000, 0x00000000ad100000|  0%| F|  |TAMS 0x00000000ad000000, 0x00000000ad000000| Untracked 
| 209|0x00000000ad100000, 0x00000000ad100000, 0x00000000ad200000|  0%| F|  |TAMS 0x00000000ad100000, 0x00000000ad100000| Untracked 
| 210|0x00000000ad200000, 0x00000000ad200000, 0x00000000ad300000|  0%| F|  |TAMS 0x00000000ad200000, 0x00000000ad200000| Untracked 
| 211|0x00000000ad300000, 0x00000000ad300000, 0x00000000ad400000|  0%| F|  |TAMS 0x00000000ad300000, 0x00000000ad300000| Untracked 
| 212|0x00000000ad400000, 0x00000000ad400000, 0x00000000ad500000|  0%| F|  |TAMS 0x00000000ad400000, 0x00000000ad400000| Untracked 
| 213|0x00000000ad500000, 0x00000000ad500000, 0x00000000ad600000|  0%| F|  |TAMS 0x00000000ad500000, 0x00000000ad500000| Untracked 
| 214|0x00000000ad600000, 0x00000000ad600000, 0x00000000ad700000|  0%| F|  |TAMS 0x00000000ad600000, 0x00000000ad600000| Untracked 
| 215|0x00000000ad700000, 0x00000000ad700000, 0x00000000ad800000|  0%| F|  |TAMS 0x00000000ad700000, 0x00000000ad700000| Untracked 
| 216|0x00000000ad800000, 0x00000000ad800000, 0x00000000ad900000|  0%| F|  |TAMS 0x00000000ad800000, 0x00000000ad800000| Untracked 
| 217|0x00000000ad900000, 0x00000000ad900000, 0x00000000ada00000|  0%| F|  |TAMS 0x00000000ad900000, 0x00000000ad900000| Untracked 
| 218|0x00000000ada00000, 0x00000000ada00000, 0x00000000adb00000|  0%| F|  |TAMS 0x00000000ada00000, 0x00000000ada00000| Untracked 
| 219|0x00000000adb00000, 0x00000000adb00000, 0x00000000adc00000|  0%| F|  |TAMS 0x00000000adb00000, 0x00000000adb00000| Untracked 
| 220|0x00000000adc00000, 0x00000000adc00000, 0x00000000add00000|  0%| F|  |TAMS 0x00000000adc00000, 0x00000000adc00000| Untracked 
| 221|0x00000000add00000, 0x00000000add00000, 0x00000000ade00000|  0%| F|  |TAMS 0x00000000add00000, 0x00000000add00000| Untracked 
| 222|0x00000000ade00000, 0x00000000ade00000, 0x00000000adf00000|  0%| F|  |TAMS 0x00000000ade00000, 0x00000000ade00000| Untracked 
| 223|0x00000000adf00000, 0x00000000adf00000, 0x00000000ae000000|  0%| F|  |TAMS 0x00000000adf00000, 0x00000000adf00000| Untracked 
| 224|0x00000000ae000000, 0x00000000ae000000, 0x00000000ae100000|  0%| F|  |TAMS 0x00000000ae000000, 0x00000000ae000000| Untracked 
| 225|0x00000000ae100000, 0x00000000ae100000, 0x00000000ae200000|  0%| F|  |TAMS 0x00000000ae100000, 0x00000000ae100000| Untracked 
| 226|0x00000000ae200000, 0x00000000ae200000, 0x00000000ae300000|  0%| F|  |TAMS 0x00000000ae200000, 0x00000000ae200000| Untracked 
| 227|0x00000000ae300000, 0x00000000ae300000, 0x00000000ae400000|  0%| F|  |TAMS 0x00000000ae300000, 0x00000000ae300000| Untracked 
| 228|0x00000000ae400000, 0x00000000ae400000, 0x00000000ae500000|  0%| F|  |TAMS 0x00000000ae400000, 0x00000000ae400000| Untracked 
| 229|0x00000000ae500000, 0x00000000ae500000, 0x00000000ae600000|  0%| F|  |TAMS 0x00000000ae500000, 0x00000000ae500000| Untracked 
| 230|0x00000000ae600000, 0x00000000ae600000, 0x00000000ae700000|  0%| F|  |TAMS 0x00000000ae600000, 0x00000000ae600000| Untracked 
| 231|0x00000000ae700000, 0x00000000ae700000, 0x00000000ae800000|  0%| F|  |TAMS 0x00000000ae700000, 0x00000000ae700000| Untracked 
| 232|0x00000000ae800000, 0x00000000ae800000, 0x00000000ae900000|  0%| F|  |TAMS 0x00000000ae800000, 0x00000000ae800000| Untracked 
| 233|0x00000000ae900000, 0x00000000ae900000, 0x00000000aea00000|  0%| F|  |TAMS 0x00000000ae900000, 0x00000000ae900000| Untracked 
| 234|0x00000000aea00000, 0x00000000aea00000, 0x00000000aeb00000|  0%| F|  |TAMS 0x00000000aea00000, 0x00000000aea00000| Untracked 
| 235|0x00000000aeb00000, 0x00000000aeb00000, 0x00000000aec00000|  0%| F|  |TAMS 0x00000000aeb00000, 0x00000000aeb00000| Untracked 
| 236|0x00000000aec00000, 0x00000000aec00000, 0x00000000aed00000|  0%| F|  |TAMS 0x00000000aec00000, 0x00000000aec00000| Untracked 
| 237|0x00000000aed00000, 0x00000000aed00000, 0x00000000aee00000|  0%| F|  |TAMS 0x00000000aed00000, 0x00000000aed00000| Untracked 
| 238|0x00000000aee00000, 0x00000000aee00000, 0x00000000aef00000|  0%| F|  |TAMS 0x00000000aee00000, 0x00000000aee00000| Untracked 
| 239|0x00000000aef00000, 0x00000000aef00000, 0x00000000af000000|  0%| F|  |TAMS 0x00000000aef00000, 0x00000000aef00000| Untracked 
| 240|0x00000000af000000, 0x00000000af000000, 0x00000000af100000|  0%| F|  |TAMS 0x00000000af000000, 0x00000000af000000| Untracked 
| 241|0x00000000af100000, 0x00000000af100000, 0x00000000af200000|  0%| F|  |TAMS 0x00000000af100000, 0x00000000af100000| Untracked 
| 242|0x00000000af200000, 0x00000000af200000, 0x00000000af300000|  0%| F|  |TAMS 0x00000000af200000, 0x00000000af200000| Untracked 
| 243|0x00000000af300000, 0x00000000af300000, 0x00000000af400000|  0%| F|  |TAMS 0x00000000af300000, 0x00000000af300000| Untracked 
| 244|0x00000000af400000, 0x00000000af400000, 0x00000000af500000|  0%| F|  |TAMS 0x00000000af400000, 0x00000000af400000| Untracked 
| 245|0x00000000af500000, 0x00000000af500000, 0x00000000af600000|  0%| F|  |TAMS 0x00000000af500000, 0x00000000af500000| Untracked 
| 246|0x00000000af600000, 0x00000000af600000, 0x00000000af700000|  0%| F|  |TAMS 0x00000000af600000, 0x00000000af600000| Untracked 
| 247|0x00000000af700000, 0x00000000af700000, 0x00000000af800000|  0%| F|  |TAMS 0x00000000af700000, 0x00000000af700000| Untracked 
| 248|0x00000000af800000, 0x00000000af800000, 0x00000000af900000|  0%| F|  |TAMS 0x00000000af800000, 0x00000000af800000| Untracked 
| 249|0x00000000af900000, 0x00000000af900000, 0x00000000afa00000|  0%| F|  |TAMS 0x00000000af900000, 0x00000000af900000| Untracked 
| 250|0x00000000afa00000, 0x00000000afa00000, 0x00000000afb00000|  0%| F|  |TAMS 0x00000000afa00000, 0x00000000afa00000| Untracked 
| 251|0x00000000afb00000, 0x00000000afb00000, 0x00000000afc00000|  0%| F|  |TAMS 0x00000000afb00000, 0x00000000afb00000| Untracked 
| 252|0x00000000afc00000, 0x00000000afc00000, 0x00000000afd00000|  0%| F|  |TAMS 0x00000000afc00000, 0x00000000afc00000| Untracked 
| 253|0x00000000afd00000, 0x00000000afe00000, 0x00000000afe00000|100%| E|  |TAMS 0x00000000afd00000, 0x00000000afd00000| Complete 

Card table byte_map: [0x000001b9d1aa0000,0x000001b9d1da0000] _byte_map_base: 0x000001b9d15a0000

Marking Bits (Prev, Next): (CMBitMap*) 0x000001b9be96e0e0, (CMBitMap*) 0x000001b9be96e0a8
 Prev Bits: [0x000001b9d38a0000, 0x000001b9d50a0000)
 Next Bits: [0x000001b9d20a0000, 0x000001b9d38a0000)

Polling page: 0x000001b9be110000

Metaspace:

Usage:
  Non-class:     67.14 MB capacity,    65.97 MB ( 98%) used,  1006.19 KB (  1%) free+waste,   193.31 KB ( <1%) overhead. 
      Class:     10.54 MB capacity,     9.86 MB ( 94%) used,   604.08 KB (  6%) free+waste,    89.44 KB ( <1%) overhead. 
       Both:     77.68 MB capacity,    75.83 MB ( 98%) used,     1.57 MB (  2%) free+waste,   282.75 KB ( <1%) overhead. 

Virtual space:
  Non-class space:       68.00 MB reserved,      67.31 MB ( 99%) committed 
      Class space:        1.00 GB reserved,      10.57 MB (  1%) committed 
             Both:        1.07 GB reserved,      77.88 MB (  7%) committed 

Chunk freelists:
   Non-Class:  50.00 KB
       Class:  27.00 KB
        Both:  77.00 KB

MaxMetaspaceSize: 17179869184.00 GB
CompressedClassSpaceSize: 1.00 GB
Initial GC threshold: 20.80 MB
Current GC threshold: 77.96 MB
CDS: off

CodeHeap 'non-profiled nmethods': size=120000Kb used=4772Kb max_used=4772Kb free=115227Kb
 bounds [0x000001b9c9f30000, 0x000001b9ca3e0000, 0x000001b9d1460000]
CodeHeap 'profiled nmethods': size=120000Kb used=16172Kb max_used=16172Kb free=103827Kb
 bounds [0x000001b9c2a00000, 0x000001b9c39d0000, 0x000001b9c9f30000]
CodeHeap 'non-nmethods': size=5760Kb used=2357Kb max_used=2413Kb free=3402Kb
 bounds [0x000001b9c2460000, 0x000001b9c26d0000, 0x000001b9c2a00000]
 total_blobs=8394 nmethods=7522 adapters=784
 compilation: enabled
              stopped_count=0, restarted_count=0
 full_count=0

Compilation events (20 events):
Event: 11.723 Thread 0x000001b9d83d8800 nmethod 7526 0x000001b9c39c8410 code [0x000001b9c39c85c0, 0x000001b9c39c8698]
Event: 11.725 Thread 0x000001b9d83d8800 7528       3       com.sun.xml.bind.v2.util.QNameMap::getEntry (105 bytes)
Event: 11.725 Thread 0x000001b9d83d8800 nmethod 7528 0x000001b9c39c8710 code [0x000001b9c39c88e0, 0x000001b9c39c8c08]
Event: 11.725 Thread 0x000001b9d83d8800 7527       3       com.sun.xml.bind.v2.util.QNameMap::get (18 bytes)
Event: 11.725 Thread 0x000001b9d83d8800 nmethod 7527 0x000001b9c39c8d90 code [0x000001b9c39c8f60, 0x000001b9c39c90e8]
Event: 11.725 Thread 0x000001b9d83d8800 7530       3       com.sun.xml.bind.v2.model.impl.RuntimeTypeRefImpl::getTarget (5 bytes)
Event: 11.726 Thread 0x000001b9d83d8800 nmethod 7530 0x000001b9c39c9210 code [0x000001b9c39c93e0, 0x000001b9c39c9728]
Event: 11.726 Thread 0x000001b9d83d8800 7531       1       com.sun.xml.bind.v2.model.impl.TypeRefImpl::isNillable (5 bytes)
Event: 11.726 Thread 0x000001b9d83d8800 nmethod 7531 0x000001b9ca3d8890 code [0x000001b9ca3d8a40, 0x000001b9ca3d8af8]
Event: 11.726 Thread 0x000001b9d83d8800 7532       3       com.sun.xml.bind.v2.runtime.NameBuilder::allocIndex (39 bytes)
Event: 11.726 Thread 0x000001b9d83d8800 nmethod 7532 0x000001b9c39c9810 code [0x000001b9c39c9a20, 0x000001b9c39ca078]
Event: 11.726 Thread 0x000001b9d83d8800 7534       3       com.sun.xml.bind.v2.util.QNameMap::hash (36 bytes)
Event: 11.726 Thread 0x000001b9d83d8800 nmethod 7534 0x000001b9c39ca310 code [0x000001b9c39ca4c0, 0x000001b9c39ca608]
Event: 11.726 Thread 0x000001b9d83d8800 7533       3       com.sun.xml.bind.v2.runtime.Name::<init> (41 bytes)
Event: 11.727 Thread 0x000001b9d83d8800 nmethod 7533 0x000001b9c39ca710 code [0x000001b9c39ca8c0, 0x000001b9c39caaf8]
Event: 11.727 Thread 0x000001b9d83d8800 7537       3       com.sun.istack.FinalArrayList::<init> (5 bytes)
Event: 11.727 Thread 0x000001b9d83d8800 nmethod 7537 0x000001b9c39cac10 code [0x000001b9c39cade0, 0x000001b9c39cb0d8]
Event: 11.727 Thread 0x000001b9d83d8800 7535       1       com.sun.xml.bind.v2.runtime.property.PropertyImpl::hasSerializeURIAction (2 bytes)
Event: 11.727 Thread 0x000001b9d83d8800 nmethod 7535 0x000001b9ca3d8b90 code [0x000001b9ca3d8d40, 0x000001b9ca3d8df8]
Event: 11.727 Thread 0x000001b9d83d8800 7536       1       com.sun.xml.bind.v2.model.impl.TypeRefImpl::getDefaultValue (5 bytes)

GC Heap History (15 events):
Event: 0.545 GC heap before
{Heap before GC invocations=0 (full 0):
 garbage-first heap   total 260096K, used 29696K [0x00000000a0000000, 0x0000000100000000)
  region size 1024K, 24 young (24576K), 0 survivors (0K)
 Metaspace       used 10131K, capacity 10395K, committed 10624K, reserved 1058816K
  class space    used 1035K, capacity 1106K, committed 1152K, reserved 1048576K
}
Event: 0.548 GC heap after
{Heap after GC invocations=1 (full 0):
 garbage-first heap   total 260096K, used 9667K [0x00000000a0000000, 0x0000000100000000)
  region size 1024K, 3 young (3072K), 3 survivors (3072K)
 Metaspace       used 10131K, capacity 10395K, committed 10624K, reserved 1058816K
  class space    used 1035K, capacity 1106K, committed 1152K, reserved 1048576K
}
Event: 2.324 GC heap before
{Heap before GC invocations=1 (full 0):
 garbage-first heap   total 260096K, used 105923K [0x00000000a0000000, 0x0000000100000000)
  region size 1024K, 98 young (100352K), 3 survivors (3072K)
 Metaspace       used 20810K, capacity 21242K, committed 21296K, reserved 1069056K
  class space    used 2522K, capacity 2682K, committed 2688K, reserved 1048576K
}
Event: 2.331 GC heap after
{Heap after GC invocations=2 (full 0):
 garbage-first heap   total 260096K, used 17259K [0x00000000a0000000, 0x0000000100000000)
  region size 1024K, 11 young (11264K), 11 survivors (11264K)
 Metaspace       used 20810K, capacity 21242K, committed 21296K, reserved 1069056K
  class space    used 2522K, capacity 2682K, committed 2688K, reserved 1048576K
}
Event: 2.536 GC heap before
{Heap before GC invocations=3 (full 0):
 garbage-first heap   total 260096K, used 44907K [0x00000000a0000000, 0x0000000100000000)
  region size 1024K, 39 young (39936K), 11 survivors (11264K)
 Metaspace       used 23742K, capacity 24268K, committed 24444K, reserved 1071104K
  class space    used 2991K, capacity 3184K, committed 3276K, reserved 1048576K
}
Event: 2.542 GC heap after
{Heap after GC invocations=4 (full 0):
 garbage-first heap   total 260096K, used 18867K [0x00000000a0000000, 0x0000000100000000)
  region size 1024K, 2 young (2048K), 2 survivors (2048K)
 Metaspace       used 23742K, capacity 24268K, committed 24444K, reserved 1071104K
  class space    used 2991K, capacity 3184K, committed 3276K, reserved 1048576K
}
Event: 7.317 GC heap before
{Heap before GC invocations=4 (full 0):
 garbage-first heap   total 260096K, used 111027K [0x00000000a0000000, 0x0000000100000000)
  region size 1024K, 93 young (95232K), 2 survivors (2048K)
 Metaspace       used 35135K, capacity 35953K, committed 36048K, reserved 1081344K
  class space    used 4512K, capacity 4874K, committed 4940K, reserved 1048576K
}
Event: 7.326 GC heap after
{Heap after GC invocations=5 (full 0):
 garbage-first heap   total 260096K, used 22741K [0x00000000a0000000, 0x0000000100000000)
  region size 1024K, 6 young (6144K), 6 survivors (6144K)
 Metaspace       used 35135K, capacity 35953K, committed 36048K, reserved 1081344K
  class space    used 4512K, capacity 4874K, committed 4940K, reserved 1048576K
}
Event: 8.292 GC heap before
{Heap before GC invocations=6 (full 0):
 garbage-first heap   total 260096K, used 146645K [0x00000000a0000000, 0x0000000100000000)
  region size 1024K, 124 young (126976K), 6 survivors (6144K)
 Metaspace       used 46196K, capacity 47380K, committed 47696K, reserved 1091584K
  class space    used 5830K, capacity 6243K, committed 6348K, reserved 1048576K
}
Event: 8.309 GC heap after
{Heap after GC invocations=7 (full 0):
 garbage-first heap   total 260096K, used 30122K [0x00000000a0000000, 0x0000000100000000)
  region size 1024K, 13 young (13312K), 13 survivors (13312K)
 Metaspace       used 46196K, capacity 47380K, committed 47696K, reserved 1091584K
  class space    used 5830K, capacity 6243K, committed 6348K, reserved 1048576K
}
Event: 9.367 GC heap before
{Heap before GC invocations=8 (full 0):
 garbage-first heap   total 260096K, used 173482K [0x00000000a0000000, 0x0000000100000000)
  region size 1024K, 148 young (151552K), 13 survivors (13312K)
 Metaspace       used 55998K, capacity 57462K, committed 57680K, reserved 1099776K
  class space    used 7037K, capacity 7604K, committed 7628K, reserved 1048576K
}
Event: 9.379 GC heap after
{Heap after GC invocations=9 (full 0):
 garbage-first heap   total 260096K, used 45043K [0x00000000a0000000, 0x0000000100000000)
  region size 1024K, 19 young (19456K), 19 survivors (19456K)
 Metaspace       used 55998K, capacity 57462K, committed 57680K, reserved 1099776K
  class space    used 7037K, capacity 7604K, committed 7628K, reserved 1048576K
}
Event: 10.523 GC heap before
{Heap before GC invocations=9 (full 0):
 garbage-first heap   total 260096K, used 189427K [0x00000000a0000000, 0x0000000100000000)
  region size 1024K, 152 young (155648K), 19 survivors (19456K)
 Metaspace       used 65972K, capacity 67582K, committed 67792K, reserved 1107968K
  class space    used 8320K, capacity 8932K, committed 9036K, reserved 1048576K
}
Event: 10.538 GC heap after
{Heap after GC invocations=10 (full 0):
 garbage-first heap   total 260096K, used 54935K [0x00000000a0000000, 0x0000000100000000)
  region size 1024K, 11 young (11264K), 11 survivors (11264K)
 Metaspace       used 65972K, capacity 67582K, committed 67792K, reserved 1107968K
  class space    used 8320K, capacity 8932K, committed 9036K, reserved 1048576K
}
Event: 11.727 GC heap before
{Heap before GC invocations=10 (full 0):
 garbage-first heap   total 260096K, used 173719K [0x00000000a0000000, 0x0000000100000000)
  region size 1024K, 128 young (131072K), 11 survivors (11264K)
 Metaspace       used 77547K, capacity 79415K, committed 79496K, reserved 1118208K
  class space    used 10083K, capacity 10789K, committed 10828K, reserved 1048576K
}

Deoptimization events (20 events):
Event: 11.504 Thread 0x000001b9db33a800 Uncommon trap: trap_request=0xffffff4d fr.pc=0x000001b9ca1f7e14 relative=0x0000000000001cf4
Event: 11.504 Thread 0x000001b9db33a800 Uncommon trap: reason=unstable_if action=reinterpret pc=0x000001b9ca1f7e14 method=sun.nio.fs.WindowsPathParser.normalize(Ljava/lang/StringBuilder;Ljava/lang/String;I)Ljava/lang/String; @ 172 c2
Event: 11.504 Thread 0x000001b9db33a800 DEOPT PACKING pc=0x000001b9ca1f7e14 sp=0x000000370adf88c0
Event: 11.504 Thread 0x000001b9db33a800 DEOPT UNPACKING pc=0x000001b9c24aa1af sp=0x000000370adf88b0 mode 2
Event: 11.525 Thread 0x000001b9db33a800 Uncommon trap: trap_request=0xffffff4d fr.pc=0x000001b9c9f9dfa4 relative=0x0000000000001584
Event: 11.526 Thread 0x000001b9db33a800 Uncommon trap: reason=unstable_if action=reinterpret pc=0x000001b9c9f9dfa4 method=java.util.jar.JarFile.checkForSpecialAttributes()V @ 53 c2
Event: 11.526 Thread 0x000001b9db33a800 DEOPT PACKING pc=0x000001b9c9f9dfa4 sp=0x000000370adf9170
Event: 11.526 Thread 0x000001b9db33a800 DEOPT UNPACKING pc=0x000001b9c24aa1af sp=0x000000370adf9078 mode 2
Event: 11.531 Thread 0x000001b9db33a800 Uncommon trap: trap_request=0xffffff4d fr.pc=0x000001b9ca363088 relative=0x0000000000000248
Event: 11.531 Thread 0x000001b9db33a800 Uncommon trap: reason=unstable_if action=reinterpret pc=0x000001b9ca363088 method=java.util.StringTokenizer.scanToken(I)I @ 42 c2
Event: 11.531 Thread 0x000001b9db33a800 DEOPT PACKING pc=0x000001b9ca363088 sp=0x000000370adf88b0
Event: 11.531 Thread 0x000001b9db33a800 DEOPT UNPACKING pc=0x000001b9c24aa1af sp=0x000000370adf8840 mode 2
Event: 11.599 Thread 0x000001b9db33a800 Uncommon trap: trap_request=0xffffffde fr.pc=0x000001b9ca2ea6f4 relative=0x0000000000001974
Event: 11.599 Thread 0x000001b9db33a800 Uncommon trap: reason=class_check action=maybe_recompile pc=0x000001b9ca2ea6f4 method=java.lang.Class.createAnnotationData(I)Ljava/lang/Class$AnnotationData; @ 103 c2
Event: 11.599 Thread 0x000001b9db33a800 DEOPT PACKING pc=0x000001b9ca2ea6f4 sp=0x000000370adf7e60
Event: 11.599 Thread 0x000001b9db33a800 DEOPT UNPACKING pc=0x000001b9c24aa1af sp=0x000000370adf7ce8 mode 2
Event: 11.622 Thread 0x000001b9db33a800 Uncommon trap: trap_request=0xfffffff4 fr.pc=0x000001b9ca2ea888 relative=0x0000000000001b08
Event: 11.622 Thread 0x000001b9db33a800 Uncommon trap: reason=null_check action=make_not_entrant pc=0x000001b9ca2ea888 method=java.lang.Class.createAnnotationData(I)Ljava/lang/Class$AnnotationData; @ 14 c2
Event: 11.622 Thread 0x000001b9db33a800 DEOPT PACKING pc=0x000001b9ca2ea888 sp=0x000000370adf7630
Event: 11.622 Thread 0x000001b9db33a800 DEOPT UNPACKING pc=0x000001b9c24aa1af sp=0x000000370adf75e0 mode 2

Classes redefined (0 events):
No events

Internal exceptions (20 events):
Event: 10.543 Thread 0x000001b9db33a800 Exception <a 'java/lang/ClassNotFoundException'{0x00000000afc56820}: org/gradle/api/internal/file/CompositeFileTreeBeanInfo> (0x00000000afc56820) thrown at [src/hotspot/share/classfile/systemDictionary.cpp, line 230]
Event: 10.544 Thread 0x000001b9db33a800 Exception <a 'java/lang/ClassNotFoundException'{0x00000000afc8e058}: org/gradle/api/internal/file/CompositeFileCollectionBeanInfo> (0x00000000afc8e058) thrown at [src/hotspot/share/classfile/systemDictionary.cpp, line 230]
Event: 10.545 Thread 0x000001b9db33a800 Exception <a 'java/lang/ClassNotFoundException'{0x00000000afcc5608}: org/gradle/api/internal/file/AbstractFileCollectionBeanInfo> (0x00000000afcc5608) thrown at [src/hotspot/share/classfile/systemDictionary.cpp, line 230]
Event: 10.545 Thread 0x000001b9db33a800 Exception <a 'java/lang/ClassNotFoundException'{0x00000000afcfcd28}: org/gradle/api/internal/file/AbstractFileCollectionCustomizer> (0x00000000afcfcd28) thrown at [src/hotspot/share/classfile/systemDictionary.cpp, line 230]
Event: 10.546 Thread 0x000001b9db33a800 Exception <a 'java/lang/ClassNotFoundException'{0x00000000afb46b08}: org/gradle/api/internal/file/CompositeFileCollectionCustomizer> (0x00000000afb46b08) thrown at [src/hotspot/share/classfile/systemDictionary.cpp, line 230]
Event: 10.547 Thread 0x000001b9db33a800 Exception <a 'java/lang/ClassNotFoundException'{0x00000000afb844b8}: org/gradle/api/internal/file/CompositeFileTreeCustomizer> (0x00000000afb844b8) thrown at [src/hotspot/share/classfile/systemDictionary.cpp, line 230]
Event: 10.548 Thread 0x000001b9db33a800 Exception <a 'java/lang/ClassNotFoundException'{0x00000000afbcda08}: org/gradle/api/internal/file/collections/DefaultConfigurableFileTreeCustomizer> (0x00000000afbcda08) thrown at [src/hotspot/share/classfile/systemDictionary.cpp, line 230]
Event: 11.069 Thread 0x000001b9db33a800 Exception <a 'java/lang/ClassNotFoundException'{0x00000000acb76bf0}: com/android/build/gradle/internal/api/ApkVariantOutputImpl_DecoratedBeanInfo> (0x00000000acb76bf0) thrown at [src/hotspot/share/classfile/systemDictionary.cpp, line 230]
Event: 11.069 Thread 0x000001b9db33a800 Exception <a 'java/lang/ClassNotFoundException'{0x00000000acb935a8}: com/android/build/gradle/internal/api/ApkVariantOutputImplBeanInfo> (0x00000000acb935a8) thrown at [src/hotspot/share/classfile/systemDictionary.cpp, line 230]
Event: 11.069 Thread 0x000001b9db33a800 Exception <a 'java/lang/ClassNotFoundException'{0x00000000acbb0508}: com/android/build/gradle/internal/api/BaseVariantOutputImplBeanInfo> (0x00000000acbb0508) thrown at [src/hotspot/share/classfile/systemDictionary.cpp, line 230]
Event: 11.070 Thread 0x000001b9db33a800 Exception <a 'java/lang/ClassNotFoundException'{0x00000000acbcd4f0}: com/android/build/gradle/internal/api/BaseVariantOutputImplCustomizer> (0x00000000acbcd4f0) thrown at [src/hotspot/share/classfile/systemDictionary.cpp, line 230]
Event: 11.070 Thread 0x000001b9db33a800 Exception <a 'java/lang/ClassNotFoundException'{0x00000000acbfcb50}: com/android/build/gradle/internal/api/ApkVariantOutputImplCustomizer> (0x00000000acbfcb50) thrown at [src/hotspot/share/classfile/systemDictionary.cpp, line 230]
Event: 11.071 Thread 0x000001b9db33a800 Exception <a 'java/lang/ClassNotFoundException'{0x00000000aca28de0}: com/android/build/gradle/internal/api/ApkVariantOutputImpl_DecoratedCustomizer> (0x00000000aca28de0) thrown at [src/hotspot/share/classfile/systemDictionary.cpp, line 230]
Event: 11.080 Thread 0x000001b9db33a800 Exception <a 'java/lang/NoClassDefFoundError'{0x00000000ac98c280}: org/jetbrains/kotlin/gradle/plugin/KotlinBasePluginWrapper> (0x00000000ac98c280) thrown at [src/hotspot/share/classfile/systemDictionary.cpp, line 219]
Event: 11.115 Thread 0x000001b9db33a800 Implicit null exception at 0x000001b9ca1b5fb1 to 0x000001b9ca1b66a0
Event: 11.119 Thread 0x000001b9db33a800 Exception <a 'java/lang/NoSuchMethodError'{0x00000000ac6fac40}: 'void java.lang.invoke.DirectMethodHandle$Holder.invokeInterface(java.lang.Object, java.lang.Object)'> (0x00000000ac6fac40) thrown at [src/hotspot/share/interpreter/linkResolver.cpp, line 773]
Event: 11.355 Thread 0x000001b9db33a800 Exception <a 'java/lang/NoSuchMethodError'{0x00000000aaef1410}: 'java.lang.Object java.lang.invoke.Invokers$Holder.linkToTargetMethod(java.lang.Object, int, java.lang.Object)'> (0x00000000aaef1410) thrown at [src/hotspot/share/interpreter/linkResolver.cpp, line 773]
Event: 11.476 Thread 0x000001b9db33a800 Exception <a 'sun/nio/fs/WindowsException'{0x00000000aa3f2d48}> (0x00000000aa3f2d48) thrown at [src/hotspot/share/prims/jni.cpp, line 617]
Event: 11.560 Thread 0x000001b9db33a800 Exception <a 'java/lang/NullPointerException'{0x00000000a9809a38}> (0x00000000a9809a38) thrown at [src/hotspot/share/interpreter/linkResolver.cpp, line 1440]
Event: 11.622 Thread 0x000001b9db33a800 Implicit null exception at 0x000001b9ca2e8e6b to 0x000001b9ca2ea860

Events (20 events):
Event: 11.722 loading class com/sun/xml/bind/v2/runtime/Utils done
Event: 11.722 loading class com/sun/xml/bind/v2/runtime/Utils$1
Event: 11.722 loading class com/sun/xml/bind/v2/runtime/Utils$1 done
Event: 11.723 loading class javax/xml/bind/JAXBElement$GlobalScope
Event: 11.723 loading class javax/xml/bind/JAXBElement$GlobalScope done
Event: 11.723 loading class com/sun/xml/bind/v2/runtime/ElementBeanInfoImpl$1
Event: 11.723 loading class com/sun/xml/bind/v2/runtime/ElementBeanInfoImpl$1 done
Event: 11.724 loading class com/sun/xml/bind/v2/runtime/CompositeStructureBeanInfo
Event: 11.724 loading class com/sun/xml/bind/v2/runtime/CompositeStructureBeanInfo done
Event: 11.724 loading class com/sun/xml/bind/v2/runtime/property/UnmarshallerChain
Event: 11.724 loading class com/sun/xml/bind/v2/runtime/property/UnmarshallerChain done
Event: 11.725 loading class com/sun/xml/bind/v2/runtime/unmarshaller/StructureLoader$1
Event: 11.725 loading class com/sun/xml/bind/v2/runtime/unmarshaller/StructureLoader$1 done
Event: 11.725 loading class com/sun/xml/bind/v2/runtime/unmarshaller/ChildLoader
Event: 11.725 loading class com/sun/xml/bind/v2/runtime/unmarshaller/ChildLoader done
Event: 11.725 loading class com/sun/xml/bind/v2/runtime/property/ArrayERProperty$ReceiverImpl
Event: 11.725 loading class com/sun/xml/bind/v2/runtime/property/ArrayERProperty$ReceiverImpl done
Event: 11.727 loading class com/sun/xml/bind/v2/runtime/NameList
Event: 11.727 loading class com/sun/xml/bind/v2/runtime/NameList done
Event: 11.727 Executing VM operation: CollectForMetadataAllocation


Dynamic libraries:
0x00007ff776310000 - 0x00007ff77631a000 	C:\Program Files\Android\Android Studio\jbr\bin\java.exe
0x00007ffafb9f0000 - 0x00007ffafbbe8000 	C:\WINDOWS\SYSTEM32\ntdll.dll
0x00007ffaf9c30000 - 0x00007ffaf9cef000 	C:\WINDOWS\System32\KERNEL32.DLL
0x00007ffaf92b0000 - 0x00007ffaf958a000 	C:\WINDOWS\System32\KERNELBASE.dll
0x00007ffaf9590000 - 0x00007ffaf9690000 	C:\WINDOWS\System32\ucrtbase.dll
0x00007ffabb3f0000 - 0x00007ffabb407000 	C:\Program Files\Android\Android Studio\jbr\bin\jli.dll
0x00007ffabb3d0000 - 0x00007ffabb3eb000 	C:\Program Files\Android\Android Studio\jbr\bin\VCRUNTIME140.dll
0x00007ffae6e00000 - 0x00007ffae709a000 	C:\WINDOWS\WinSxS\amd64_microsoft.windows.common-controls_6595b64144ccf1df_6.0.19041.1110_none_60b5254171f9507e\COMCTL32.dll
0x00007ffafa270000 - 0x00007ffafa40d000 	C:\WINDOWS\System32\USER32.dll
0x00007ffaf9a50000 - 0x00007ffaf9aee000 	C:\WINDOWS\System32\msvcrt.dll
0x00007ffaf9830000 - 0x00007ffaf9852000 	C:\WINDOWS\System32\win32u.dll
0x00007ffafa4e0000 - 0x00007ffafa50b000 	C:\WINDOWS\System32\GDI32.dll
0x00007ffaf9860000 - 0x00007ffaf9970000 	C:\WINDOWS\System32\gdi32full.dll
0x00007ffaf9700000 - 0x00007ffaf979d000 	C:\WINDOWS\System32\msvcp_win.dll
0x00007ffafacb0000 - 0x00007ffaface0000 	C:\WINDOWS\System32\IMM32.DLL
0x00007ffaf4fe0000 - 0x00007ffaf4fec000 	C:\Program Files\Android\Android Studio\jbr\bin\vcruntime140_1.dll
0x00007ffa8b570000 - 0x00007ffa8b5fd000 	C:\Program Files\Android\Android Studio\jbr\bin\msvcp140.dll
0x00007ffa65f80000 - 0x00007ffa66b3c000 	C:\Program Files\Android\Android Studio\jbr\bin\server\jvm.dll
0x00007ffafa510000 - 0x00007ffafa5be000 	C:\WINDOWS\System32\ADVAPI32.dll
0x00007ffaf9cf0000 - 0x00007ffaf9d8c000 	C:\WINDOWS\System32\sechost.dll
0x00007ffafab80000 - 0x00007ffafaca6000 	C:\WINDOWS\System32\RPCRT4.dll
0x00007ffaf9ba0000 - 0x00007ffaf9ba8000 	C:\WINDOWS\System32\PSAPI.DLL
0x00007ffadaba0000 - 0x00007ffadaba9000 	C:\WINDOWS\SYSTEM32\WSOCK32.dll
0x00007ffaeeb40000 - 0x00007ffaeeb67000 	C:\WINDOWS\SYSTEM32\WINMM.dll
0x00007ffaf0d70000 - 0x00007ffaf0d7a000 	C:\WINDOWS\SYSTEM32\VERSION.dll
0x00007ffafa410000 - 0x00007ffafa47b000 	C:\WINDOWS\System32\WS2_32.dll
0x00007ffaf6fc0000 - 0x00007ffaf6fd2000 	C:\WINDOWS\SYSTEM32\kernel.appcore.dll
0x00007ffad4b80000 - 0x00007ffad4b90000 	C:\Program Files\Android\Android Studio\jbr\bin\verify.dll
0x00007ffaec560000 - 0x00007ffaec744000 	C:\WINDOWS\SYSTEM32\DBGHELP.DLL
0x00007ffae33a0000 - 0x00007ffae33d4000 	C:\WINDOWS\SYSTEM32\dbgcore.DLL
0x00007ffaf97a0000 - 0x00007ffaf9822000 	C:\WINDOWS\System32\bcryptPrimitives.dll
0x00007ffaad940000 - 0x00007ffaad968000 	C:\Program Files\Android\Android Studio\jbr\bin\java.dll
0x00007ffac66f0000 - 0x00007ffac66fa000 	C:\Program Files\Android\Android Studio\jbr\bin\jimage.dll
0x00007ffaad920000 - 0x00007ffaad938000 	C:\Program Files\Android\Android Studio\jbr\bin\zip.dll
0x00007ffaface0000 - 0x00007ffafb424000 	C:\WINDOWS\System32\SHELL32.dll
0x00007ffaf71c0000 - 0x00007ffaf7953000 	C:\WINDOWS\SYSTEM32\windows.storage.dll
0x00007ffaf9f10000 - 0x00007ffafa264000 	C:\WINDOWS\System32\combase.dll
0x00007ffaf8b60000 - 0x00007ffaf8b8e000 	C:\WINDOWS\SYSTEM32\Wldp.dll
0x00007ffaf9af0000 - 0x00007ffaf9b9d000 	C:\WINDOWS\System32\SHCORE.dll
0x00007ffafa480000 - 0x00007ffafa4d5000 	C:\WINDOWS\System32\shlwapi.dll
0x00007ffaf9040000 - 0x00007ffaf905f000 	C:\WINDOWS\SYSTEM32\profapi.dll
0x00007ffaad900000 - 0x00007ffaad919000 	C:\Program Files\Android\Android Studio\jbr\bin\net.dll
0x00007ffaf1fd0000 - 0x00007ffaf20da000 	C:\WINDOWS\SYSTEM32\WINHTTP.dll
0x00007ffaf88c0000 - 0x00007ffaf892a000 	C:\WINDOWS\system32\mswsock.dll
0x00007ffaad8e0000 - 0x00007ffaad8f3000 	C:\Program Files\Android\Android Studio\jbr\bin\nio.dll
0x00007ffade170000 - 0x00007ffade197000 	C:\Users\User\.gradle\native\e1d6ef7f7dcc3fd88c89a11ec53ec762bb8ba0a96d01ffa2cd45eb1d1d8dd5c5\windows-amd64\native-platform.dll
0x00007ffa8a7b0000 - 0x00007ffa8a8f4000 	C:\Users\User\.gradle\native\0d407fdbe67a94daf76414ababcb853783967236a71b16ec16e742cd7a986fd3\windows-amd64\native-platform-file-events.dll
0x00007ffab7f30000 - 0x00007ffab7f3a000 	C:\Program Files\Android\Android Studio\jbr\bin\management.dll
0x00007ffaafe80000 - 0x00007ffaafe8b000 	C:\Program Files\Android\Android Studio\jbr\bin\management_ext.dll
0x00007ffaf8ab0000 - 0x00007ffaf8ac8000 	C:\WINDOWS\SYSTEM32\CRYPTSP.dll
0x00007ffaf8170000 - 0x00007ffaf81a4000 	C:\WINDOWS\system32\rsaenh.dll
0x00007ffaf9a20000 - 0x00007ffaf9a47000 	C:\WINDOWS\System32\bcrypt.dll
0x00007ffaf9000000 - 0x00007ffaf902e000 	C:\WINDOWS\SYSTEM32\USERENV.dll
0x00007ffaf8ad0000 - 0x00007ffaf8adc000 	C:\WINDOWS\SYSTEM32\CRYPTBASE.dll
0x00007ffaf8560000 - 0x00007ffaf859c000 	C:\WINDOWS\SYSTEM32\IPHLPAPI.DLL
0x00007ffaf9c20000 - 0x00007ffaf9c28000 	C:\WINDOWS\System32\NSI.dll
0x00007ffaf0d50000 - 0x00007ffaf0d67000 	C:\WINDOWS\SYSTEM32\dhcpcsvc6.DLL
0x00007ffaf0de0000 - 0x00007ffaf0dfd000 	C:\WINDOWS\SYSTEM32\dhcpcsvc.DLL
0x00007ffaf85b0000 - 0x00007ffaf867b000 	C:\WINDOWS\SYSTEM32\DNSAPI.dll

dbghelp: loaded successfully - version: 4.0.5 - missing functions: none
symbol engine: initialized successfully - sym options: 0x614 - pdb path: .;C:\Program Files\Android\Android Studio\jbr\bin;C:\WINDOWS\SYSTEM32;C:\WINDOWS\WinSxS\amd64_microsoft.windows.common-controls_6595b64144ccf1df_6.0.19041.1110_none_60b5254171f9507e;C:\Program Files\Android\Android Studio\jbr\bin\server;C:\Users\User\.gradle\native\e1d6ef7f7dcc3fd88c89a11ec53ec762bb8ba0a96d01ffa2cd45eb1d1d8dd5c5\windows-amd64;C:\Users\User\.gradle\native\0d407fdbe67a94daf76414ababcb853783967236a71b16ec16e742cd7a986fd3\windows-amd64

VM Arguments:
jvm_args: --add-opens=java.base/java.util=ALL-UNNAMED --add-opens=java.base/java.lang=ALL-UNNAMED --add-opens=java.base/java.lang.invoke=ALL-UNNAMED --add-opens=java.base/java.util=ALL-UNNAMED --add-opens=java.prefs/java.util.prefs=ALL-UNNAMED --add-opens=java.prefs/java.util.prefs=ALL-UNNAMED --add-opens=java.base/java.nio.charset=ALL-UNNAMED --add-opens=java.base/java.net=ALL-UNNAMED --add-opens=java.base/java.util.concurrent.atomic=ALL-UNNAMED -Xmx1536m -Dfile.encoding=x-windows-950 -Duser.country=TW -Duser.language=zh -Duser.variant 
java_command: org.gradle.launcher.daemon.bootstrap.GradleDaemon 7.4
java_class_path (initial): C:\Users\User\.gradle\wrapper\dists\gradle-7.4-bin\c0gwcg53nkjbqw7r0h0umtfvt\gradle-7.4\lib\gradle-launcher-7.4.jar
Launcher Type: SUN_STANDARD

[Global flags]
     intx CICompilerCount                          = 4                                         {product} {ergonomic}
     uint ConcGCThreads                            = 2                                         {product} {ergonomic}
     uint G1ConcRefinementThreads                  = 8                                         {product} {ergonomic}
   size_t G1HeapRegionSize                         = 1048576                                   {product} {ergonomic}
    uintx GCDrainStackTargetSize                   = 64                                        {product} {ergonomic}
   size_t InitialHeapSize                          = 266338304                                 {product} {ergonomic}
   size_t MarkStackSize                            = 4194304                                   {product} {ergonomic}
   size_t MaxHeapSize                              = 1610612736                                {product} {command line}
   size_t MaxNewSize                               = 965738496                                 {product} {ergonomic}
   size_t MinHeapDeltaBytes                        = 1048576                                   {product} {ergonomic}
    uintx NonNMethodCodeHeapSize                   = 5836300                                {pd product} {ergonomic}
    uintx NonProfiledCodeHeapSize                  = 122910970                              {pd product} {ergonomic}
    uintx ProfiledCodeHeapSize                     = 122910970                              {pd product} {ergonomic}
    uintx ReservedCodeCacheSize                    = 251658240                              {pd product} {ergonomic}
     bool SegmentedCodeCache                       = true                                      {product} {ergonomic}
     bool UseCompressedClassPointers               = true                                 {lp64_product} {ergonomic}
     bool UseCompressedOops                        = true                                 {lp64_product} {ergonomic}
     bool UseG1GC                                  = true                                      {product} {ergonomic}
     bool UseLargePagesIndividualAllocation        = false                                  {pd product} {ergonomic}

Logging:
Log output configuration:
 #0: stdout all=warning uptime,level,tags
 #1: stderr all=off uptime,level,tags

Environment Variables:
JAVA_HOME=C:\Program Files\Java\jdk1.8.0_291
CLASSPATH=C:\Program Files\Java\jdk1.8.0_291\lib\dt.jar;C:\Program Files\Java\jdk1.8.0_291\lib\tools.jar
PATH=C:\Program Files (x86)\Common Files\Oracle\Java\javapath;C:\oraclexe\app\oracle\product\11.2.0\server\bin;C:\Windows\system32;C:\Windows;C:\Windows\System32\Wbem;C:\Windows\System32\WindowsPowerShell\v1.0\;C:\Windows\System32\OpenSSH\;C:\Program Files (x86)\NVIDIA Corporation\PhysX\Common;C:\Program Files\NVIDIA Corporation\NVIDIA NvDLISR;C:\Program Files\PuTTY\;C:\WINDOWS\system32;C:\WINDOWS;C:\WINDOWS\System32\Wbem;C:\WINDOWS\System32\WindowsPowerShell\v1.0\;C:\WINDOWS\System32\OpenSSH\;C:\Program Files (x86)\Microsoft SQL Server\150\DTS\Binn\;C:\Program Files\Azure Data Studio\bin;C:\Program Files (x86)\Windows Kits\10\Windows Performance Toolkit\;C:\Program Files\maven\apache-maven-3.8.1\bin;C:\Program Files\Java\jdk1.8.0_291\bin\;C:\Program Files\Java\jdk1.8.0_291\jre\bin\;C:\Program Files\dotnet\;C:\Program Files\Git\cmd;C:\Users\User\AppData\Local\Microsoft\WindowsApps;C:\Users\User\AppData\Local\Programs\Microsoft VS Code\bin;C:\Program Files\OpenSSL-Win64\bin
USERNAME=User
OS=Windows_NT
PROCESSOR_IDENTIFIER=Intel64 Family 6 Model 165 Stepping 2, GenuineIntel



---------------  S Y S T E M  ---------------

OS: Windows 10 , 64 bit Build 19041 (10.0.19041.2788)
OS uptime: 4 days 19:53 hours

CPU:total 8 (initial active 8) (4 cores per cpu, 2 threads per core) family 6 model 165 stepping 2 microcode 0xe2, cmov, cx8, fxsr, mmx, sse, sse2, sse3, ssse3, sse4.1, sse4.2, popcnt, avx, avx2, aes, clmul, erms, 3dnowpref, lzcnt, ht, tsc, tscinvbit, bmi1, bmi2, adx, fma

Memory: 4k page, system-wide physical 16204M (1234M free)
TotalPageFile size 65356M (AvailPageFile size 9M)
current process WorkingSet (physical memory assigned to process): 470M, peak: 473M
current process commit charge ("private bytes"): 547M, peak: 551M

vm_info: OpenJDK 64-Bit Server VM (11.0.15+0-b2043.56-9505619) for windows-amd64 JRE (11.0.15+0-b2043.56-9505619), built on Jan 19 2023 02:48:00 by "builduser" with unknown MS VC++:1929

END.
